{"risc0_gh_branch":null,"risc0_path":"/opt/actions-runner/_work/risc0/risc0","fast_mode":false,"profiles":[{"name":"bytes","version":"1.4.0","std":false,"custom_main":null,"import_str":null,"run_prover":false,"should_fail":false,"inject_cc_flags":false,"crossbeam_patch":false,"results":{"status":"Success","build_errors":null},"customized":false},{"name":"hyper","version":"0.14.27","std":true,"custom_main":null,"import_str":null,"run_prover":false,"should_fail":false,"inject_cc_flags":false,"crossbeam_patch":false,"results":{"status":"Success","build_errors":null},"customized":true},{"name":"lazy_static","version":"1.1.1","std":true,"custom_main":"assert_eq!(*EXAMPLE, 42);","import_str":"use lazy_static::lazy_static;\nlazy_static! {\n\tstatic ref EXAMPLE: u8 = 42;\n}","run_prover":true,"should_fail":false,"inject_cc_flags":false,"crossbeam_patch":false,"results":{"status":"Success","build_errors":null},"customized":true},{"name":"percent-encoding","version":"2.3.0","std":false,"custom_main":null,"import_str":null,"run_prover":false,"should_fail":false,"inject_cc_flags":false,"crossbeam_patch":false,"results":{"status":"Success","build_errors":null},"customized":false},{"name":"getrandom","version":"0.2.10","std":false,"custom_main":null,"import_str":null,"run_prover":false,"should_fail":false,"inject_cc_flags":false,"crossbeam_patch":false,"results":{"status":"Success","build_errors":null},"customized":false},{"name":"rand","version":"0.8.5","std":true,"custom_main":null,"import_str":null,"run_prover":false,"should_fail":false,"inject_cc_flags":false,"crossbeam_patch":false,"results":{"status":"Success","build_errors":null},"customized":true},{"name":"ppv-lite86","version":"0.2.17","std":false,"custom_main":null,"import_str":null,"run_prover":false,"should_fail":false,"inject_cc_flags":false,"crossbeam_patch":false,"results":{"status":"Success","build_errors":null},"customized":false},{"name":"sha3","version":"0.10.8","std":true,"custom_main":null,"import_str":null,"run_prover":false,"should_fail":false,"inject_cc_flags":false,"crossbeam_patch":false,"results":{"status":"Success","build_errors":null},"customized":true},{"name":"ruint","version":"1.10.1","std":false,"custom_main":null,"import_str":null,"run_prover":false,"should_fail":false,"inject_cc_flags":false,"crossbeam_patch":false,"results":{"status":"Success","build_errors":null},"customized":false},{"name":"openssl","version":"0.10.57","std":true,"custom_main":null,"import_str":null,"run_prover":false,"should_fail":false,"inject_cc_flags":false,"crossbeam_patch":false,"results":{"status":"BuildFail","build_errors":"method_name: Starting build for riscv32im-risc0-zkvm-elf\nmethod_name:     Updating crates.io index\nmethod_name:    Compiling libc v0.2.147\nmethod_name:    Compiling vcpkg v0.2.15\nmethod_name:    Compiling pkg-config v0.3.27\nmethod_name:    Compiling openssl v0.10.57\nmethod_name:    Compiling foreign-types-shared v0.1.1\nmethod_name:    Compiling bitflags v2.4.0\nmethod_name:    Compiling openssl-macros v0.1.1\nmethod_name:    Compiling foreign-types v0.3.2\nmethod_name:    Compiling cc v1.0.83\nmethod_name:    Compiling openssl-sys v0.9.92\nmethod_name: error: failed to run custom build command for `openssl-sys v0.9.92`\nmethod_name: \nmethod_name: Caused by:\nmethod_name:   process didn't exit successfully: `/tmp/.tmpzcakNp/template_project/target/riscv-guest/release/build/openssl-sys-bcfb1543df2ac526/build-script-main` (exit status: 101)\nmethod_name:   --- stdout\nmethod_name:   cargo:rerun-if-env-changed=RISCV32IM_RISC0_ZKVM_ELF_OPENSSL_LIB_DIR\nmethod_name:   RISCV32IM_RISC0_ZKVM_ELF_OPENSSL_LIB_DIR unset\nmethod_name:   cargo:rerun-if-env-changed=OPENSSL_LIB_DIR\nmethod_name:   OPENSSL_LIB_DIR unset\nmethod_name:   cargo:rerun-if-env-changed=RISCV32IM_RISC0_ZKVM_ELF_OPENSSL_INCLUDE_DIR\nmethod_name:   RISCV32IM_RISC0_ZKVM_ELF_OPENSSL_INCLUDE_DIR unset\nmethod_name:   cargo:rerun-if-env-changed=OPENSSL_INCLUDE_DIR\nmethod_name:   OPENSSL_INCLUDE_DIR unset\nmethod_name:   cargo:rerun-if-env-changed=RISCV32IM_RISC0_ZKVM_ELF_OPENSSL_DIR\nmethod_name:   RISCV32IM_RISC0_ZKVM_ELF_OPENSSL_DIR unset\nmethod_name:   cargo:rerun-if-env-changed=OPENSSL_DIR\nmethod_name:   OPENSSL_DIR unset\nmethod_name:   cargo:rerun-if-env-changed=OPENSSL_NO_PKG_CONFIG\nmethod_name:   cargo:rerun-if-env-changed=PKG_CONFIG_ALLOW_CROSS_riscv32im-risc0-zkvm-elf\nmethod_name:   cargo:rerun-if-env-changed=PKG_CONFIG_ALLOW_CROSS_riscv32im_risc0_zkvm_elf\nmethod_name:   cargo:rerun-if-env-changed=TARGET_PKG_CONFIG_ALLOW_CROSS\nmethod_name:   cargo:rerun-if-env-changed=PKG_CONFIG_ALLOW_CROSS\nmethod_name:   cargo:rerun-if-env-changed=PKG_CONFIG_riscv32im-risc0-zkvm-elf\nmethod_name:   cargo:rerun-if-env-changed=PKG_CONFIG_riscv32im_risc0_zkvm_elf\nmethod_name:   cargo:rerun-if-env-changed=TARGET_PKG_CONFIG\nmethod_name:   cargo:rerun-if-env-changed=PKG_CONFIG\nmethod_name:   cargo:rerun-if-env-changed=PKG_CONFIG_SYSROOT_DIR_riscv32im-risc0-zkvm-elf\nmethod_name:   cargo:rerun-if-env-changed=PKG_CONFIG_SYSROOT_DIR_riscv32im_risc0_zkvm_elf\nmethod_name:   cargo:rerun-if-env-changed=TARGET_PKG_CONFIG_SYSROOT_DIR\nmethod_name:   cargo:rerun-if-env-changed=PKG_CONFIG_SYSROOT_DIR\nmethod_name:   run pkg_config fail: pkg-config has not been configured to support cross-compilation.\nmethod_name: \nmethod_name:   Install a sysroot for the target platform and configure it via\nmethod_name:   PKG_CONFIG_SYSROOT_DIR and PKG_CONFIG_PATH, or install a\nmethod_name:   cross-compiling wrapper for pkg-config and set it via\nmethod_name:   PKG_CONFIG environment variable.\nmethod_name: \nmethod_name:   --- stderr\nmethod_name:   thread 'main' panicked at '\nmethod_name: \nmethod_name:   Could not find directory of OpenSSL installation, and this `-sys` crate cannot\nmethod_name:   proceed without this knowledge. If OpenSSL is installed and this crate had\nmethod_name:   trouble finding it,  you can set the `OPENSSL_DIR` environment variable for the\nmethod_name:   compilation process.\nmethod_name: \nmethod_name:   Make sure you also have the development packages of openssl installed.\nmethod_name:   For example, `libssl-dev` on Ubuntu or `openssl-devel` on Fedora.\nmethod_name: \nmethod_name:   If you're in a situation where you think the directory *should* be found\nmethod_name:   automatically, please open a bug at https://github.com/sfackler/rust-openssl\nmethod_name:   and include information about your system as well as this message.\nmethod_name: \nmethod_name:   $HOST = x86_64-unknown-linux-gnu\nmethod_name:   $TARGET = riscv32im-risc0-zkvm-elf\nmethod_name:   openssl-sys = 0.9.92\nmethod_name: \nmethod_name:   ', /home/ubuntu/.cargo/registry/src/index.crates.io-6f17d22bba15001f/openssl-sys-0.9.92/build/find_normal.rs:190:5\nmethod_name:   note: run with `RUST_BACKTRACE=1` environment variable to display a backtrace\n"},"customized":true},{"name":"libc","version":"0.2.147","std":false,"custom_main":null,"import_str":null,"run_prover":false,"should_fail":false,"inject_cc_flags":false,"crossbeam_patch":false,"results":{"status":"Success","build_errors":null},"customized":false},{"name":"heck","version":"0.4.1","std":false,"custom_main":null,"import_str":null,"run_prover":false,"should_fail":false,"inject_cc_flags":false,"crossbeam_patch":false,"results":{"status":"Success","build_errors":null},"customized":false},{"name":"once_cell","version":"1.18.0","std":false,"custom_main":null,"import_str":null,"run_prover":false,"should_fail":false,"inject_cc_flags":false,"crossbeam_patch":false,"results":{"status":"Success","build_errors":null},"customized":false},{"name":"serde_derive","version":"1.0.188","std":false,"custom_main":null,"import_str":null,"run_prover":false,"should_fail":false,"inject_cc_flags":false,"crossbeam_patch":false,"results":{"status":"Success","build_errors":null},"customized":false},{"name":"pkg-config","version":"0.3.27","std":false,"custom_main":null,"import_str":null,"run_prover":false,"should_fail":false,"inject_cc_flags":false,"crossbeam_patch":false,"results":{"status":"Success","build_errors":null},"customized":false},{"name":"httparse","version":"1.8.0","std":false,"custom_main":null,"import_str":null,"run_prover":false,"should_fail":false,"inject_cc_flags":false,"crossbeam_patch":false,"results":{"status":"Success","build_errors":null},"customized":false},{"name":"regex-syntax","version":"0.7.5","std":false,"custom_main":null,"import_str":null,"run_prover":false,"should_fail":false,"inject_cc_flags":false,"crossbeam_patch":false,"results":{"status":"Success","build_errors":null},"customized":false},{"name":"rustc_version","version":"0.4.0","std":false,"custom_main":null,"import_str":null,"run_prover":false,"should_fail":false,"inject_cc_flags":false,"crossbeam_patch":false,"results":{"status":"Success","build_errors":null},"customized":false},{"name":"generic-array","version":"0.14.7","std":false,"custom_main":null,"import_str":null,"run_prover":false,"should_fail":false,"inject_cc_flags":false,"crossbeam_patch":false,"results":{"status":"Success","build_errors":null},"customized":false},{"name":"cfg-if","version":"1.0.0","std":false,"custom_main":null,"import_str":null,"run_prover":false,"should_fail":false,"inject_cc_flags":false,"crossbeam_patch":false,"results":{"status":"Success","build_errors":null},"customized":false},{"name":"chrono","version":"0.4.27","std":false,"custom_main":null,"import_str":null,"run_prover":false,"should_fail":false,"inject_cc_flags":false,"crossbeam_patch":false,"results":{"status":"BuildFail","build_errors":"method_name: Starting build for riscv32im-risc0-zkvm-elf\nmethod_name:     Updating crates.io index\nmethod_name:  Downloading crates ...\nmethod_name:   Downloaded iana-time-zone v0.1.57\nmethod_name:   Downloaded chrono v0.4.28\nmethod_name:    Compiling autocfg v1.1.0\nmethod_name:    Compiling time v0.1.45\nmethod_name: error[E0432]: unresolved import `self::inner`\nmethod_name:  --> /home/ubuntu/.cargo/registry/src/index.crates.io-6f17d22bba15001f/time-0.1.45/src/sys.rs:3:15\nmethod_name:   |\nmethod_name: 3 | pub use self::inner::*;\nmethod_name:   |               ^^^^^ could not find `inner` in `self`\nmethod_name: \nmethod_name: error[E0433]: failed to resolve: could not find `SteadyTime` in `sys`\nmethod_name:    --> /home/ubuntu/.cargo/registry/src/index.crates.io-6f17d22bba15001f/time-0.1.45/src/lib.rs:250:25\nmethod_name:     |\nmethod_name: 250 |         SteadyTime(sys::SteadyTime::now())\nmethod_name:     |                         ^^^^^^^^^^ could not find `SteadyTime` in `sys`\nmethod_name: \nmethod_name: error[E0425]: cannot find function `get_time` in module `sys`\nmethod_name:    --> /home/ubuntu/.cargo/registry/src/index.crates.io-6f17d22bba15001f/time-0.1.45/src/lib.rs:152:28\nmethod_name:     |\nmethod_name: 152 |     let (sec, nsec) = sys::get_time();\nmethod_name:     |                            ^^^^^^^^ not found in `sys`\nmethod_name: \nmethod_name: error[E0425]: cannot find function `get_precise_ns` in module `sys`\nmethod_name:    --> /home/ubuntu/.cargo/registry/src/index.crates.io-6f17d22bba15001f/time-0.1.45/src/lib.rs:163:10\nmethod_name:     |\nmethod_name: 163 |     sys::get_precise_ns()\nmethod_name:     |          ^^^^^^^^^^^^^^ not found in `sys`\nmethod_name: \nmethod_name: error[E0412]: cannot find type `SteadyTime` in module `sys`\nmethod_name:    --> /home/ubuntu/.cargo/registry/src/index.crates.io-6f17d22bba15001f/time-0.1.45/src/lib.rs:245:28\nmethod_name:     |\nmethod_name: 245 | pub struct SteadyTime(sys::SteadyTime);\nmethod_name:     |                            ^^^^^^^^^^ not found in `sys`\nmethod_name: \nmethod_name: error[E0425]: cannot find function `time_to_utc_tm` in module `sys`\nmethod_name:    --> /home/ubuntu/.cargo/registry/src/index.crates.io-6f17d22bba15001f/time-0.1.45/src/lib.rs:407:10\nmethod_name:     |\nmethod_name: 407 |     sys::time_to_utc_tm(sec, &mut tm);\nmethod_name:     |          ^^^^^^^^^^^^^^ not found in `sys`\nmethod_name: \nmethod_name: error[E0425]: cannot find function `time_to_local_tm` in module `sys`\nmethod_name:    --> /home/ubuntu/.cargo/registry/src/index.crates.io-6f17d22bba15001f/time-0.1.45/src/lib.rs:421:10\nmethod_name:     |\nmethod_name: 421 |     sys::time_to_local_tm(sec, &mut tm);\nmethod_name:     |          ^^^^^^^^^^^^^^^^ not found in `sys`\nmethod_name: \nmethod_name: error[E0425]: cannot find function `utc_tm_to_time` in module `sys`\nmethod_name:    --> /home/ubuntu/.cargo/registry/src/index.crates.io-6f17d22bba15001f/time-0.1.45/src/lib.rs:435:23\nmethod_name:     |\nmethod_name: 435 |             0 => sys::utc_tm_to_time(self),\nmethod_name:     |                       ^^^^^^^^^^^^^^ not found in `sys`\nmethod_name: \nmethod_name: error[E0425]: cannot find function `local_tm_to_time` in module `sys`\nmethod_name:    --> /home/ubuntu/.cargo/registry/src/index.crates.io-6f17d22bba15001f/time-0.1.45/src/lib.rs:436:23\nmethod_name:     |\nmethod_name: 436 |             _ => sys::local_tm_to_time(self)\nmethod_name:     |                       ^^^^^^^^^^^^^^^^ not found in `sys`\nmethod_name: \nmethod_name: Some errors have detailed explanations: E0412, E0425, E0432, E0433.\nmethod_name: For more information about an error, try `rustc --explain E0412`.\nmethod_name: error: could not compile `time` (lib) due to 9 previous errors\nmethod_name: warning: build failed, waiting for other jobs to finish...\n"},"customized":false},{"name":"alloy-rlp","version":"0.3.2","std":false,"custom_main":null,"import_str":null,"run_prover":false,"should_fail":false,"inject_cc_flags":false,"crossbeam_patch":false,"results":{"status":"Success","build_errors":null},"customized":false},{"name":"serde","version":"1.0.188","std":true,"custom_main":null,"import_str":null,"run_prover":false,"should_fail":false,"inject_cc_flags":false,"crossbeam_patch":false,"results":{"status":"Success","build_errors":null},"customized":true},{"name":"thiserror-impl","version":"1.0.47","std":false,"custom_main":null,"import_str":null,"run_prover":false,"should_fail":false,"inject_cc_flags":false,"crossbeam_patch":false,"results":{"status":"Success","build_errors":null},"customized":false},{"name":"futures-sink","version":"0.3.28","std":false,"custom_main":null,"import_str":null,"run_prover":false,"should_fail":false,"inject_cc_flags":false,"crossbeam_patch":false,"results":{"status":"Success","build_errors":null},"customized":false},{"name":"unicode-width","version":"0.1.10","std":false,"custom_main":null,"import_str":null,"run_prover":false,"should_fail":false,"inject_cc_flags":false,"crossbeam_patch":false,"results":{"status":"Success","build_errors":null},"customized":false},{"name":"parking_lot","version":"0.12.1","std":false,"custom_main":null,"import_str":null,"run_prover":false,"should_fail":false,"inject_cc_flags":false,"crossbeam_patch":false,"results":{"status":"Success","build_errors":null},"customized":false},{"name":"futures-channel","version":"0.3.28","std":false,"custom_main":null,"import_str":null,"run_prover":false,"should_fail":false,"inject_cc_flags":false,"crossbeam_patch":false,"results":{"status":"Success","build_errors":null},"customized":false},{"name":"crossbeam-utils","version":"0.8.16","std":false,"custom_main":null,"import_str":null,"run_prover":false,"should_fail":false,"inject_cc_flags":false,"crossbeam_patch":false,"results":{"status":"Success","build_errors":null},"customized":false},{"name":"clap","version":"4.4.1","std":true,"custom_main":null,"import_str":null,"run_prover":false,"should_fail":false,"inject_cc_flags":false,"crossbeam_patch":false,"results":{"status":"BuildFail","build_errors":"method_name: Starting build for riscv32im-risc0-zkvm-elf\nmethod_name:     Updating crates.io index\nmethod_name:  Downloading crates ...\nmethod_name:   Downloaded anstream v0.5.0\nmethod_name:   Downloaded clap_lex v0.5.1\nmethod_name:   Downloaded clap v4.4.2\nmethod_name:   Downloaded clap_builder v4.4.2\nmethod_name: error: package `clap_builder v4.4.2` cannot be built because it requires rustc 1.70.0 or newer, while the currently active rustc version is 1.69.0-dev\nmethod_name: Either upgrade to rustc 1.70.0 or newer, or use\nmethod_name: cargo update -p clap_builder@4.4.2 --precise ver\nmethod_name: where `ver` is the latest version of `clap_builder` supporting rustc 1.69.0-dev\n"},"customized":true},{"name":"anyhow","version":"1.0.75","std":true,"custom_main":null,"import_str":null,"run_prover":false,"should_fail":false,"inject_cc_flags":false,"crossbeam_patch":false,"results":{"status":"Success","build_errors":null},"customized":true},{"name":"k256","version":"0.13.1","std":true,"custom_main":null,"import_str":null,"run_prover":false,"should_fail":false,"inject_cc_flags":false,"crossbeam_patch":false,"results":{"status":"Success","build_errors":null},"customized":true},{"name":"tfhe","version":"0.3.1","std":false,"custom_main":null,"import_str":null,"run_prover":false,"should_fail":false,"inject_cc_flags":false,"crossbeam_patch":false,"results":{"status":"BuildFail","build_errors":"method_name: Starting build for riscv32im-risc0-zkvm-elf\nmethod_name:     Updating crates.io index\nmethod_name:  Downloading crates ...\nmethod_name:   Downloaded inout v0.1.3\nmethod_name:   Downloaded cipher v0.4.4\nmethod_name:   Downloaded reborrow v0.5.4\nmethod_name:   Downloaded aes v0.8.3\nmethod_name:   Downloaded aligned-vec v0.5.0\nmethod_name:   Downloaded concrete-csprng v0.3.0\nmethod_name:   Downloaded pulp v0.11.11\nmethod_name:   Downloaded dyn-stack v0.9.0\nmethod_name:   Downloaded concrete-fft v0.2.1\nmethod_name:   Downloaded tfhe v0.3.1\nmethod_name:    Compiling memoffset v0.9.0\nmethod_name:    Compiling crossbeam-epoch v0.9.15\nmethod_name:    Compiling num-traits v0.2.16\nmethod_name:    Compiling rayon-core v1.11.0\nmethod_name:    Compiling either v1.9.0\nmethod_name:    Compiling reborrow v0.5.4\nmethod_name:    Compiling concrete-csprng v0.3.0\nmethod_name:    Compiling tfhe v0.3.1\nmethod_name:    Compiling crossbeam-channel v0.5.8\nmethod_name:    Compiling num_cpus v1.16.0\nmethod_name:    Compiling inout v0.1.3\nmethod_name:    Compiling aligned-vec v0.5.0\nmethod_name:    Compiling pulp v0.11.11\nmethod_name:    Compiling risc0-zkp v0.17.0 (/opt/actions-runner/_work/risc0/risc0/risc0/zkp)\nmethod_name:    Compiling dyn-stack v0.9.0\nmethod_name:    Compiling cipher v0.4.4\nmethod_name:    Compiling itertools v0.10.5\nmethod_name:    Compiling aes v0.8.3\nmethod_name:    Compiling crossbeam-deque v0.8.3\nmethod_name:    Compiling risc0-zkvm v0.17.0 (/opt/actions-runner/_work/risc0/risc0/risc0/zkvm)\nmethod_name: error[E0152]: found duplicate lang item `panic_impl`\nmethod_name:    --> /opt/actions-runner/_work/risc0/risc0/risc0/zkvm/src/guest/mod.rs:116:5\nmethod_name:     |\nmethod_name: 116 |     fn panic_fault(panic_info: &PanicInfo) -> ! {\nmethod_name:     |     ^^^^^^^^^^^^^^^^^^^^^^^^^^^^^^^^^^^^^^^^^^^\nmethod_name:     |\nmethod_name:     = note: the lang item is first defined in crate `std` (which `serde` depends on)\nmethod_name:     = note: first definition in `std` loaded from /home/ubuntu/.local/share/cargo-risczero/toolchains/x86_64-unknown-linux-gnu_test-release-2/rust/lib/rustlib/riscv32im-risc0-zkvm-elf/lib/libstd-4e8651e6ad4e42bb.rlib\nmethod_name:     = note: second definition in the local crate (`risc0_zkvm`)\nmethod_name: \nmethod_name: For more information about this error, try `rustc --explain E0152`.\nmethod_name: error: could not compile `risc0-zkvm` (lib) due to previous error\nmethod_name: warning: build failed, waiting for other jobs to finish...\n"},"customized":false},{"name":"idna","version":"0.4.0","std":false,"custom_main":null,"import_str":null,"run_prover":false,"should_fail":false,"inject_cc_flags":false,"crossbeam_patch":false,"results":{"status":"Success","build_errors":null},"customized":false},{"name":"aho-corasick","version":"1.0.5","std":false,"custom_main":null,"import_str":null,"run_prover":false,"should_fail":false,"inject_cc_flags":false,"crossbeam_patch":false,"results":{"status":"Success","build_errors":null},"customized":false},{"name":"tinyvec","version":"1.6.0","std":false,"custom_main":null,"import_str":null,"run_prover":false,"should_fail":false,"inject_cc_flags":false,"crossbeam_patch":false,"results":{"status":"Success","build_errors":null},"customized":false},{"name":"indexmap","version":"2.0.0","std":false,"custom_main":null,"import_str":null,"run_prover":false,"should_fail":false,"inject_cc_flags":false,"crossbeam_patch":false,"results":{"status":"Success","build_errors":null},"customized":false},{"name":"parking_lot_core","version":"0.9.8","std":false,"custom_main":null,"import_str":null,"run_prover":false,"should_fail":false,"inject_cc_flags":false,"crossbeam_patch":false,"results":{"status":"Success","build_errors":null},"customized":false},{"name":"ryu","version":"1.0.15","std":false,"custom_main":null,"import_str":null,"run_prover":false,"should_fail":false,"inject_cc_flags":false,"crossbeam_patch":false,"results":{"status":"Success","build_errors":null},"customized":false},{"name":"num_cpus","version":"1.16.0","std":false,"custom_main":null,"import_str":null,"run_prover":false,"should_fail":false,"inject_cc_flags":false,"crossbeam_patch":false,"results":{"status":"Success","build_errors":null},"customized":false},{"name":"unicode-bidi","version":"0.3.13","std":false,"custom_main":null,"import_str":null,"run_prover":false,"should_fail":false,"inject_cc_flags":false,"crossbeam_patch":false,"results":{"status":"Success","build_errors":null},"customized":false},{"name":"futures-util","version":"0.3.28","std":false,"custom_main":null,"import_str":null,"run_prover":false,"should_fail":false,"inject_cc_flags":false,"crossbeam_patch":false,"results":{"status":"Success","build_errors":null},"customized":false},{"name":"itertools","version":"0.11.0","std":false,"custom_main":null,"import_str":null,"run_prover":false,"should_fail":false,"inject_cc_flags":false,"crossbeam_patch":false,"results":{"status":"Success","build_errors":null},"customized":false},{"name":"tokio-util","version":"0.7.8","std":false,"custom_main":null,"import_str":null,"run_prover":false,"should_fail":false,"inject_cc_flags":false,"crossbeam_patch":false,"results":{"status":"Success","build_errors":null},"customized":false},{"name":"semver","version":"1.0.18","std":false,"custom_main":null,"import_str":null,"run_prover":false,"should_fail":false,"inject_cc_flags":false,"crossbeam_patch":false,"results":{"status":"Success","build_errors":null},"customized":false},{"name":"crossbeam-epoch","version":"0.9.15","std":false,"custom_main":null,"import_str":null,"run_prover":false,"should_fail":false,"inject_cc_flags":false,"crossbeam_patch":true,"results":{"status":"BuildFail","build_errors":"method_name: Starting build for riscv32im-risc0-zkvm-elf\nmethod_name:     Updating git repository `https://github.com/risc0/crossbeam`\nmethod_name:     Updating crates.io index\nmethod_name: warning: Patch `crossbeam v0.8.2 (https://github.com/risc0/crossbeam?rev=b25eb50f8c193f36dacb6739692261ea96827bb7#b25eb50f)` was not used in the crate graph.\nmethod_name: Patch `crossbeam-channel v0.5.6 (https://github.com/risc0/crossbeam?rev=b25eb50f8c193f36dacb6739692261ea96827bb7#b25eb50f)` was not used in the crate graph.\nmethod_name: Check that the patched package version and available features are compatible\nmethod_name: with the dependency requirements. If the patch has a different version from\nmethod_name: what is locked in the Cargo.lock file, run `cargo update` to use the new\nmethod_name: version. This may also occur with an optional dependency that is not enabled.\nmethod_name:    Compiling crossbeam-utils v0.8.14 (https://github.com/risc0/crossbeam?rev=b25eb50f8c193f36dacb6739692261ea96827bb7#b25eb50f)\nmethod_name:    Compiling crossbeam-epoch v0.9.15\nmethod_name: error[E0599]: no method named `load_consume` found for struct `AtomicUsize` in the current scope\nmethod_name:    --> /home/ubuntu/.cargo/registry/src/index.crates.io-6f17d22bba15001f/crossbeam-epoch-0.9.15/src/atomic.rs:407:47\nmethod_name:     |\nmethod_name: 407 |         unsafe { Shared::from_usize(self.data.load_consume()) }\nmethod_name:     |                                               ^^^^^^^^^^^^ method not found in `AtomicUsize`\nmethod_name: \nmethod_name: For more information about this error, try `rustc --explain E0599`.\nmethod_name: error: could not compile `crossbeam-epoch` (lib) due to previous error\n"},"customized":true},{"name":"unicode-normalization","version":"0.1.22","std":false,"custom_main":null,"import_str":null,"run_prover":false,"should_fail":false,"inject_cc_flags":false,"crossbeam_patch":false,"results":{"status":"Success","build_errors":null},"customized":false},{"name":"thiserror","version":"1.0.47","std":false,"custom_main":null,"import_str":null,"run_prover":false,"should_fail":false,"inject_cc_flags":false,"crossbeam_patch":false,"results":{"status":"Success","build_errors":null},"customized":false},{"name":"textwrap","version":"0.15.2","std":false,"custom_main":null,"import_str":null,"run_prover":false,"should_fail":false,"inject_cc_flags":false,"crossbeam_patch":false,"results":{"status":"Success","build_errors":null},"customized":false},{"name":"futures-task","version":"0.3.28","std":false,"custom_main":null,"import_str":null,"run_prover":false,"should_fail":false,"inject_cc_flags":false,"crossbeam_patch":false,"results":{"status":"Success","build_errors":null},"customized":false},{"name":"alloy-rlp-derive","version":"0.3.2","std":false,"custom_main":null,"import_str":null,"run_prover":false,"should_fail":false,"inject_cc_flags":false,"crossbeam_patch":false,"results":{"status":"Success","build_errors":null},"customized":false},{"name":"futures-core","version":"0.3.28","std":false,"custom_main":null,"import_str":null,"run_prover":false,"should_fail":false,"inject_cc_flags":false,"crossbeam_patch":false,"results":{"status":"Success","build_errors":null},"customized":false},{"name":"tracing-core","version":"0.1.31","std":true,"custom_main":null,"import_str":null,"run_prover":false,"should_fail":false,"inject_cc_flags":false,"crossbeam_patch":false,"results":{"status":"Success","build_errors":null},"customized":true},{"name":"crossbeam-channel","version":"0.5.8","std":false,"custom_main":null,"import_str":null,"run_prover":false,"should_fail":false,"inject_cc_flags":false,"crossbeam_patch":false,"results":{"status":"Success","build_errors":null},"customized":false},{"name":"miniz_oxide","version":"0.7.1","std":false,"custom_main":null,"import_str":null,"run_prover":false,"should_fail":false,"inject_cc_flags":false,"crossbeam_patch":false,"results":{"status":"Success","build_errors":null},"customized":false},{"name":"toml","version":"0.7.6","std":true,"custom_main":null,"import_str":null,"run_prover":false,"should_fail":false,"inject_cc_flags":false,"crossbeam_patch":false,"results":{"status":"Success","build_errors":null},"customized":true},{"name":"url","version":"2.4.1","std":false,"custom_main":null,"import_str":null,"run_prover":false,"should_fail":false,"inject_cc_flags":false,"crossbeam_patch":false,"results":{"status":"Success","build_errors":null},"customized":false},{"name":"mio","version":"0.8.8","std":false,"custom_main":null,"import_str":null,"run_prover":false,"should_fail":false,"inject_cc_flags":false,"crossbeam_patch":false,"results":{"status":"Success","build_errors":null},"customized":false},{"name":"num-integer","version":"0.1.45","std":false,"custom_main":null,"import_str":null,"run_prover":false,"should_fail":false,"inject_cc_flags":false,"crossbeam_patch":false,"results":{"status":"Success","build_errors":null},"customized":false},{"name":"sha2","version":"0.10.7","std":true,"custom_main":null,"import_str":null,"run_prover":false,"should_fail":false,"inject_cc_flags":false,"crossbeam_patch":false,"results":{"status":"Success","build_errors":null},"customized":true},{"name":"tracing","version":"0.1.38","std":true,"custom_main":null,"import_str":null,"run_prover":false,"should_fail":false,"inject_cc_flags":false,"crossbeam_patch":false,"results":{"status":"BuildFail","build_errors":"method_name: Starting build for riscv32im-risc0-zkvm-elf\nmethod_name:     Updating crates.io index\nmethod_name: error: failed to select a version for the requirement `tracing = \"^0.1.38\"`\nmethod_name: candidate versions found which didn't match: 0.1.37, 0.1.36, 0.1.35, ...\nmethod_name: location searched: crates.io index\nmethod_name: required by package `method_name v0.1.0 (/tmp/.tmpzcakNp/template_project/methods/guest)`\nmethod_name: perhaps a crate was updated and forgotten to be re-vendored?\n"},"customized":true},{"name":"tempfile","version":"3.8.0","std":false,"custom_main":null,"import_str":null,"run_prover":false,"should_fail":false,"inject_cc_flags":false,"crossbeam_patch":false,"results":{"status":"Success","build_errors":null},"customized":false},{"name":"revm-primitives","version":"1.1.2","std":true,"custom_main":null,"import_str":null,"run_prover":false,"should_fail":false,"inject_cc_flags":false,"crossbeam_patch":false,"results":{"status":"Success","build_errors":null},"customized":true},{"name":"num-traits","version":"0.2.16","std":false,"custom_main":null,"import_str":null,"run_prover":false,"should_fail":false,"inject_cc_flags":false,"crossbeam_patch":false,"results":{"status":"Success","build_errors":null},"customized":false},{"name":"itoa","version":"1.0.9","std":false,"custom_main":null,"import_str":null,"run_prover":false,"should_fail":false,"inject_cc_flags":false,"crossbeam_patch":false,"results":{"status":"Success","build_errors":null},"customized":false},{"name":"either","version":"1.9.0","std":false,"custom_main":null,"import_str":null,"run_prover":false,"should_fail":false,"inject_cc_flags":false,"crossbeam_patch":false,"results":{"status":"Success","build_errors":null},"customized":false},{"name":"pin-project-lite","version":"0.2.13","std":false,"custom_main":null,"import_str":null,"run_prover":false,"should_fail":false,"inject_cc_flags":false,"crossbeam_patch":false,"results":{"status":"Success","build_errors":null},"customized":false},{"name":"rand_chacha","version":"0.3.1","std":false,"custom_main":null,"import_str":null,"run_prover":false,"should_fail":false,"inject_cc_flags":false,"crossbeam_patch":false,"results":{"status":"Success","build_errors":null},"customized":false},{"name":"rand_core","version":"0.6.4","std":false,"custom_main":null,"import_str":null,"run_prover":false,"should_fail":false,"inject_cc_flags":false,"crossbeam_patch":false,"results":{"status":"Success","build_errors":null},"customized":false},{"name":"byteorder","version":"1.4.3","std":false,"custom_main":null,"import_str":null,"run_prover":false,"should_fail":false,"inject_cc_flags":false,"crossbeam_patch":false,"results":{"status":"Success","build_errors":null},"customized":false},{"name":"smallvec","version":"1.11.0","std":false,"custom_main":null,"import_str":null,"run_prover":false,"should_fail":false,"inject_cc_flags":false,"crossbeam_patch":false,"results":{"status":"Success","build_errors":null},"customized":false},{"name":"termcolor","version":"1.2.0","std":false,"custom_main":null,"import_str":null,"run_prover":false,"should_fail":false,"inject_cc_flags":false,"crossbeam_patch":false,"results":{"status":"Success","build_errors":null},"customized":false},{"name":"alloy-primitives","version":"0.3.3","std":false,"custom_main":null,"import_str":null,"run_prover":false,"should_fail":false,"inject_cc_flags":false,"crossbeam_patch":false,"results":{"status":"Success","build_errors":null},"customized":false},{"name":"pin-utils","version":"0.1.0","std":false,"custom_main":null,"import_str":null,"run_prover":false,"should_fail":false,"inject_cc_flags":false,"crossbeam_patch":false,"results":{"status":"Success","build_errors":null},"customized":false},{"name":"block-buffer","version":"0.10.4","std":false,"custom_main":null,"import_str":null,"run_prover":false,"should_fail":false,"inject_cc_flags":false,"crossbeam_patch":false,"results":{"status":"Success","build_errors":null},"customized":false},{"name":"tokio","version":"1.32.0","std":false,"custom_main":null,"import_str":null,"run_prover":false,"should_fail":false,"inject_cc_flags":false,"crossbeam_patch":false,"results":{"status":"Success","build_errors":null},"customized":false},{"name":"unicode-xid","version":"0.2.4","std":false,"custom_main":null,"import_str":null,"run_prover":false,"should_fail":false,"inject_cc_flags":false,"crossbeam_patch":false,"results":{"status":"Success","build_errors":null},"customized":false},{"name":"futures-io","version":"0.3.28","std":false,"custom_main":null,"import_str":null,"run_prover":false,"should_fail":false,"inject_cc_flags":false,"crossbeam_patch":false,"results":{"status":"Success","build_errors":null},"customized":false},{"name":"digest","version":"0.10.7","std":false,"custom_main":null,"import_str":null,"run_prover":false,"should_fail":false,"inject_cc_flags":false,"crossbeam_patch":false,"results":{"status":"Success","build_errors":null},"customized":false},{"name":"slab","version":"0.4.9","std":false,"custom_main":null,"import_str":null,"run_prover":false,"should_fail":false,"inject_cc_flags":false,"crossbeam_patch":false,"results":{"status":"Success","build_errors":null},"customized":false},{"name":"nom","version":"6.2.2","std":false,"custom_main":null,"import_str":null,"run_prover":false,"should_fail":false,"inject_cc_flags":false,"crossbeam_patch":false,"results":{"status":"Success","build_errors":null},"customized":false},{"name":"base64","version":"0.21.3","std":false,"custom_main":null,"import_str":null,"run_prover":false,"should_fail":false,"inject_cc_flags":false,"crossbeam_patch":false,"results":{"status":"Success","build_errors":null},"customized":false},{"name":"scopeguard","version":"1.2.0","std":false,"custom_main":null,"import_str":null,"run_prover":false,"should_fail":false,"inject_cc_flags":false,"crossbeam_patch":false,"results":{"status":"Success","build_errors":null},"customized":false},{"name":"cc","version":"1.0.83","std":false,"custom_main":null,"import_str":null,"run_prover":false,"should_fail":false,"inject_cc_flags":false,"crossbeam_patch":false,"results":{"status":"BuildFail","build_errors":"method_name: Starting build for riscv32im-risc0-zkvm-elf\nmethod_name:    Compiling cc v1.0.83\nmethod_name: error: Only unix and windows support os_pipe!\nmethod_name:   --> /home/ubuntu/.cargo/registry/src/index.crates.io-6f17d22bba15001f/cc-1.0.83/src/os_pipe.rs:28:1\nmethod_name:    |\nmethod_name: 28 | compile_error!(\"Only unix and windows support os_pipe!\");\nmethod_name:    | ^^^^^^^^^^^^^^^^^^^^^^^^^^^^^^^^^^^^^^^^^^^^^^^^^^^^^^^^\nmethod_name: \nmethod_name: error[E0433]: failed to resolve: use of undeclared crate or module `sys`\nmethod_name:   --> /home/ubuntu/.cargo/registry/src/index.crates.io-6f17d22bba15001f/cc-1.0.83/src/os_pipe.rs:16:5\nmethod_name:    |\nmethod_name: 16 |     sys::pipe()\nmethod_name:    |     ^^^ use of undeclared crate or module `sys`\nmethod_name: \nmethod_name: For more information about this error, try `rustc --explain E0433`.\nmethod_name: error: could not compile `cc` (lib) due to 2 previous errors\n"},"customized":false},{"name":"time","version":"0.3.28","std":false,"custom_main":null,"import_str":null,"run_prover":false,"should_fail":false,"inject_cc_flags":false,"crossbeam_patch":false,"results":{"status":"Success","build_errors":null},"customized":false},{"name":"ethers-core","version":"2.0.9","std":true,"custom_main":null,"import_str":null,"run_prover":false,"should_fail":false,"inject_cc_flags":false,"crossbeam_patch":false,"results":{"status":"Success","build_errors":null},"customized":true},{"name":"env_logger","version":"0.10.0","std":true,"custom_main":null,"import_str":null,"run_prover":false,"should_fail":false,"inject_cc_flags":false,"crossbeam_patch":false,"results":{"status":"BuildFail","build_errors":"method_name: Starting build for riscv32im-risc0-zkvm-elf\nmethod_name:     Updating crates.io index\nmethod_name:    Compiling libc v0.2.147\nmethod_name:    Compiling rustix v0.38.10\nmethod_name:    Compiling regex-syntax v0.7.5\nmethod_name:    Compiling errno v0.3.3\nmethod_name:    Compiling bitflags v2.4.0\nmethod_name:    Compiling log v0.4.20\nmethod_name:    Compiling humantime v2.1.0\nmethod_name: error[E0583]: file not found for module `sys`\nmethod_name:   --> /home/ubuntu/.cargo/registry/src/index.crates.io-6f17d22bba15001f/errno-0.3.3/src/lib.rs:26:1\nmethod_name:    |\nmethod_name: 26 | mod sys;\nmethod_name:    | ^^^^^^^^\nmethod_name:    |\nmethod_name:    = help: to create the module `sys`, create file \"/home/ubuntu/.cargo/registry/src/index.crates.io-6f17d22bba15001f/errno-0.3.3/src/sys.rs\" or \"/home/ubuntu/.cargo/registry/src/index.crates.io-6f17d22bba15001f/errno-0.3.3/src/sys/mod.rs\"\nmethod_name: \nmethod_name: error[E0425]: cannot find function `with_description` in module `sys`\nmethod_name:   --> /home/ubuntu/.cargo/registry/src/index.crates.io-6f17d22bba15001f/errno-0.3.3/src/lib.rs:47:14\nmethod_name:    |\nmethod_name: 47 |         sys::with_description(*self, |desc| {\nmethod_name:    |              ^^^^^^^^^^^^^^^^ not found in `sys`\nmethod_name: \nmethod_name: error[E0425]: cannot find function `with_description` in module `sys`\nmethod_name:   --> /home/ubuntu/.cargo/registry/src/index.crates.io-6f17d22bba15001f/errno-0.3.3/src/lib.rs:58:14\nmethod_name:    |\nmethod_name: 58 |         sys::with_description(*self, |desc| match desc {\nmethod_name:    |              ^^^^^^^^^^^^^^^^ not found in `sys`\nmethod_name: \nmethod_name: error[E0425]: cannot find value `STRERROR_NAME` in module `sys`\nmethod_name:   --> /home/ubuntu/.cargo/registry/src/index.crates.io-6f17d22bba15001f/errno-0.3.3/src/lib.rs:64:22\nmethod_name:    |\nmethod_name: 64 |                 sys::STRERROR_NAME,\nmethod_name:    |                      ^^^^^^^^^^^^^ not found in `sys`\nmethod_name: \nmethod_name: error[E0425]: cannot find function `errno` in module `sys`\nmethod_name:   --> /home/ubuntu/.cargo/registry/src/index.crates.io-6f17d22bba15001f/errno-0.3.3/src/lib.rs:95:10\nmethod_name:    |\nmethod_name: 95 |     sys::errno()\nmethod_name:    |          ^^^^^ not found in `sys`\nmethod_name: \nmethod_name: error[E0425]: cannot find function `set_errno` in module `sys`\nmethod_name:    --> /home/ubuntu/.cargo/registry/src/index.crates.io-6f17d22bba15001f/errno-0.3.3/src/lib.rs:100:10\nmethod_name:     |\nmethod_name: 100 |     sys::set_errno(err)\nmethod_name:     |          ^^^^^^^^^ not found in `sys`\nmethod_name: \nmethod_name: Some errors have detailed explanations: E0425, E0583.\nmethod_name: For more information about an error, try `rustc --explain E0425`.\nmethod_name: error: could not compile `errno` (lib) due to 6 previous errors\nmethod_name: warning: build failed, waiting for other jobs to finish...\n"},"customized":true},{"name":"log","version":"0.4.20","std":false,"custom_main":null,"import_str":null,"run_prover":false,"should_fail":false,"inject_cc_flags":false,"crossbeam_patch":false,"results":{"status":"Success","build_errors":null},"customized":false},{"name":"socket2","version":"0.5.3","std":false,"custom_main":null,"import_str":null,"run_prover":false,"should_fail":false,"inject_cc_flags":false,"crossbeam_patch":false,"results":{"status":"BuildFail","build_errors":"method_name: Starting build for riscv32im-risc0-zkvm-elf\nmethod_name:     Updating crates.io index\nmethod_name:    Compiling socket2 v0.5.3\nmethod_name: error[E0583]: file not found for module `sys`\nmethod_name:    --> /home/ubuntu/.cargo/registry/src/index.crates.io-6f17d22bba15001f/socket2-0.5.3/src/lib.rs:173:1\nmethod_name:     |\nmethod_name: 173 | mod sys;\nmethod_name:     | ^^^^^^^^\nmethod_name:     |\nmethod_name:     = help: to create the module `sys`, create file \"/home/ubuntu/.cargo/registry/src/index.crates.io-6f17d22bba15001f/socket2-0.5.3/src/sys.rs\" or \"/home/ubuntu/.cargo/registry/src/index.crates.io-6f17d22bba15001f/socket2-0.5.3/src/sys/mod.rs\"\nmethod_name: \nmethod_name: error: Socket2 doesn't support the compile target\nmethod_name:    --> /home/ubuntu/.cargo/registry/src/index.crates.io-6f17d22bba15001f/socket2-0.5.3/src/lib.rs:176:1\nmethod_name:     |\nmethod_name: 176 | compile_error!(\"Socket2 doesn't support the compile target\");\nmethod_name:     | ^^^^^^^^^^^^^^^^^^^^^^^^^^^^^^^^^^^^^^^^^^^^^^^^^^^^^^^^^^^^\nmethod_name: \nmethod_name: error[E0432]: unresolved imports `crate::sys::c_int`, `crate::sys::sa_family_t`, `crate::sys::sockaddr`, `crate::sys::sockaddr_in`, `crate::sys::sockaddr_in6`, `crate::sys::sockaddr_storage`, `crate::sys::socklen_t`, `crate::sys::AF_INET`, `crate::sys::AF_INET6`, `crate::sys::AF_UNIX`\nmethod_name:   --> /home/ubuntu/.cargo/registry/src/index.crates.io-6f17d22bba15001f/socket2-0.5.3/src/sockaddr.rs:11:5\nmethod_name:    |\nmethod_name: 11 |     c_int, sa_family_t, sockaddr, sockaddr_in, sockaddr_in6, sockaddr_storage, socklen_t, AF_INET,\nmethod_name:    |     ^^^^^  ^^^^^^^^^^^  ^^^^^^^^  ^^^^^^^^^^^  ^^^^^^^^^^^^  ^^^^^^^^^^^^^^^^  ^^^^^^^^^  ^^^^^^^ no `AF_INET` in `sys`\nmethod_name:    |     |      |            |         |            |             |                 |\nmethod_name:    |     |      |            |         |            |             |                 no `socklen_t` in `sys`\nmethod_name:    |     |      |            |         |            |             no `sockaddr_storage` in `sys`\nmethod_name:    |     |      |            |         |            no `sockaddr_in6` in `sys`\nmethod_name:    |     |      |            |         no `sockaddr_in` in `sys`\nmethod_name:    |     |      |            no `sockaddr` in `sys`\nmethod_name:    |     |      no `sa_family_t` in `sys`\nmethod_name:    |     no `c_int` in `sys`\nmethod_name: 12 |     AF_INET6, AF_UNIX,\nmethod_name:    |     ^^^^^^^^  ^^^^^^^ no `AF_UNIX` in `sys`\nmethod_name:    |     |\nmethod_name:    |     no `AF_INET6` in `sys`\nmethod_name:    |\nmethod_name:    = help: consider importing one of these items instead:\nmethod_name:            std::ffi::c_int\nmethod_name:            std::os::raw::c_int\nmethod_name:            core::ffi::c_int\nmethod_name:    = help: consider importing this module instead:\nmethod_name:            crate::sockaddr\nmethod_name: \nmethod_name: error[E0432]: unresolved imports `crate::sys::c_int`, `crate::sys::getsockopt`, `crate::sys::setsockopt`, `crate::sys::Bool`\nmethod_name:   --> /home/ubuntu/.cargo/registry/src/index.crates.io-6f17d22bba15001f/socket2-0.5.3/src/socket.rs:23:24\nmethod_name:    |\nmethod_name: 23 | use crate::sys::{self, c_int, getsockopt, setsockopt, Bool};\nmethod_name:    |                        ^^^^^  ^^^^^^^^^^  ^^^^^^^^^^  ^^^^ no `Bool` in `sys`\nmethod_name:    |                        |      |           |\nmethod_name:    |                        |      |           no `setsockopt` in `sys`\nmethod_name:    |                        |      no `getsockopt` in `sys`\nmethod_name:    |                        no `c_int` in `sys`\nmethod_name:    |\nmethod_name:    = help: consider importing one of these items instead:\nmethod_name:            std::ffi::c_int\nmethod_name:            std::os::raw::c_int\nmethod_name:            core::ffi::c_int\nmethod_name: \nmethod_name: error[E0432]: unresolved import `sys::c_int`\nmethod_name:    --> /home/ubuntu/.cargo/registry/src/index.crates.io-6f17d22bba15001f/socket2-0.5.3/src/lib.rs:178:5\nmethod_name:     |\nmethod_name: 178 | use sys::c_int;\nmethod_name:     |     ^^^^^^^^^^ no `c_int` in `sys`\nmethod_name:     |\nmethod_name: help: consider importing one of these items instead\nmethod_name:     |\nmethod_name: 178 | use core::ffi::c_int;\nmethod_name:     |     ~~~~~~~~~~~~~~~~\nmethod_name: 178 | use std::ffi::c_int;\nmethod_name:     |     ~~~~~~~~~~~~~~~\nmethod_name: 178 | use std::os::raw::c_int;\nmethod_name:     |     ~~~~~~~~~~~~~~~~~~~\nmethod_name: \nmethod_name: error[E0433]: failed to resolve: could not find `MaybeUninitSlice` in `sys`\nmethod_name:    --> /home/ubuntu/.cargo/registry/src/index.crates.io-6f17d22bba15001f/socket2-0.5.3/src/lib.rs:391:31\nmethod_name:     |\nmethod_name: 391 |         MaybeUninitSlice(sys::MaybeUninitSlice::new(buf))\nmethod_name:     |                               ^^^^^^^^^^^^^^^^ could not find `MaybeUninitSlice` in `sys`\nmethod_name: \nmethod_name: error[E0425]: cannot find function `unix_sockaddr` in module `crate::sys`\nmethod_name:    --> /home/ubuntu/.cargo/registry/src/index.crates.io-6f17d22bba15001f/socket2-0.5.3/src/sockaddr.rs:153:21\nmethod_name:     |\nmethod_name: 153 |         crate::sys::unix_sockaddr(path.as_ref())\nmethod_name:     |                     ^^^^^^^^^^^^^ not found in `crate::sys`\nmethod_name: \nmethod_name: error[E0425]: cannot find function `from_in_addr` in module `crate::sys`\nmethod_name:    --> /home/ubuntu/.cargo/registry/src/index.crates.io-6f17d22bba15001f/socket2-0.5.3/src/sockaddr.rs:221:34\nmethod_name:     |\nmethod_name: 221 |             let ip = crate::sys::from_in_addr(addr.sin_addr);\nmethod_name:     |                                  ^^^^^^^^^^^^ not found in `crate::sys`\nmethod_name: \nmethod_name: error[E0425]: cannot find function `from_in6_addr` in module `crate::sys`\nmethod_name:    --> /home/ubuntu/.cargo/registry/src/index.crates.io-6f17d22bba15001f/socket2-0.5.3/src/sockaddr.rs:228:34\nmethod_name:     |\nmethod_name: 228 |             let ip = crate::sys::from_in6_addr(addr.sin6_addr);\nmethod_name:     |                                  ^^^^^^^^^^^^^ not found in `crate::sys`\nmethod_name: \nmethod_name: error[E0425]: cannot find function `to_in_addr` in module `crate::sys`\nmethod_name:    --> /home/ubuntu/.cargo/registry/src/index.crates.io-6f17d22bba15001f/socket2-0.5.3/src/sockaddr.rs:290:44\nmethod_name:     |\nmethod_name: 290 |             storage.sin_addr = crate::sys::to_in_addr(addr.ip());\nmethod_name:     |                                            ^^^^^^^^^^ not found in `crate::sys`\nmethod_name: \nmethod_name: error[E0425]: cannot find function `to_in6_addr` in module `crate::sys`\nmethod_name:    --> /home/ubuntu/.cargo/registry/src/index.crates.io-6f17d22bba15001f/socket2-0.5.3/src/sockaddr.rs:306:45\nmethod_name:     |\nmethod_name: 306 |             storage.sin6_addr = crate::sys::to_in6_addr(addr.ip());\nmethod_name:     |                                             ^^^^^^^^^^^ not found in `crate::sys`\nmethod_name: \nmethod_name: error[E0412]: cannot find type `Socket` in module `sys`\nmethod_name:   --> /home/ubuntu/.cargo/registry/src/index.crates.io-6f17d22bba15001f/socket2-0.5.3/src/socket.rs:87:38\nmethod_name:    |\nmethod_name: 87 |     pub(crate) fn from_raw(raw: sys::Socket) -> Socket {\nmethod_name:    |                                      ^^^^^^ not found in `sys`\nmethod_name:    |\nmethod_name: help: consider importing this struct\nmethod_name:    |\nmethod_name: 9  | use crate::Socket;\nmethod_name:    |\nmethod_name: help: if you import `Socket`, refer to it directly\nmethod_name:    |\nmethod_name: 87 -     pub(crate) fn from_raw(raw: sys::Socket) -> Socket {\nmethod_name: 87 +     pub(crate) fn from_raw(raw: Socket) -> Socket {\nmethod_name:    |\nmethod_name: \nmethod_name: error[E0425]: cannot find function `socket_from_raw` in module `sys`\nmethod_name:    --> /home/ubuntu/.cargo/registry/src/index.crates.io-6f17d22bba15001f/socket2-0.5.3/src/socket.rs:105:22\nmethod_name:     |\nmethod_name: 105 |                 sys::socket_from_raw(raw)\nmethod_name:     |                      ^^^^^^^^^^^^^^^ not found in `sys`\nmethod_name: \nmethod_name: error[E0412]: cannot find type `Socket` in module `sys`\nmethod_name:    --> /home/ubuntu/.cargo/registry/src/index.crates.io-6f17d22bba15001f/socket2-0.5.3/src/socket.rs:110:41\nmethod_name:     |\nmethod_name: 110 |     pub(crate) fn as_raw(&self) -> sys::Socket {\nmethod_name:     |                                         ^^^^^^ not found in `sys`\nmethod_name:     |\nmethod_name: help: consider importing this struct\nmethod_name:     |\nmethod_name: 9   | use crate::Socket;\nmethod_name:     |\nmethod_name: help: if you import `Socket`, refer to it directly\nmethod_name:     |\nmethod_name: 110 -     pub(crate) fn as_raw(&self) -> sys::Socket {\nmethod_name: 110 +     pub(crate) fn as_raw(&self) -> Socket {\nmethod_name:     |\nmethod_name: \nmethod_name: error[E0425]: cannot find function `socket_as_raw` in module `sys`\nmethod_name:    --> /home/ubuntu/.cargo/registry/src/index.crates.io-6f17d22bba15001f/socket2-0.5.3/src/socket.rs:111:14\nmethod_name:     |\nmethod_name: 111 |         sys::socket_as_raw(&self.inner)\nmethod_name:     |              ^^^^^^^^^^^^^ not found in `sys`\nmethod_name: \nmethod_name: error[E0412]: cannot find type `Socket` in module `sys`\nmethod_name:    --> /home/ubuntu/.cargo/registry/src/index.crates.io-6f17d22bba15001f/socket2-0.5.3/src/socket.rs:114:42\nmethod_name:     |\nmethod_name: 114 |     pub(crate) fn into_raw(self) -> sys::Socket {\nmethod_name:     |                                          ^^^^^^ not found in `sys`\nmethod_name:     |\nmethod_name: help: consider importing this struct\nmethod_name:     |\nmethod_name: 9   | use crate::Socket;\nmethod_name:     |\nmethod_name: help: if you import `Socket`, refer to it directly\nmethod_name:     |\nmethod_name: 114 -     pub(crate) fn into_raw(self) -> sys::Socket {\nmethod_name: 114 +     pub(crate) fn into_raw(self) -> Socket {\nmethod_name:     |\nmethod_name: \nmethod_name: error[E0425]: cannot find function `socket_into_raw` in module `sys`\nmethod_name:    --> /home/ubuntu/.cargo/registry/src/index.crates.io-6f17d22bba15001f/socket2-0.5.3/src/socket.rs:115:14\nmethod_name:     |\nmethod_name: 115 |         sys::socket_into_raw(self.inner)\nmethod_name:     |              ^^^^^^^^^^^^^^^ not found in `sys`\nmethod_name: \nmethod_name: error[E0425]: cannot find function `socket` in module `sys`\nmethod_name:    --> /home/ubuntu/.cargo/registry/src/index.crates.io-6f17d22bba15001f/socket2-0.5.3/src/socket.rs:140:14\nmethod_name:     |\nmethod_name: 140 |         sys::socket(domain.0, ty.0, protocol).map(Socket::from_raw)\nmethod_name:     |              ^^^^^^ not found in `sys`\nmethod_name: \nmethod_name: error[E0425]: cannot find function `bind` in module `sys`\nmethod_name:    --> /home/ubuntu/.cargo/registry/src/index.crates.io-6f17d22bba15001f/socket2-0.5.3/src/socket.rs:185:14\nmethod_name:     |\nmethod_name: 185 |         sys::bind(self.as_raw(), address)\nmethod_name:     |              ^^^^ not found in `sys`\nmethod_name: \nmethod_name: error[E0425]: cannot find function `connect` in module `sys`\nmethod_name:    --> /home/ubuntu/.cargo/registry/src/index.crates.io-6f17d22bba15001f/socket2-0.5.3/src/socket.rs:204:14\nmethod_name:     |\nmethod_name: 204 |         sys::connect(self.as_raw(), address)\nmethod_name:     |              ^^^^^^^ not found in `sys`\nmethod_name: \nmethod_name: error[E0425]: cannot find function `poll_connect` in module `sys`\nmethod_name:    --> /home/ubuntu/.cargo/registry/src/index.crates.io-6f17d22bba15001f/socket2-0.5.3/src/socket.rs:239:14\nmethod_name:     |\nmethod_name: 239 |         sys::poll_connect(self, timeout)\nmethod_name:     |              ^^^^^^^^^^^^ not found in `sys`\nmethod_name: \nmethod_name: error[E0425]: cannot find function `listen` in module `sys`\nmethod_name:    --> /home/ubuntu/.cargo/registry/src/index.crates.io-6f17d22bba15001f/socket2-0.5.3/src/socket.rs:252:14\n"},"customized":false},{"name":"memchr","version":"2.6.1","std":false,"custom_main":null,"import_str":null,"run_prover":false,"should_fail":false,"inject_cc_flags":false,"crossbeam_patch":false,"results":{"status":"Success","build_errors":null},"customized":false},{"name":"version_check","version":"0.9.4","std":false,"custom_main":null,"import_str":null,"run_prover":false,"should_fail":false,"inject_cc_flags":false,"crossbeam_patch":false,"results":{"status":"Success","build_errors":null},"customized":false},{"name":"atty","version":"0.2.14","std":false,"custom_main":null,"import_str":null,"run_prover":false,"should_fail":false,"inject_cc_flags":false,"crossbeam_patch":false,"results":{"status":"BuildFail","build_errors":"method_name: Starting build for riscv32im-risc0-zkvm-elf\nmethod_name:     Updating crates.io index\nmethod_name:    Compiling atty v0.2.14\nmethod_name: error[E0425]: cannot find function `is` in this scope\nmethod_name:   --> /home/ubuntu/.cargo/registry/src/index.crates.io-6f17d22bba15001f/atty-0.2.14/src/lib.rs:98:6\nmethod_name:    |\nmethod_name: 98 |     !is(stream)\nmethod_name:    |      ^^ not found in this scope\nmethod_name: \nmethod_name: For more information about this error, try `rustc --explain E0425`.\nmethod_name: error: could not compile `atty` (lib) due to previous error\n"},"customized":false},{"name":"lock_api","version":"0.4.10","std":false,"custom_main":null,"import_str":null,"run_prover":false,"should_fail":false,"inject_cc_flags":false,"crossbeam_patch":false,"results":{"status":"Success","build_errors":null},"customized":false},{"name":"revm","version":"3.3.0","std":true,"custom_main":null,"import_str":null,"run_prover":false,"should_fail":false,"inject_cc_flags":false,"crossbeam_patch":false,"results":{"status":"BuildFail","build_errors":"method_name: Starting build for riscv32im-risc0-zkvm-elf\nmethod_name:     Updating crates.io index\nmethod_name:  Downloading crates ...\nmethod_name:   Downloaded secp256k1 v0.27.0\nmethod_name:   Downloaded substrate-bn v0.6.0\nmethod_name:   Downloaded ripemd v0.1.3\nmethod_name:   Downloaded num-rational v0.4.1\nmethod_name:   Downloaded num v0.4.1\nmethod_name:   Downloaded revm-precompile v2.0.3\nmethod_name:   Downloaded revm v3.3.0\nmethod_name:   Downloaded revm-interpreter v1.1.2\nmethod_name:   Downloaded secp256k1-sys v0.8.1\nmethod_name:    Compiling zeroize v1.6.0\nmethod_name:    Compiling crunchy v0.2.2\nmethod_name:    Compiling byteorder v1.4.3\nmethod_name:    Compiling num-traits v0.2.16\nmethod_name:    Compiling num-integer v0.1.45\nmethod_name:    Compiling num-bigint v0.4.4\nmethod_name:    Compiling base16ct v0.2.0\nmethod_name:    Compiling once_cell v1.18.0\nmethod_name:    Compiling num-rational v0.4.1\nmethod_name:    Compiling num-iter v0.1.43\nmethod_name:    Compiling spin v0.5.2\nmethod_name:    Compiling ff v0.13.0\nmethod_name:    Compiling secp256k1-sys v0.8.1\nmethod_name:    Compiling generic-array v0.14.7\nmethod_name:    Compiling der v0.7.8\nmethod_name:    Compiling lazy_static v1.4.0\nmethod_name:    Compiling group v0.13.0\nmethod_name:    Compiling ahash v0.8.3\nmethod_name: The following warnings were emitted during compilation:\nmethod_name: \nmethod_name: warning: cc: error: unrecognized argument in option -mabi=ilp32\nmethod_name: warning: cc: note: valid arguments to -mabi= are: ms sysv\nmethod_name: warning: cc: error: unrecognized argument in option -mcmodel=medany\nmethod_name: warning: cc: note: valid arguments to -mcmodel= are: 32 kernel large medium small\nmethod_name: warning: cc: error: unrecognized argument in option -mabi=ilp32\nmethod_name: warning: cc: note: valid arguments to -mabi= are: ms sysv\nmethod_name: warning: cc: error: unrecognized argument in option -mcmodel=medany\nmethod_name: warning: cc: note: valid arguments to -mcmodel= are: 32 kernel large medium small\nmethod_name: \nmethod_name: error: failed to run custom build command for `secp256k1-sys v0.8.1`\nmethod_name: \nmethod_name: Caused by:\nmethod_name:   process didn't exit successfully: `/tmp/.tmpzcakNp/template_project/target/riscv-guest/release/build/secp256k1-sys-e181cbaa08251232/build-script-build` (exit status: 1)\nmethod_name:   --- stdout\nmethod_name:   TARGET = Some(\"riscv32im-risc0-zkvm-elf\")\nmethod_name:   OPT_LEVEL = Some(\"3\")\nmethod_name:   HOST = Some(\"x86_64-unknown-linux-gnu\")\nmethod_name:   cargo:rerun-if-env-changed=CC_riscv32im-risc0-zkvm-elf\nmethod_name:   CC_riscv32im-risc0-zkvm-elf = None\nmethod_name:   cargo:rerun-if-env-changed=CC_riscv32im_risc0_zkvm_elf\nmethod_name:   CC_riscv32im_risc0_zkvm_elf = None\nmethod_name:   cargo:rerun-if-env-changed=TARGET_CC\nmethod_name:   TARGET_CC = None\nmethod_name:   cargo:rerun-if-env-changed=CC\nmethod_name:   CC = None\nmethod_name:   RUSTC_LINKER = None\nmethod_name:   cargo:rerun-if-env-changed=CROSS_COMPILE\nmethod_name:   CROSS_COMPILE = None\nmethod_name:   cargo:rerun-if-env-changed=CRATE_CC_NO_DEFAULTS\nmethod_name:   CRATE_CC_NO_DEFAULTS = None\nmethod_name:   DEBUG = Some(\"false\")\nmethod_name:   CARGO_CFG_TARGET_FEATURE = Some(\"m\")\nmethod_name:   cargo:rerun-if-env-changed=CFLAGS_riscv32im-risc0-zkvm-elf\nmethod_name:   CFLAGS_riscv32im-risc0-zkvm-elf = None\nmethod_name:   cargo:rerun-if-env-changed=CFLAGS_riscv32im_risc0_zkvm_elf\nmethod_name:   CFLAGS_riscv32im_risc0_zkvm_elf = None\nmethod_name:   cargo:rerun-if-env-changed=TARGET_CFLAGS\nmethod_name:   TARGET_CFLAGS = None\nmethod_name:   cargo:rerun-if-env-changed=CFLAGS\nmethod_name:   CFLAGS = None\nmethod_name:   cargo:rerun-if-env-changed=CC_riscv32im-risc0-zkvm-elf\nmethod_name:   CC_riscv32im-risc0-zkvm-elf = None\nmethod_name:   cargo:rerun-if-env-changed=CC_riscv32im_risc0_zkvm_elf\nmethod_name:   CC_riscv32im_risc0_zkvm_elf = None\nmethod_name:   cargo:rerun-if-env-changed=TARGET_CC\nmethod_name:   TARGET_CC = None\nmethod_name:   cargo:rerun-if-env-changed=CC\nmethod_name:   CC = None\nmethod_name:   RUSTC_LINKER = None\nmethod_name:   cargo:rerun-if-env-changed=CROSS_COMPILE\nmethod_name:   CROSS_COMPILE = None\nmethod_name:   cargo:rerun-if-env-changed=CRATE_CC_NO_DEFAULTS\nmethod_name:   CRATE_CC_NO_DEFAULTS = None\nmethod_name:   CARGO_CFG_TARGET_FEATURE = Some(\"m\")\nmethod_name:   cargo:rerun-if-env-changed=CFLAGS_riscv32im-risc0-zkvm-elf\nmethod_name:   CFLAGS_riscv32im-risc0-zkvm-elf = None\nmethod_name:   cargo:rerun-if-env-changed=CFLAGS_riscv32im_risc0_zkvm_elf\nmethod_name:   CFLAGS_riscv32im_risc0_zkvm_elf = None\nmethod_name:   cargo:rerun-if-env-changed=TARGET_CFLAGS\nmethod_name:   TARGET_CFLAGS = None\nmethod_name:   cargo:rerun-if-env-changed=CFLAGS\nmethod_name:   CFLAGS = None\nmethod_name:   running: \"cc\" \"-O3\" \"-ffunction-sections\" \"-fdata-sections\" \"-fPIC\" \"-march=rv32im\" \"-mabi=ilp32\" \"-mcmodel=medany\" \"-I\" \"depend/secp256k1/\" \"-I\" \"depend/secp256k1/include\" \"-I\" \"depend/secp256k1/src\" \"-Wall\" \"-Wextra\" \"-DSECP256K1_API=\" \"-DENABLE_MODULE_ECDH=1\" \"-DENABLE_MODULE_SCHNORRSIG=1\" \"-DENABLE_MODULE_EXTRAKEYS=1\" \"-DECMULT_GEN_PREC_BITS=4\" \"-DECMULT_WINDOW_SIZE=15\" \"-DUSE_EXTERNAL_DEFAULT_CALLBACKS=1\" \"-DENABLE_MODULE_RECOVERY=1\" \"-o\" \"/tmp/.tmpzcakNp/template_project/target/riscv-guest/riscv32im-risc0-zkvm-elf/release/build/secp256k1-sys-e9689d76dc37baf4/out/depend/secp256k1/contrib/lax_der_parsing.o\" \"-c\" \"depend/secp256k1/contrib/lax_der_parsing.c\"\nmethod_name:   cargo:warning=cc: error: unrecognized argument in option -mabi=ilp32\nmethod_name: \nmethod_name:   cargo:warning=cc: note: valid arguments to -mabi= are: ms sysv\nmethod_name: \nmethod_name:   cargo:warning=cc: error: unrecognized argument in option -mcmodel=medany\nmethod_name: \nmethod_name:   cargo:warning=cc: note: valid arguments to -mcmodel= are: 32 kernel large medium small\nmethod_name: \nmethod_name:   exit status: 1\nmethod_name:   running: \"cc\" \"-O3\" \"-ffunction-sections\" \"-fdata-sections\" \"-fPIC\" \"-march=rv32im\" \"-mabi=ilp32\" \"-mcmodel=medany\" \"-I\" \"depend/secp256k1/\" \"-I\" \"depend/secp256k1/include\" \"-I\" \"depend/secp256k1/src\" \"-I\" \"wasm/wasm-sysroot\" \"-Wall\" \"-Wextra\" \"-DSECP256K1_API=\" \"-DENABLE_MODULE_ECDH=1\" \"-DENABLE_MODULE_SCHNORRSIG=1\" \"-DENABLE_MODULE_EXTRAKEYS=1\" \"-DECMULT_GEN_PREC_BITS=4\" \"-DECMULT_WINDOW_SIZE=15\" \"-DUSE_EXTERNAL_DEFAULT_CALLBACKS=1\" \"-DENABLE_MODULE_RECOVERY=1\" \"-o\" \"/tmp/.tmpzcakNp/template_project/target/riscv-guest/riscv32im-risc0-zkvm-elf/release/build/secp256k1-sys-e9689d76dc37baf4/out/depend/secp256k1/contrib/lax_der_parsing.o\" \"-c\" \"depend/secp256k1/contrib/lax_der_parsing.c\"\nmethod_name:   cargo:warning=cc: error: unrecognized argument in option -mabi=ilp32\nmethod_name: \nmethod_name:   cargo:warning=cc: note: valid arguments to -mabi= are: ms sysv\nmethod_name: \nmethod_name:   cargo:warning=cc: error: unrecognized argument in option -mcmodel=medany\nmethod_name: \nmethod_name:   cargo:warning=cc: note: valid arguments to -mcmodel= are: 32 kernel large medium small\nmethod_name: \nmethod_name:   exit status: 1\nmethod_name: \nmethod_name:   --- stderr\nmethod_name: \nmethod_name: \nmethod_name:   error occurred: Command \"cc\" \"-O3\" \"-ffunction-sections\" \"-fdata-sections\" \"-fPIC\" \"-march=rv32im\" \"-mabi=ilp32\" \"-mcmodel=medany\" \"-I\" \"depend/secp256k1/\" \"-I\" \"depend/secp256k1/include\" \"-I\" \"depend/secp256k1/src\" \"-I\" \"wasm/wasm-sysroot\" \"-Wall\" \"-Wextra\" \"-DSECP256K1_API=\" \"-DENABLE_MODULE_ECDH=1\" \"-DENABLE_MODULE_SCHNORRSIG=1\" \"-DENABLE_MODULE_EXTRAKEYS=1\" \"-DECMULT_GEN_PREC_BITS=4\" \"-DECMULT_WINDOW_SIZE=15\" \"-DUSE_EXTERNAL_DEFAULT_CALLBACKS=1\" \"-DENABLE_MODULE_RECOVERY=1\" \"-o\" \"/tmp/.tmpzcakNp/template_project/target/riscv-guest/riscv32im-risc0-zkvm-elf/release/build/secp256k1-sys-e9689d76dc37baf4/out/depend/secp256k1/contrib/lax_der_parsing.o\" \"-c\" \"depend/secp256k1/contrib/lax_der_parsing.c\" with args \"cc\" did not execute successfully (status code exit status: 1).\nmethod_name: \nmethod_name: \nmethod_name: warning: build failed, waiting for other jobs to finish...\n"},"customized":true},{"name":"unicode-ident","version":"1.0.11","std":false,"custom_main":null,"import_str":null,"run_prover":false,"should_fail":false,"inject_cc_flags":false,"crossbeam_patch":false,"results":{"status":"Success","build_errors":null},"customized":false},{"name":"thread_local","version":"1.1.7","std":false,"custom_main":null,"import_str":null,"run_prover":false,"should_fail":false,"inject_cc_flags":false,"crossbeam_patch":false,"results":{"status":"Success","build_errors":null},"customized":false},{"name":"fnv","version":"1.0.7","std":false,"custom_main":null,"import_str":null,"run_prover":false,"should_fail":false,"inject_cc_flags":false,"crossbeam_patch":false,"results":{"status":"Success","build_errors":null},"customized":false},{"name":"autocfg","version":"0.1.8","std":false,"custom_main":null,"import_str":null,"run_prover":false,"should_fail":false,"inject_cc_flags":false,"crossbeam_patch":false,"results":{"status":"Success","build_errors":null},"customized":false},{"name":"http","version":"0.2.9","std":false,"custom_main":null,"import_str":null,"run_prover":false,"should_fail":false,"inject_cc_flags":false,"crossbeam_patch":false,"results":{"status":"Success","build_errors":null},"customized":false},{"name":"quote","version":"1.0.33","std":false,"custom_main":null,"import_str":null,"run_prover":false,"should_fail":false,"inject_cc_flags":false,"crossbeam_patch":false,"results":{"status":"Success","build_errors":null},"customized":false},{"name":"bitflags","version":"2.4.0","std":false,"custom_main":null,"import_str":null,"run_prover":false,"should_fail":false,"inject_cc_flags":false,"crossbeam_patch":false,"results":{"status":"Success","build_errors":null},"customized":false},{"name":"serde_json","version":"1.0.105","std":true,"custom_main":null,"import_str":null,"run_prover":false,"should_fail":false,"inject_cc_flags":false,"crossbeam_patch":false,"results":{"status":"Success","build_errors":null},"customized":true},{"name":"futures","version":"0.3.28","std":false,"custom_main":null,"import_str":null,"run_prover":false,"should_fail":false,"inject_cc_flags":false,"crossbeam_patch":false,"results":{"status":"Success","build_errors":null},"customized":false},{"name":"regex","version":"1.9.4","std":false,"custom_main":null,"import_str":null,"run_prover":false,"should_fail":false,"inject_cc_flags":false,"crossbeam_patch":false,"results":{"status":"Success","build_errors":null},"customized":false},{"name":"typenum","version":"1.16.0","std":false,"custom_main":null,"import_str":null,"run_prover":false,"should_fail":false,"inject_cc_flags":false,"crossbeam_patch":false,"results":{"status":"Success","build_errors":null},"customized":false},{"name":"proc-macro2","version":"1.0.66","std":false,"custom_main":null,"import_str":null,"run_prover":false,"should_fail":false,"inject_cc_flags":false,"crossbeam_patch":false,"results":{"status":"Success","build_errors":null},"customized":false},{"name":"strsim","version":"0.10.0","std":false,"custom_main":null,"import_str":null,"run_prover":false,"should_fail":false,"inject_cc_flags":false,"crossbeam_patch":false,"results":{"status":"Success","build_errors":null},"customized":false},{"name":"ansi_term","version":"0.12.1","std":false,"custom_main":null,"import_str":null,"run_prover":false,"should_fail":false,"inject_cc_flags":false,"crossbeam_patch":false,"results":{"status":"Success","build_errors":null},"customized":false},{"name":"hashbrown","version":"0.14.0","std":false,"custom_main":null,"import_str":null,"run_prover":false,"should_fail":false,"inject_cc_flags":false,"crossbeam_patch":false,"results":{"status":"Success","build_errors":null},"customized":false},{"name":"hex-literal","version":"0.4.1","std":false,"custom_main":null,"import_str":null,"run_prover":false,"should_fail":false,"inject_cc_flags":false,"crossbeam_patch":false,"results":{"status":"Success","build_errors":null},"customized":false},{"name":"syn","version":"2.0.29","std":false,"custom_main":null,"import_str":null,"run_prover":false,"should_fail":false,"inject_cc_flags":false,"crossbeam_patch":false,"results":{"status":"Success","build_errors":null},"customized":false},{"name":"memoffset","version":"0.9.0","std":false,"custom_main":null,"import_str":null,"run_prover":false,"should_fail":false,"inject_cc_flags":false,"crossbeam_patch":false,"results":{"status":"Success","build_errors":null},"customized":false},{"name":"rlp","version":"0.5.2","std":false,"custom_main":null,"import_str":null,"run_prover":false,"should_fail":false,"inject_cc_flags":false,"crossbeam_patch":false,"results":{"status":"Success","build_errors":null},"customized":false}]}