[{"name":"Inflector","settings":{},"status":"Success","custom_profile":false,"version":"0.11.4"},{"name":"actix-codec","settings":{},"status":"Success","custom_profile":false,"version":"0.5.2"},{"name":"actix-http","settings":{},"status":"BuildFail","custom_profile":false,"version":"3.9.0","build_errors":"method_name: error: could not compile `mio` (lib) due to 48 previous errors\n`.\n, E0433, E0599.\n/src/net/udp.rs:762:9\n5:1\ncope\n\n\n57f/socket2-0.6.1/src/sys.rs\" or \"/home/ubuntu/.cargo/registry/src/index.crates.io-1949cf8c6b5b557f/socket2-0.6.1/src/sys/mod.rs\"\n"},{"name":"actix-macros","settings":{},"status":"Success","custom_profile":false,"version":"0.2.4"},{"name":"actix-router","settings":{},"status":"BuildFail","custom_profile":false,"version":"0.5.3","build_errors":"method_name: warning: build failed, waiting for other jobs to finish...\nus error\n0/toolchains/v1.88.0-rust-x86_64-unknown-linux-gnu/lib/rustlib/riscv32im-risc0-zkvm-elf/lib/libstd-1ac65f5883ab6d1a.rlib\n"},{"name":"actix-rt","settings":{},"status":"BuildFail","custom_profile":false,"version":"2.10.0","build_errors":"method_name: error: could not compile `mio` (lib) due to 48 previous errors\n`.\n, E0433, E0599.\n/src/net/udp.rs:762:9\n5:1\ncope\n\n\n57f/socket2-0.6.1/src/sys.rs\" or \"/home/ubuntu/.cargo/registry/src/index.crates.io-1949cf8c6b5b557f/socket2-0.6.1/src/sys/mod.rs\"\n"},{"name":"actix-server","settings":{},"status":"BuildFail","custom_profile":false,"version":"2.5.0","build_errors":"method_name: error: could not compile `mio` (lib) due to 48 previous errors\n`.\n, E0433, E0599.\n/src/net/udp.rs:762:9\n5:1\ncope\n\n\n57f/socket2-0.5.10/src/sys.rs\" or \"/home/ubuntu/.cargo/registry/src/index.crates.io-1949cf8c6b5b557f/socket2-0.5.10/src/sys/mod.rs\"\n"},{"name":"actix-service","settings":{},"status":"Success","custom_profile":false,"version":"2.0.2"},{"name":"actix-utils","settings":{},"status":"Success","custom_profile":false,"version":"3.0.1"},{"name":"actix-web","settings":{},"status":"BuildFail","custom_profile":false,"version":"4.9.0","build_errors":"method_name: error: could not compile `mio` (lib) due to 48 previous errors\nrs\n, E0433, E0599.\nurn` expression\ns:109:16\n:15\ne\n\n\n57f/socket2-0.5.10/src/sys.rs\" or \"/home/ubuntu/.cargo/registry/src/index.crates.io-1949cf8c6b5b557f/socket2-0.5.10/src/sys/mod.rs\"\n"},{"name":"actix-web-codegen","settings":{},"status":"Success","custom_profile":false,"version":"4.3.0"},{"name":"addr2line","settings":{},"status":"Success","custom_profile":false,"version":"0.24.2"},{"name":"adler","settings":{},"status":"Success","custom_profile":false,"version":"1.0.2"},{"name":"adler32","settings":{},"status":"Success","custom_profile":false,"version":"1.2.0"},{"name":"aead","settings":{},"status":"Success","custom_profile":false,"version":"0.5.2"},{"name":"aes","settings":{},"status":"Success","custom_profile":false,"version":"0.8.4"},{"name":"aes-gcm","settings":{},"status":"Success","custom_profile":false,"version":"0.10.3"},{"name":"ahash","settings":{},"status":"BuildFail","custom_profile":false,"version":"0.8.11","build_errors":"method_name: warning: build failed, waiting for other jobs to finish...\nus error\n0/toolchains/v1.88.0-rust-x86_64-unknown-linux-gnu/lib/rustlib/riscv32im-risc0-zkvm-elf/lib/libstd-1ac65f5883ab6d1a.rlib\n"},{"name":"aho-corasick","settings":{},"status":"Success","custom_profile":false,"version":"1.1.3"},{"name":"aliasable","settings":{},"status":"Success","custom_profile":false,"version":"0.1.3"},{"name":"alloc-no-stdlib","settings":{},"status":"Success","custom_profile":false,"version":"2.0.4"},{"name":"alloc-stdlib","settings":{},"status":"Success","custom_profile":false,"version":"0.2.2"},{"name":"allocator-api2","settings":{},"status":"BuildFail","custom_profile":false,"version":"0.2.21","build_errors":"method_name: warning: build failed, waiting for other jobs to finish...\nus error\n0/toolchains/v1.88.0-rust-x86_64-unknown-linux-gnu/lib/rustlib/riscv32im-risc0-zkvm-elf/lib/libstd-1ac65f5883ab6d1a.rlib\n"},{"name":"alloy-primitives","settings":{},"status":"BuildFail","custom_profile":false,"version":"0.8.14","build_errors":"method_name: warning: build failed, waiting for other jobs to finish...\nus error\n0/toolchains/v1.88.0-rust-x86_64-unknown-linux-gnu/lib/rustlib/riscv32im-risc0-zkvm-elf/lib/libstd-1ac65f5883ab6d1a.rlib\n"},{"name":"alloy-rlp","settings":{},"status":"Success","custom_profile":false,"version":"0.3.9"},{"name":"alloy-rlp-derive","settings":{},"status":"Success","custom_profile":false,"version":"0.3.9"},{"name":"android-tzdata","settings":{},"status":"Success","custom_profile":false,"version":"0.1.1"},{"name":"android_system_properties","settings":{},"status":"BuildFail","custom_profile":false,"version":"0.1.5","build_errors":"method_name: error: could not compile `android_system_properties` (lib) due to 1 previous error\nstem_properties-0.1.5/src/lib.rs:217:23\n"},{"name":"anes","settings":{},"status":"Success","custom_profile":false,"version":"0.2.0"},{"name":"ansi_term","settings":{},"status":"Success","custom_profile":false,"version":"0.12.1"},{"name":"anstream","settings":{},"status":"Success","custom_profile":false,"version":"0.6.18"},{"name":"anstyle","settings":{},"status":"Success","custom_profile":false,"version":"1.0.10"},{"name":"anstyle-parse","settings":{},"status":"Success","custom_profile":false,"version":"0.2.6"},{"name":"anstyle-query","settings":{},"status":"Success","custom_profile":false,"version":"1.1.2"},{"name":"anstyle-wincon","settings":{},"status":"Success","custom_profile":false,"version":"3.0.6"},{"name":"anyhow","settings":{"std":true},"status":"Success","custom_profile":true,"version":"1.0.93"},{"name":"approx","settings":{},"status":"Success","custom_profile":false,"version":"0.5.1"},{"name":"arbitrary","settings":{},"status":"Success","custom_profile":false,"version":"1.4.1"},{"name":"arc-swap","settings":{},"status":"Success","custom_profile":false,"version":"1.7.1"},{"name":"ark-std","settings":{},"status":"BuildFail","custom_profile":false,"version":"0.5.0","build_errors":"method_name: warning: build failed, waiting for other jobs to finish...\nus error\n0/toolchains/v1.88.0-rust-x86_64-unknown-linux-gnu/lib/rustlib/riscv32im-risc0-zkvm-elf/lib/libstd-1ac65f5883ab6d1a.rlib\n"},{"name":"arrayref","settings":{},"status":"Success","custom_profile":false,"version":"0.3.9"},{"name":"arrayvec","settings":{},"status":"BuildFail","custom_profile":false,"version":"0.7.6","build_errors":"method_name: warning: build failed, waiting for other jobs to finish...\nus error\n0/toolchains/v1.88.0-rust-x86_64-unknown-linux-gnu/lib/rustlib/riscv32im-risc0-zkvm-elf/lib/libstd-1ac65f5883ab6d1a.rlib\n"},{"name":"ascii","settings":{},"status":"Success","custom_profile":false,"version":"1.1.0"},{"name":"ascii-canvas","settings":{},"status":"Success","custom_profile":false,"version":"4.0.0"},{"name":"asn1-rs","settings":{},"status":"BuildFail","custom_profile":false,"version":"0.6.2","build_errors":"method_name: warning: build failed, waiting for other jobs to finish...\nus error\n0/toolchains/v1.88.0-rust-x86_64-unknown-linux-gnu/lib/rustlib/riscv32im-risc0-zkvm-elf/lib/libstd-1ac65f5883ab6d1a.rlib\n"},{"name":"asn1-rs-derive","settings":{},"status":"Success","custom_profile":false,"version":"0.5.1"},{"name":"asn1-rs-impl","settings":{},"status":"Success","custom_profile":false,"version":"0.2.0"},{"name":"assert-json-diff","settings":{},"status":"BuildFail","custom_profile":false,"version":"2.0.2","build_errors":"method_name: warning: build failed, waiting for other jobs to finish...\nus error\n0/toolchains/v1.88.0-rust-x86_64-unknown-linux-gnu/lib/rustlib/riscv32im-risc0-zkvm-elf/lib/libstd-1ac65f5883ab6d1a.rlib\n"},{"name":"assert_cmd","settings":{},"status":"BuildFail","custom_profile":false,"version":"2.0.16","build_errors":"method_name: warning: build failed, waiting for other jobs to finish...\nious error\np` to add it to your `Cargo.toml`\n:9\n"},{"name":"assert_matches","settings":{},"status":"Success","custom_profile":false,"version":"1.5.0"},{"name":"async-broadcast","settings":{},"status":"Success","custom_profile":false,"version":"0.7.1"},{"name":"async-channel","settings":{"patch":"[patch.crates-io]\ncrossbeam = { git = \"https://github.com/risc0/crossbeam\", rev = \"b25eb50f8c193f36dacb6739692261ea96827bb7\" }\ncrossbeam-utils = { git = \"https://github.com/risc0/crossbeam\", rev = \"b25eb50f8c193f36dacb6739692261ea96827bb7\" }\ncrossbeam-channel = { git = \"https://github.com/risc0/crossbeam\", rev = \"b25eb50f8c193f36dacb6739692261ea96827bb7\" }\n"},"status":"Success","custom_profile":true,"version":"2.3.1"},{"name":"async-compression","settings":{},"status":"Success","custom_profile":false,"version":"0.4.18"},{"name":"async-executor","settings":{"patch":"[patch.crates-io]\ncrossbeam = { git = \"https://github.com/risc0/crossbeam\", rev = \"b25eb50f8c193f36dacb6739692261ea96827bb7\" }\ncrossbeam-utils = { git = \"https://github.com/risc0/crossbeam\", rev = \"b25eb50f8c193f36dacb6739692261ea96827bb7\" }\ncrossbeam-channel = { git = \"https://github.com/risc0/crossbeam\", rev = \"b25eb50f8c193f36dacb6739692261ea96827bb7\" }\n"},"status":"Success","custom_profile":true,"version":"1.13.1"},{"name":"async-global-executor","settings":{},"status":"BuildFail","custom_profile":false,"version":"2.4.1","build_errors":"method_name: error: could not compile `polling` (lib) due to 13 previous errors\nd sys` to add it to your `Cargo.toml`\n\n"},{"name":"async-io","settings":{"patch":"[patch.crates-io]\ncrossbeam = { git = \"https://github.com/risc0/crossbeam\", rev = \"b25eb50f8c193f36dacb6739692261ea96827bb7\" }\ncrossbeam-utils = { git = \"https://github.com/risc0/crossbeam\", rev = \"b25eb50f8c193f36dacb6739692261ea96827bb7\" }\ncrossbeam-channel = { git = \"https://github.com/risc0/crossbeam\", rev = \"b25eb50f8c193f36dacb6739692261ea96827bb7\" }\n"},"status":"BuildFail","custom_profile":true,"version":"2.4.0","build_errors":"method_name: error: could not compile `polling` (lib) due to 13 previous errors\nd sys` to add it to your `Cargo.toml`\n\n27bb7#b25eb50f)` was not used in the crate graph.\n\n\n"},{"name":"async-lock","settings":{},"status":"Success","custom_profile":false,"version":"3.4.0"},{"name":"async-process","settings":{},"status":"BuildFail","custom_profile":false,"version":"2.3.0","build_errors":"method_name: error: could not compile `polling` (lib) due to 13 previous errors\nd sys` to add it to your `Cargo.toml`\n\n"},{"name":"async-recursion","settings":{},"status":"Success","custom_profile":false,"version":"1.1.1"},{"name":"async-std","settings":{},"status":"BuildFail","custom_profile":false,"version":"1.13.0","build_errors":"method_name: error: could not compile `polling` (lib) due to 13 previous errors\nd sys` to add it to your `Cargo.toml`\n\n"},{"name":"async-stream","settings":{},"status":"Success","custom_profile":false,"version":"0.3.6"},{"name":"async-stream-impl","settings":{},"status":"Success","custom_profile":false,"version":"0.3.6"},{"name":"async-task","settings":{},"status":"Success","custom_profile":false,"version":"4.7.1"},{"name":"async-trait","settings":{},"status":"Success","custom_profile":false,"version":"0.1.83"},{"name":"atoi","settings":{},"status":"BuildFail","custom_profile":false,"version":"2.0.0","build_errors":"method_name: warning: build failed, waiting for other jobs to finish...\nus error\n0/toolchains/v1.88.0-rust-x86_64-unknown-linux-gnu/lib/rustlib/riscv32im-risc0-zkvm-elf/lib/libstd-1ac65f5883ab6d1a.rlib\n"},{"name":"atomic","settings":{},"status":"Success","custom_profile":false,"version":"0.6.0"},{"name":"atomic-waker","settings":{},"status":"Success","custom_profile":false,"version":"1.1.2"},{"name":"atty","settings":{},"status":"BuildFail","custom_profile":false,"version":"0.2.14","build_errors":"method_name: error: could not compile `atty` (lib) due to 1 previous error\n425`.\n57f/atty-0.2.14/src/lib.rs:98:6\n"},{"name":"autocfg","settings":{},"status":"Success","custom_profile":false,"version":"1.4.0"},{"name":"aws-config","settings":{},"status":"BuildFail","custom_profile":false,"version":"1.5.10","build_errors":"method_name: error: could not compile `mio` (lib) due to 48 previous errors\n`.\n, E0433, E0599.\n/src/net/udp.rs:762:9\n5:1\ncope\n\n\n57f/socket2-0.6.1/src/sys.rs\" or \"/home/ubuntu/.cargo/registry/src/index.crates.io-1949cf8c6b5b557f/socket2-0.6.1/src/sys/mod.rs\"\n"},{"name":"aws-credential-types","settings":{},"status":"BuildFail","custom_profile":false,"version":"1.2.1","build_errors":"method_name: warning: build failed, waiting for other jobs to finish...\nus error\n0/toolchains/v1.88.0-rust-x86_64-unknown-linux-gnu/lib/rustlib/riscv32im-risc0-zkvm-elf/lib/libstd-1ac65f5883ab6d1a.rlib\n"},{"name":"aws-http","settings":{},"status":"BuildFail","custom_profile":false,"version":"0.60.6","build_errors":"method_name: warning: build failed, waiting for other jobs to finish...\nus error\n0/toolchains/v1.88.0-rust-x86_64-unknown-linux-gnu/lib/rustlib/riscv32im-risc0-zkvm-elf/lib/libstd-1ac65f5883ab6d1a.rlib\n"},{"name":"aws-sdk-s3","settings":{},"status":"BuildFail","custom_profile":false,"version":"1.64.0","build_errors":"method_name: error: could not compile `mio` (lib) due to 48 previous errors\n`.\n, E0433, E0599.\n/src/net/udp.rs:762:9\n5:1\ncope\n\n\n57f/socket2-0.5.10/src/sys.rs\" or \"/home/ubuntu/.cargo/registry/src/index.crates.io-1949cf8c6b5b557f/socket2-0.5.10/src/sys/mod.rs\"\n"},{"name":"aws-sdk-sso","settings":{},"status":"BuildFail","custom_profile":false,"version":"1.49.0","build_errors":"method_name: error: could not compile `risc0-zkvm` (lib) due to 1 previous error\n0/toolchains/v1.88.0-rust-x86_64-unknown-linux-gnu/lib/rustlib/riscv32im-risc0-zkvm-elf/lib/libstd-1ac65f5883ab6d1a.rlib\ncrates.io-1949cf8c6b5b557f/socket2-0.5.10/src/sys/mod.rs\"\n"},{"name":"aws-sdk-sts","settings":{},"status":"BuildFail","custom_profile":false,"version":"1.50.0","build_errors":"method_name: error: could not compile `risc0-zkvm` (lib) due to 1 previous error\n0/toolchains/v1.88.0-rust-x86_64-unknown-linux-gnu/lib/rustlib/riscv32im-risc0-zkvm-elf/lib/libstd-1ac65f5883ab6d1a.rlib\ncrates.io-1949cf8c6b5b557f/socket2-0.5.10/src/sys/mod.rs\"\n"},{"name":"aws-sigv4","settings":{},"status":"BuildFail","custom_profile":false,"version":"1.2.5","build_errors":"method_name: warning: build failed, waiting for other jobs to finish...\nus error\n0/toolchains/v1.88.0-rust-x86_64-unknown-linux-gnu/lib/rustlib/riscv32im-risc0-zkvm-elf/lib/libstd-1ac65f5883ab6d1a.rlib\n"},{"name":"aws-smithy-async","settings":{},"status":"Success","custom_profile":false,"version":"1.2.1"},{"name":"aws-smithy-checksums","settings":{},"status":"BuildFail","custom_profile":false,"version":"0.60.13","build_errors":"method_name: warning: build failed, waiting for other jobs to finish...\nus error\n0/toolchains/v1.88.0-rust-x86_64-unknown-linux-gnu/lib/rustlib/riscv32im-risc0-zkvm-elf/lib/libstd-1ac65f5883ab6d1a.rlib\n"},{"name":"aws-smithy-eventstream","settings":{},"status":"BuildFail","custom_profile":false,"version":"0.60.5","build_errors":"method_name: warning: build failed, waiting for other jobs to finish...\nus error\n0/toolchains/v1.88.0-rust-x86_64-unknown-linux-gnu/lib/rustlib/riscv32im-risc0-zkvm-elf/lib/libstd-1ac65f5883ab6d1a.rlib\n"},{"name":"aws-smithy-http","settings":{},"status":"BuildFail","custom_profile":false,"version":"0.60.11","build_errors":"method_name: warning: build failed, waiting for other jobs to finish...\nus error\n0/toolchains/v1.88.0-rust-x86_64-unknown-linux-gnu/lib/rustlib/riscv32im-risc0-zkvm-elf/lib/libstd-1ac65f5883ab6d1a.rlib\n"},{"name":"aws-smithy-json","settings":{},"status":"BuildFail","custom_profile":false,"version":"0.60.7","build_errors":"method_name: warning: build failed, waiting for other jobs to finish...\nus error\n0/toolchains/v1.88.0-rust-x86_64-unknown-linux-gnu/lib/rustlib/riscv32im-risc0-zkvm-elf/lib/libstd-1ac65f5883ab6d1a.rlib\n"},{"name":"aws-smithy-query","settings":{},"status":"BuildFail","custom_profile":false,"version":"0.60.7","build_errors":"method_name: error: could not compile `risc0-zkvm` (lib) due to 1 previous error\n0/toolchains/v1.88.0-rust-x86_64-unknown-linux-gnu/lib/rustlib/riscv32im-risc0-zkvm-elf/lib/libstd-1ac65f5883ab6d1a.rlib\n"},{"name":"aws-smithy-types","settings":{},"status":"BuildFail","custom_profile":false,"version":"1.2.9","build_errors":"method_name: error: could not compile `risc0-zkvm` (lib) due to 1 previous error\n0/toolchains/v1.88.0-rust-x86_64-unknown-linux-gnu/lib/rustlib/riscv32im-risc0-zkvm-elf/lib/libstd-1ac65f5883ab6d1a.rlib\n"},{"name":"aws-smithy-xml","settings":{},"status":"Success","custom_profile":false,"version":"0.60.9"},{"name":"aws-types","settings":{},"status":"BuildFail","custom_profile":false,"version":"1.3.3","build_errors":"method_name: warning: build failed, waiting for other jobs to finish...\nus error\n0/toolchains/v1.88.0-rust-x86_64-unknown-linux-gnu/lib/rustlib/riscv32im-risc0-zkvm-elf/lib/libstd-1ac65f5883ab6d1a.rlib\n"},{"name":"axum","settings":{},"status":"BuildFail","custom_profile":false,"version":"0.7.9","build_errors":"method_name: error: could not compile `mio` (lib) due to 48 previous errors\n`.\n, E0433, E0599.\n/src/net/udp.rs:762:9\n5:1\ncope\n\n\n57f/socket2-0.6.1/src/sys.rs\" or \"/home/ubuntu/.cargo/registry/src/index.crates.io-1949cf8c6b5b557f/socket2-0.6.1/src/sys/mod.rs\"\n"},{"name":"axum-core","settings":{},"status":"Success","custom_profile":false,"version":"0.4.5"},{"name":"axum-macros","settings":{},"status":"Success","custom_profile":false,"version":"0.4.2"},{"name":"backoff","settings":{},"status":"BuildFail","custom_profile":false,"version":"0.4.0","build_errors":"method_name: warning: build failed, waiting for other jobs to finish...\nus error\n0/toolchains/v1.88.0-rust-x86_64-unknown-linux-gnu/lib/rustlib/riscv32im-risc0-zkvm-elf/lib/libstd-1ac65f5883ab6d1a.rlib\n"},{"name":"backtrace","settings":{},"status":"Success","custom_profile":false,"version":"0.3.74"},{"name":"backtrace-sys","settings":{},"status":"BuildFail","custom_profile":false,"version":"0.1.37","build_errors":"method_name: \n error occurred in cc-rs: command did not execute successfully (status code exit status: 1): LC_ALL=\"C\" \"/home/ubuntu/.risc0/toolchains/v2024.1.5-cpp-x86_64-unknown-linux-gnu/riscv32im-linux-x86_64/bin/riscv32-unknown-elf-gcc\" \"-O3\" \"-ffunction-sections\" \"-fdata-sections\" \"-fPIC\" \"-march=rv32im\" \"-mabi=ilp32\" \"-I\" \"src/libbacktrace\" \"-I\" \"/tmp/.tmpfxWbln/template_project/target/riscv-guest/methods/method_name/riscv32im-risc0-zkvm-elf/release/build/backtrace-sys-76378a80d2077c9b/out\" \"-fvisibility=hidden\" \"-DBACKTRACE_ELF_SIZE=32\" \"-DBACKTRACE_SUPPORTED=1\" \"-DBACKTRACE_USES_MALLOC=1\" \"-DBACKTRACE_SUPPORTS_THREADS=0\" \"-DBACKTRACE_SUPPORTS_DATA=0\" \"-DHAVE_DL_ITERATE_PHDR=1\" \"-D_GNU_SOURCE=1\" \"-D_LARGE_FILES=1\" \"-Dbacktrace_full=__rbt_backtrace_full\" \"-Dbacktrace_dwarf_add=__rbt_backtrace_dwarf_add\" \"-Dbacktrace_initialize=__rbt_backtrace_initialize\" \"-Dbacktrace_pcinfo=__rbt_backtrace_pcinfo\" \"-Dbacktrace_syminfo=__rbt_backtrace_syminfo\" \"-Dbacktrace_get_view=__rbt_backtrace_get_view\" \"-Dbacktrace_release_view=__rbt_backtrace_release_view\" \"-Dbacktrace_alloc=__rbt_backtrace_alloc\" \"-Dbacktrace_free=__rbt_backtrace_free\" \"-Dbacktrace_vector_finish=__rbt_backtrace_vector_finish\" \"-Dbacktrace_vector_grow=__rbt_backtrace_vector_grow\" \"-Dbacktrace_vector_release=__rbt_backtrace_vector_release\" \"-Dbacktrace_close=__rbt_backtrace_close\" \"-Dbacktrace_open=__rbt_backtrace_open\" \"-Dbacktrace_print=__rbt_backtrace_print\" \"-Dbacktrace_simple=__rbt_backtrace_simple\" \"-Dbacktrace_qsort=__rbt_backtrace_qsort\" \"-Dbacktrace_create_state=__rbt_backtrace_create_state\" \"-Dbacktrace_uncompress_zdebug=__rbt_backtrace_uncompress_zdebug\" \"-Dmacho_get_view=__rbt_macho_get_view\" \"-Dmacho_symbol_type_relevant=__rbt_macho_symbol_type_relevant\" \"-Dmacho_get_commands=__rbt_macho_get_commands\" \"-Dmacho_try_dsym=__rbt_macho_try_dsym\" \"-Dmacho_try_dwarf=__rbt_macho_try_dwarf\" \"-Dmacho_get_addr_range=__rbt_macho_get_addr_range\" \"-Dmacho_get_uuid=__rbt_macho_get_uuid\" \"-Dmacho_add=__rbt_macho_add\" \"-Dmacho_add_symtab=__rbt_macho_add_symtab\" \"-Dmacho_file_to_host_u64=__rbt_macho_file_to_host_u64\" \"-Dmacho_file_to_host_u32=__rbt_macho_file_to_host_u32\" \"-Dmacho_file_to_host_u16=__rbt_macho_file_to_host_u16\" \"-march=rv32im\" \"-nostdlib\" \"-o\" \"/tmp/.tmpfxWbln/template_project/target/riscv-guest/methods/method_name/riscv32im-risc0-zkvm-elf/release/build/backtrace-sys-76378a80d2077c9b/out/c0ac3bf44d26aa29-mmapio.o\" \"-c\" \"src/libbacktrace/mmapio.c\"\n"},{"name":"base-x","settings":{},"status":"Success","custom_profile":false,"version":"0.2.11"},{"name":"base16ct","settings":{},"status":"Success","custom_profile":false,"version":"0.2.0"},{"name":"base64","settings":{},"status":"Success","custom_profile":false,"version":"0.22.1"},{"name":"base64-simd","settings":{},"status":"Success","custom_profile":false,"version":"0.8.0"},{"name":"base64ct","settings":{},"status":"Success","custom_profile":false,"version":"1.6.0"},{"name":"bech32","settings":{},"status":"Success","custom_profile":false,"version":"0.11.0"},{"name":"beef","settings":{},"status":"Success","custom_profile":false,"version":"0.5.2"},{"name":"bigdecimal","settings":{},"status":"BuildFail","custom_profile":false,"version":"0.4.6","build_errors":"method_name: warning: build failed, waiting for other jobs to finish...\nus error\n0/toolchains/v1.88.0-rust-x86_64-unknown-linux-gnu/lib/rustlib/riscv32im-risc0-zkvm-elf/lib/libstd-1ac65f5883ab6d1a.rlib\n"},{"name":"bincode","settings":{},"status":"Success","custom_profile":false,"version":"2.0.0-beta.0"},{"name":"bindgen","settings":{},"status":"BuildFail","custom_profile":false,"version":"0.69.5","build_errors":"method_name: warning: build failed, waiting for other jobs to finish...\nror\n^^^^^^^^^^^^^^\n\n.3.14/src/sys.rs:12:1\n"},{"name":"bit-set","settings":{},"status":"Success","custom_profile":false,"version":"0.8.0"},{"name":"bit-vec","settings":{},"status":"Success","custom_profile":false,"version":"0.8.0"},{"name":"bit_field","settings":{},"status":"Success","custom_profile":false,"version":"0.10.2"},{"name":"bitflags","settings":{},"status":"Success","custom_profile":false,"version":"2.6.0"},{"name":"bitmaps","settings":{},"status":"Success","custom_profile":false,"version":"3.2.1"},{"name":"bitvec","settings":{},"status":"Success","custom_profile":false,"version":"1.0.1"},{"name":"blake2","settings":{},"status":"Success","custom_profile":false,"version":"0.11.0-pre.3"},{"name":"blake2b_simd","settings":{},"status":"Success","custom_profile":false,"version":"1.0.2"},{"name":"blake3","settings":{},"status":"Success","custom_profile":false,"version":"1.5.5"},{"name":"block-buffer","settings":{},"status":"Success","custom_profile":false,"version":"0.10.4"},{"name":"block-modes","settings":{},"status":"Success","custom_profile":false,"version":"0.9.1"},{"name":"block-padding","settings":{},"status":"Success","custom_profile":false,"version":"0.3.3"},{"name":"blocking","settings":{"patch":"[patch.crates-io]\ncrossbeam = { git = \"https://github.com/risc0/crossbeam\", rev = \"b25eb50f8c193f36dacb6739692261ea96827bb7\" }\ncrossbeam-utils = { git = \"https://github.com/risc0/crossbeam\", rev = \"b25eb50f8c193f36dacb6739692261ea96827bb7\" }\ncrossbeam-channel = { git = \"https://github.com/risc0/crossbeam\", rev = \"b25eb50f8c193f36dacb6739692261ea96827bb7\" }\n"},"status":"Success","custom_profile":true,"version":"1.6.1"},{"name":"borsh","settings":{},"status":"BuildFail","custom_profile":false,"version":"1.5.3","build_errors":"method_name: warning: build failed, waiting for other jobs to finish...\nus error\n0/toolchains/v1.88.0-rust-x86_64-unknown-linux-gnu/lib/rustlib/riscv32im-risc0-zkvm-elf/lib/libstd-1ac65f5883ab6d1a.rlib\n"},{"name":"borsh-derive","settings":{},"status":"Success","custom_profile":false,"version":"1.5.3"},{"name":"borsh-derive-internal","settings":{},"status":"Success","custom_profile":false,"version":"0.10.4"},{"name":"borsh-schema-derive-internal","settings":{},"status":"Success","custom_profile":false,"version":"0.10.4"},{"name":"brotli","settings":{},"status":"Success","custom_profile":false,"version":"7.0.0"},{"name":"brotli-decompressor","settings":{},"status":"Success","custom_profile":false,"version":"4.0.1"},{"name":"bs58","settings":{},"status":"Success","custom_profile":false,"version":"0.5.1"},{"name":"bstr","settings":{},"status":"Success","custom_profile":false,"version":"1.11.0"},{"name":"bumpalo","settings":{},"status":"Success","custom_profile":false,"version":"3.16.0"},{"name":"byte-slice-cast","settings":{},"status":"Success","custom_profile":false,"version":"1.2.2"},{"name":"byte-tools","settings":{},"status":"Success","custom_profile":false,"version":"0.3.1"},{"name":"bytecheck","settings":{},"status":"Success","custom_profile":false,"version":"0.8.0"},{"name":"bytecheck_derive","settings":{},"status":"Success","custom_profile":false,"version":"0.8.0"},{"name":"bytecount","settings":{},"status":"Success","custom_profile":false,"version":"0.6.8"},{"name":"bytemuck","settings":{},"status":"Success","custom_profile":false,"version":"1.20.0"},{"name":"bytemuck_derive","settings":{},"status":"Success","custom_profile":false,"version":"1.8.0"},{"name":"byteorder","settings":{},"status":"BuildFail","custom_profile":false,"version":"1.5.0","build_errors":"method_name: warning: build failed, waiting for other jobs to finish...\nus error\n0/toolchains/v1.88.0-rust-x86_64-unknown-linux-gnu/lib/rustlib/riscv32im-risc0-zkvm-elf/lib/libstd-1ac65f5883ab6d1a.rlib\n"},{"name":"bytes","settings":{},"status":"Success","custom_profile":false,"version":"1.9.0"},{"name":"bytes-utils","settings":{},"status":"Success","custom_profile":false,"version":"0.1.4"},{"name":"bytesize","settings":{},"status":"Success","custom_profile":false,"version":"1.3.0"},{"name":"bytestring","settings":{},"status":"Success","custom_profile":false,"version":"1.4.0"},{"name":"bzip2","settings":{},"status":"BuildFail","custom_profile":false,"version":"0.4.4","build_errors":"method_name: error: could not compile `bzip2` (lib) due to 1 previous error\n32`.\n7f/bzip2-0.4.4/src/mem.rs:9:12\n"},{"name":"bzip2-sys","settings":{},"status":"Success","custom_profile":false,"version":"0.1.11+1.0.8"},{"name":"cache-padded","settings":{},"status":"Success","custom_profile":false,"version":"1.3.0"},{"name":"cadence","settings":{},"status":"Success","custom_profile":false,"version":"1.5.0"},{"name":"camino","settings":{},"status":"Success","custom_profile":false,"version":"1.1.9"},{"name":"cargo-platform","settings":{},"status":"BuildFail","custom_profile":false,"version":"0.1.9","build_errors":"method_name: warning: build failed, waiting for other jobs to finish...\nus error\n0/toolchains/v1.88.0-rust-x86_64-unknown-linux-gnu/lib/rustlib/riscv32im-risc0-zkvm-elf/lib/libstd-1ac65f5883ab6d1a.rlib\n"},{"name":"cargo_metadata","settings":{"std":true},"status":"Success","custom_profile":true,"version":"0.19.0"},{"name":"cast","settings":{},"status":"Success","custom_profile":false,"version":"0.3.0"},{"name":"castaway","settings":{},"status":"Success","custom_profile":false,"version":"0.2.3"},{"name":"cbindgen","settings":{},"status":"BuildFail","custom_profile":false,"version":"0.27.0","build_errors":"method_name: warning: build failed, waiting for other jobs to finish...\nus error\n0/toolchains/v1.88.0-rust-x86_64-unknown-linux-gnu/lib/rustlib/riscv32im-risc0-zkvm-elf/lib/libstd-1ac65f5883ab6d1a.rlib\n"},{"name":"cc","settings":{},"status":"BuildFail","custom_profile":false,"version":"1.2.2","build_errors":"method_name: error: could not compile `cc` (lib) due to 1 previous error\n^^^^^^^^^^^^^^^^^^^^^^^^^^^^^\n\nile.rs:12:1\n"},{"name":"cesu8","settings":{},"status":"Success","custom_profile":false,"version":"1.1.0"},{"name":"cexpr","settings":{},"status":"Success","custom_profile":false,"version":"0.6.0"},{"name":"cfg-expr","settings":{},"status":"Success","custom_profile":false,"version":"0.17.2"},{"name":"cfg-if","settings":{},"status":"Success","custom_profile":false,"version":"1.0.0"},{"name":"cfg_aliases","settings":{},"status":"Success","custom_profile":false,"version":"0.2.1"},{"name":"chacha20","settings":{},"status":"Success","custom_profile":false,"version":"0.9.1"},{"name":"chacha20poly1305","settings":{},"status":"Success","custom_profile":false,"version":"0.10.1"},{"name":"chrono","settings":{},"status":"Success","custom_profile":false,"version":"0.4.38"},{"name":"chrono-tz","settings":{},"status":"Success","custom_profile":false,"version":"0.10.0"},{"name":"chrono-tz-build","settings":{},"status":"Success","custom_profile":false,"version":"0.4.0"},{"name":"chunked_transfer","settings":{},"status":"Success","custom_profile":false,"version":"1.5.0"},{"name":"ciborium","settings":{},"status":"BuildFail","custom_profile":false,"version":"0.2.2","build_errors":"method_name: warning: build failed, waiting for other jobs to finish...\nus error\n0/toolchains/v1.88.0-rust-x86_64-unknown-linux-gnu/lib/rustlib/riscv32im-risc0-zkvm-elf/lib/libstd-1ac65f5883ab6d1a.rlib\n"},{"name":"ciborium-io","settings":{},"status":"Success","custom_profile":false,"version":"0.2.2"},{"name":"ciborium-ll","settings":{},"status":"Success","custom_profile":false,"version":"0.2.2"},{"name":"cipher","settings":{},"status":"Success","custom_profile":false,"version":"0.4.4"},{"name":"clang-sys","settings":{},"status":"BuildFail","custom_profile":false,"version":"1.9.0","build_errors":"method_name: required by package `method_name v0.1.0 (/tmp/.tmpfxWbln/template_project/methods/guest)`\n"},{"name":"clap","settings":{"std":true},"status":"Success","custom_profile":true,"version":"4.5.21"},{"name":"clap_builder","settings":{},"status":"Success","custom_profile":false,"version":"4.5.21"},{"name":"clap_complete","settings":{},"status":"Success","custom_profile":false,"version":"4.5.38"},{"name":"clap_derive","settings":{},"status":"Success","custom_profile":false,"version":"4.5.18"},{"name":"clap_lex","settings":{},"status":"Success","custom_profile":false,"version":"0.7.3"},{"name":"cmake","settings":{},"status":"BuildFail","custom_profile":false,"version":"0.1.52","build_errors":"method_name: error: could not compile `cc` (lib) due to 1 previous error\n^^^^^^^^^^^^^^^^^^^^^^^^^^^^^\n\nile.rs:12:1\n"},{"name":"codespan-reporting","settings":{},"status":"Success","custom_profile":false,"version":"0.11.1"},{"name":"color-eyre","settings":{},"status":"BuildFail","custom_profile":false,"version":"0.6.3","build_errors":"method_name: warning: build failed, waiting for other jobs to finish...\nus error\n0/toolchains/v1.88.0-rust-x86_64-unknown-linux-gnu/lib/rustlib/riscv32im-risc0-zkvm-elf/lib/libstd-1ac65f5883ab6d1a.rlib\n"},{"name":"color_quant","settings":{},"status":"Success","custom_profile":false,"version":"1.1.0"},{"name":"colorchoice","settings":{},"status":"Success","custom_profile":false,"version":"1.0.3"},{"name":"colored","settings":{},"status":"Success","custom_profile":false,"version":"2.1.0"},{"name":"combine","settings":{},"status":"Success","custom_profile":false,"version":"4.6.7"},{"name":"comfy-table","settings":{},"status":"BuildFail","custom_profile":false,"version":"7.1.3","build_errors":"method_name: error: could not compile `crossterm` (lib) due to 5 previous errors\nurn` expression\n`, found `()`\ninal.rs:107:33\n1\n\n"},{"name":"concurrent-queue","settings":{"patch":"[patch.crates-io]\ncrossbeam = { git = \"https://github.com/risc0/crossbeam\", rev = \"b25eb50f8c193f36dacb6739692261ea96827bb7\" }\ncrossbeam-utils = { git = \"https://github.com/risc0/crossbeam\", rev = \"b25eb50f8c193f36dacb6739692261ea96827bb7\" }\ncrossbeam-channel = { git = \"https://github.com/risc0/crossbeam\", rev = \"b25eb50f8c193f36dacb6739692261ea96827bb7\" }\n"},"status":"Success","custom_profile":true,"version":"2.5.0"},{"name":"config","settings":{},"status":"BuildFail","custom_profile":false,"version":"0.14.1","build_errors":"method_name: warning: build failed, waiting for other jobs to finish...\nus error\n0/toolchains/v1.88.0-rust-x86_64-unknown-linux-gnu/lib/rustlib/riscv32im-risc0-zkvm-elf/lib/libstd-1ac65f5883ab6d1a.rlib\n"},{"name":"console","settings":{},"status":"BuildFail","custom_profile":false,"version":"0.15.8","build_errors":"method_name: warning: build failed, waiting for other jobs to finish...\n errors\nb557f/console-0.15.11/src/term.rs:517:9\n\n"},{"name":"console_error_panic_hook","settings":{},"status":"Success","custom_profile":false,"version":"0.1.7"},{"name":"const-oid","settings":{},"status":"Success","custom_profile":false,"version":"0.9.6"},{"name":"const-random","settings":{},"status":"Success","custom_profile":false,"version":"0.1.18"},{"name":"const-random-macro","settings":{},"status":"Success","custom_profile":false,"version":"0.1.16"},{"name":"const_fn","settings":{},"status":"Success","custom_profile":false,"version":"0.4.10"},{"name":"const_format","settings":{},"status":"Success","custom_profile":false,"version":"0.2.33"},{"name":"const_format_proc_macros","settings":{},"status":"Success","custom_profile":false,"version":"0.2.33"},{"name":"constant_time_eq","settings":{},"status":"Success","custom_profile":false,"version":"0.3.1"},{"name":"convert_case","settings":{},"status":"Success","custom_profile":false,"version":"0.6.0"},{"name":"cookie","settings":{},"status":"Success","custom_profile":false,"version":"0.18.1"},{"name":"cookie_store","settings":{},"status":"BuildFail","custom_profile":false,"version":"0.21.1","build_errors":"method_name: warning: build failed, waiting for other jobs to finish...\nus error\n0/toolchains/v1.88.0-rust-x86_64-unknown-linux-gnu/lib/rustlib/riscv32im-risc0-zkvm-elf/lib/libstd-1ac65f5883ab6d1a.rlib\n"},{"name":"core-foundation","settings":{},"status":"BuildFail","custom_profile":false,"version":"0.10.0","build_errors":"method_name: error: could not compile `core-foundation` (lib) due to 2 previous errors\nre-foundation-0.10.1/src/url.rs:23:12\nr.rs:19:14\n"},{"name":"core-foundation-sys","settings":{},"status":"Success","custom_profile":false,"version":"0.8.7"},{"name":"cpp_demangle","settings":{},"status":"Success","custom_profile":false,"version":"0.4.4"},{"name":"cpufeatures","settings":{},"status":"BuildFail","custom_profile":false,"version":"0.2.16","build_errors":"method_name: error: could not compile `cpufeatures` (lib) due to 1 previous error\n^^^^^^^^^^^^^^^^^^^^^^^^^^^^^^^^^^\n\n2:1\n"},{"name":"cpuid-bool","settings":{},"status":"BuildFail","custom_profile":false,"version":"0.99.99","build_errors":"method_name: error: could not compile `cpuid-bool` (lib) due to 1 previous error\n^^^^^^^^^^^^^^^^^^^^^^^^^^^^^^^^^^^^^^^^^^^^^^^^^^^^^^^^^^^^^^^^^^^^^^^^^\n\n"},{"name":"cranelift-bforest","settings":{},"status":"Success","custom_profile":false,"version":"0.114.0"},{"name":"cranelift-codegen","settings":{},"status":"BuildFail","custom_profile":false,"version":"0.114.0","build_errors":"method_name: warning: build failed, waiting for other jobs to finish...\n display a backtrace\n9cf8c6b5b557f/target-lexicon-0.12.16/build.rs:52:54:\nicon-a4e185bd66a97fe7/build-script-build` (exit status: 101)\n"},{"name":"cranelift-codegen-meta","settings":{},"status":"Success","custom_profile":false,"version":"0.114.0"},{"name":"cranelift-entity","settings":{},"status":"Success","custom_profile":false,"version":"0.114.0"},{"name":"cranelift-frontend","settings":{},"status":"BuildFail","custom_profile":false,"version":"0.114.0","build_errors":"method_name: warning: build failed, waiting for other jobs to finish...\n display a backtrace\n9cf8c6b5b557f/target-lexicon-0.12.16/build.rs:52:54:\nicon-a4e185bd66a97fe7/build-script-build` (exit status: 101)\n"},{"name":"crc","settings":{},"status":"Success","custom_profile":false,"version":"3.2.1"},{"name":"crc-catalog","settings":{},"status":"Success","custom_profile":false,"version":"2.4.0"},{"name":"crc32c","settings":{},"status":"Success","custom_profile":false,"version":"0.6.8"},{"name":"crc32fast","settings":{},"status":"Success","custom_profile":false,"version":"1.4.2"},{"name":"criterion","settings":{"std":true,"patch":"[patch.crates-io]\ncrossbeam = { git = \"https://github.com/risc0/crossbeam\", rev = \"b25eb50f8c193f36dacb6739692261ea96827bb7\" }\ncrossbeam-utils = { git = \"https://github.com/risc0/crossbeam\", rev = \"b25eb50f8c193f36dacb6739692261ea96827bb7\" }\ncrossbeam-channel = { git = \"https://github.com/risc0/crossbeam\", rev = \"b25eb50f8c193f36dacb6739692261ea96827bb7\" }\n"},"status":"BuildFail","custom_profile":true,"version":"0.5.1","build_errors":"method_name: warning: build failed, waiting for other jobs to finish...\nous error\n7f/is-terminal-0.4.17/src/lib.rs:84:14\n2im-m3)\nb50f)` was not used in the crate graph.\n\n\n"},{"name":"criterion-plot","settings":{},"status":"BuildFail","custom_profile":false,"version":"0.5.0","build_errors":"method_name: warning: build failed, waiting for other jobs to finish...\nus error\n0/toolchains/v1.88.0-rust-x86_64-unknown-linux-gnu/lib/rustlib/riscv32im-risc0-zkvm-elf/lib/libstd-1ac65f5883ab6d1a.rlib\n"},{"name":"crossbeam","settings":{},"status":"Success","custom_profile":false,"version":"0.8.4"},{"name":"crossbeam-channel","settings":{},"status":"Success","custom_profile":false,"version":"0.5.13"},{"name":"crossbeam-deque","settings":{"patch":"[patch.crates-io]\ncrossbeam = { git = \"https://github.com/risc0/crossbeam\", rev = \"b25eb50f8c193f36dacb6739692261ea96827bb7\" }\ncrossbeam-utils = { git = \"https://github.com/risc0/crossbeam\", rev = \"b25eb50f8c193f36dacb6739692261ea96827bb7\" }\ncrossbeam-channel = { git = \"https://github.com/risc0/crossbeam\", rev = \"b25eb50f8c193f36dacb6739692261ea96827bb7\" }\n"},"status":"Success","custom_profile":true,"version":"0.8.5"},{"name":"crossbeam-epoch","settings":{"patch":"[patch.crates-io]\ncrossbeam = { git = \"https://github.com/risc0/crossbeam\", rev = \"b25eb50f8c193f36dacb6739692261ea96827bb7\" }\ncrossbeam-utils = { git = \"https://github.com/risc0/crossbeam\", rev = \"b25eb50f8c193f36dacb6739692261ea96827bb7\" }\ncrossbeam-channel = { git = \"https://github.com/risc0/crossbeam\", rev = \"b25eb50f8c193f36dacb6739692261ea96827bb7\" }\n"},"status":"Success","custom_profile":true,"version":"0.9.18"},{"name":"crossbeam-queue","settings":{"patch":"[patch.crates-io]\ncrossbeam = { git = \"https://github.com/risc0/crossbeam\", rev = \"b25eb50f8c193f36dacb6739692261ea96827bb7\" }\ncrossbeam-utils = { git = \"https://github.com/risc0/crossbeam\", rev = \"b25eb50f8c193f36dacb6739692261ea96827bb7\" }\ncrossbeam-channel = { git = \"https://github.com/risc0/crossbeam\", rev = \"b25eb50f8c193f36dacb6739692261ea96827bb7\" }\n"},"status":"Success","custom_profile":true,"version":"0.3.11"},{"name":"crossbeam-utils","settings":{},"status":"Success","custom_profile":false,"version":"0.8.20"},{"name":"crossterm","settings":{},"status":"BuildFail","custom_profile":false,"version":"0.28.1","build_errors":"method_name: error: could not compile `crossterm` (lib) due to 9 previous errors\nurn` expression\n`, found `()`\ninal.rs:107:33\n\n\n\n"},{"name":"crunchy","settings":{},"status":"Success","custom_profile":false,"version":"0.2.2"},{"name":"crypto-bigint","settings":{"std":true},"status":"Success","custom_profile":true,"version":"0.5.5"},{"name":"crypto-common","settings":{},"status":"Success","custom_profile":false,"version":"0.2.0-pre.2"},{"name":"crypto-mac","settings":{},"status":"Success","custom_profile":false,"version":"0.11.1"},{"name":"csv","settings":{"std":true},"status":"Success","custom_profile":true,"version":"1.3.1"},{"name":"csv-core","settings":{},"status":"Success","custom_profile":false,"version":"0.1.11"},{"name":"ctor","settings":{},"status":"Success","custom_profile":false,"version":"0.2.9"},{"name":"ctr","settings":{},"status":"Success","custom_profile":false,"version":"0.9.2"},{"name":"ctrlc","settings":{},"status":"BuildFail","custom_profile":false,"version":"3.4.5","build_errors":"method_name: error: could not compile `ctrlc` (lib) due to 7 previous errors\n.\n.\n\nm error while waiting for Ctrl-C\");\n"},{"name":"curl","settings":{},"status":"BuildFail","custom_profile":false,"version":"0.4.47","build_errors":"method_name: warning: build failed, waiting for other jobs to finish...\nerrors\n no tail or `return` expression\n:111:16\n:15\n6b5b557f/socket2-0.6.1/src/sys.rs\" or \"/home/ubuntu/.cargo/registry/src/index.crates.io-1949cf8c6b5b557f/socket2-0.6.1/src/sys/mod.rs\"\n"},{"name":"curl-sys","settings":{},"status":"BuildFail","custom_profile":false,"version":"0.4.78+curl-8.11.0","build_errors":"method_name: \n error occurred in cc-rs: command did not execute successfully (status code exit status: 1): LC_ALL=\"C\" \"/home/ubuntu/.risc0/toolchains/v2024.1.5-cpp-x86_64-unknown-linux-gnu/riscv32im-linux-x86_64/bin/riscv32-unknown-elf-gcc\" \"-O3\" \"-ffunction-sections\" \"-fdata-sections\" \"-fPIC\" \"-march=rv32im\" \"-mabi=ilp32\" \"-I\" \"curl/lib\" \"-I\" \"curl/include\" \"-I\" \"/tmp/.tmpfxWbln/template_project/target/riscv-guest/methods/method_name/riscv32im-risc0-zkvm-elf/release/build/libz-sys-7bcad37896f434c1/out/include\" \"-fvisibility=hidden\" \"-DBUILDING_LIBCURL\" \"-DCURL_DISABLE_DICT\" \"-DCURL_DISABLE_GOPHER\" \"-DCURL_DISABLE_IMAP\" \"-DCURL_DISABLE_LDAP\" \"-DCURL_DISABLE_LDAPS\" \"-DCURL_DISABLE_POP3\" \"-DCURL_DISABLE_RTSP\" \"-DCURL_DISABLE_SMB\" \"-DCURL_DISABLE_SMTP\" \"-DCURL_DISABLE_TELNET\" \"-DCURL_DISABLE_TFTP\" \"-DCURL_STATICLIB\" \"-DENABLE_IPV6\" \"-DHAVE_SOCKADDR_IN6_SIN6_SCOPE_ID\" \"-DHAVE_ASSERT_H\" \"-DCURL_OS=\\\"unknown\\\"\" \"-DHAVE_ZLIB_H\" \"-DHAVE_LONGLONG\" \"-DHAVE_LIBZ\" \"-DHAVE_BOOL_T\" \"-DHAVE_STDBOOL_H\" \"-DHAVE_GETADDRINFO\" \"-DHAVE_GETPEERNAME\" \"-DHAVE_GETSOCKNAME\" \"-DCURL_DISABLE_NTLM\" \"-DCURL_DISABLE_FTP\" \"-DUSE_OPENSSL\" \"-DRECV_TYPE_ARG1=int\" \"-DHAVE_PTHREAD_H\" \"-DHAVE_ARPA_INET_H\" \"-DHAVE_ERRNO_H\" \"-DHAVE_FCNTL_H\" \"-DHAVE_NETDB_H\" \"-DHAVE_NETINET_IN_H\" \"-DHAVE_NETINET_TCP_H\" \"-DHAVE_POLL_H\" \"-DHAVE_FCNTL_O_NONBLOCK\" \"-DHAVE_SYS_SELECT_H\" \"-DHAVE_SYS_STAT_H\" \"-DHAVE_SYS_TIME_H\" \"-DHAVE_UNISTD_H\" \"-DHAVE_RECV\" \"-DHAVE_SELECT\" \"-DHAVE_SEND\" \"-DHAVE_SOCKET\" \"-DHAVE_STERRROR_R\" \"-DHAVE_SOCKETPAIR\" \"-DHAVE_STRUCT_TIMEVAL\" \"-DHAVE_SYS_UN_H\" \"-DUSE_THREADS_POSIX\" \"-DUSE_UNIX_SOCKETS\" \"-DRECV_TYPE_ARG2=void*\" \"-DRECV_TYPE_ARG3=size_t\" \"-DRECV_TYPE_ARG4=int\" \"-DRECV_TYPE_RETV=ssize_t\" \"-DSEND_QUAL_ARG2=const\" \"-DSEND_TYPE_ARG1=int\" \"-DSEND_TYPE_ARG2=void*\" \"-DSEND_TYPE_ARG3=size_t\" \"-DSEND_TYPE_ARG4=int\" \"-DSEND_TYPE_RETV=ssize_t\" \"-DSIZEOF_CURL_OFF_T=8\" \"-DSIZEOF_INT=4\" \"-DSIZEOF_SHORT=2\" \"-DHAVE_CLOCK_GETTIME_MONOTONIC\" \"-DHAVE_GETTIMEOFDAY\" \"-DHAVE_POLL_FINE\" \"-DSIZEOF_SSIZE_T=4\" \"-DSIZEOF_SIZE_T=4\" \"-DSIZEOF_LONG=4\" \"-march=rv32im\" \"-nostdlib\" \"-o\" \"/tmp/.tmpfxWbln/template_project/target/riscv-guest/methods/method_name/riscv32im-risc0-zkvm-elf/release/build/curl-sys-5df26147a3eccf02/out/build/53da4157be79b190-altsvc.o\" \"-c\" \"curl/lib/altsvc.c\"\n"},{"name":"curve25519-dalek","settings":{},"status":"Success","custom_profile":false,"version":"4.1.3"},{"name":"curve25519-dalek-derive","settings":{},"status":"Success","custom_profile":false,"version":"0.1.1"},{"name":"cxx","settings":{},"status":"BuildFail","custom_profile":false,"version":"1.0.133","build_errors":"method_name: warning: build failed, waiting for other jobs to finish...\nully (status code exit status: 1): LC_ALL=\"C\" \"c++\" \"-O3\" \"-ffunction-sections\" \"-fdata-sections\" \"-fPIC\" \"-march=rv32im\" \"-mabi=ilp32\" \"-Wall\" \"-Wextra\" \"-o\" \"/tmp/.tmpfxWbln/template_project/target/riscv-guest/methods/method_name/riscv32im-risc0-zkvm-elf/release/build/link-cplusplus-f8c5c18dd904c615/out/c16f17691ff6f04b-dummy.o\" \"-c\" \"/home/ubuntu/.cargo/registry/src/index.crates.io-1949cf8c6b5b557f/link-cplusplus-1.0.12/src/dummy.cc\"\n"},{"name":"cxx-build","settings":{},"status":"BuildFail","custom_profile":false,"version":"1.0.133","build_errors":"method_name: warning: build failed, waiting for other jobs to finish...\n\n^^^^^^^^^^^^^^^^^^^^^^^^^^^^^\n\nile.rs:12:1\n"},{"name":"cxxbridge-flags","settings":{},"status":"Success","custom_profile":false,"version":"1.0.133"},{"name":"cxxbridge-macro","settings":{},"status":"Success","custom_profile":false,"version":"1.0.133"},{"name":"darling","settings":{},"status":"Success","custom_profile":false,"version":"0.20.10"},{"name":"darling_core","settings":{},"status":"Success","custom_profile":false,"version":"0.20.10"},{"name":"darling_macro","settings":{},"status":"Success","custom_profile":false,"version":"0.20.10"},{"name":"dashmap","settings":{},"status":"BuildFail","custom_profile":false,"version":"6.1.0","build_errors":"method_name: warning: build failed, waiting for other jobs to finish...\nus error\n0/toolchains/v1.88.0-rust-x86_64-unknown-linux-gnu/lib/rustlib/riscv32im-risc0-zkvm-elf/lib/libstd-1ac65f5883ab6d1a.rlib\n"},{"name":"data-encoding","settings":{},"status":"Success","custom_profile":false,"version":"2.6.0"},{"name":"deadpool","settings":{},"status":"Success","custom_profile":false,"version":"0.12.1"},{"name":"deadpool-runtime","settings":{},"status":"Success","custom_profile":false,"version":"0.1.4"},{"name":"debugid","settings":{},"status":"Success","custom_profile":false,"version":"0.8.0"},{"name":"deflate","settings":{},"status":"Success","custom_profile":false,"version":"1.0.0"},{"name":"der","settings":{},"status":"Success","custom_profile":false,"version":"0.7.9"},{"name":"der-parser","settings":{},"status":"BuildFail","custom_profile":false,"version":"9.0.0","build_errors":"method_name: warning: build failed, waiting for other jobs to finish...\nus error\n0/toolchains/v1.88.0-rust-x86_64-unknown-linux-gnu/lib/rustlib/riscv32im-risc0-zkvm-elf/lib/libstd-1ac65f5883ab6d1a.rlib\n"},{"name":"deranged","settings":{},"status":"Success","custom_profile":false,"version":"0.3.11"},{"name":"derivative","settings":{},"status":"Success","custom_profile":false,"version":"2.2.0"},{"name":"derive_builder","settings":{},"status":"Success","custom_profile":false,"version":"0.20.2"},{"name":"derive_builder_core","settings":{},"status":"Success","custom_profile":false,"version":"0.20.2"},{"name":"derive_builder_macro","settings":{},"status":"Success","custom_profile":false,"version":"0.20.2"},{"name":"derive_more","settings":{},"status":"BuildFail","custom_profile":false,"version":"1.0.0","build_errors":"method_name: error: could not compile `derive_more` (lib) due to 1 previous error\nll\\\" feature enabling all the derives)\"\n"},{"name":"deunicode","settings":{},"status":"Success","custom_profile":false,"version":"1.6.0"},{"name":"dialoguer","settings":{},"status":"BuildFail","custom_profile":false,"version":"0.11.0","build_errors":"method_name: warning: build failed, waiting for other jobs to finish...\n errors\nb557f/console-0.15.11/src/term.rs:517:9\n\n"},{"name":"diff","settings":{},"status":"Success","custom_profile":false,"version":"0.1.13"},{"name":"difference","settings":{},"status":"Success","custom_profile":false,"version":"2.0.0"},{"name":"difflib","settings":{},"status":"Success","custom_profile":false,"version":"0.4.0"},{"name":"digest","settings":{},"status":"Success","custom_profile":false,"version":"0.10.7"},{"name":"directories","settings":{},"status":"BuildFail","custom_profile":false,"version":"5.0.1","build_errors":"method_name: error: could not compile `directories` (lib) due to 4 previous errors\nf/dirs-sys-0.4.1/src/lib.rs:98:7\n\n42\n\n"},{"name":"dirs","settings":{},"status":"BuildFail","custom_profile":false,"version":"5.0.1","build_errors":"method_name: error: could not compile `dirs` (lib) due to 9 previous errors\n25`.\n^^^^^\nirs-sys-0.4.1/src/lib.rs:133:1\n\n"},{"name":"dirs-next","settings":{},"status":"BuildFail","custom_profile":false,"version":"2.0.0","build_errors":"method_name: error: could not compile `dirs-next` (lib) due to 9 previous errors\n^^^^^\nirs-sys-next-0.1.2/src/lib.rs:119:1\n\n"},{"name":"dirs-sys","settings":{},"status":"Success","custom_profile":false,"version":"0.4.1"},{"name":"dirs-sys-next","settings":{},"status":"Success","custom_profile":false,"version":"0.1.2"},{"name":"displaydoc","settings":{},"status":"Success","custom_profile":false,"version":"0.2.5"},{"name":"dissimilar","settings":{},"status":"Success","custom_profile":false,"version":"1.0.9"},{"name":"dlv-list","settings":{},"status":"Success","custom_profile":false,"version":"0.6.0"},{"name":"doc-comment","settings":{},"status":"BuildFail","custom_profile":false,"version":"0.4.1","build_errors":"method_name: required by package `method_name v0.1.0 (/tmp/.tmpfxWbln/template_project/methods/guest)`\n"},{"name":"dotenv","settings":{},"status":"Success","custom_profile":false,"version":"0.15.0"},{"name":"dotenvy","settings":{},"status":"Success","custom_profile":false,"version":"0.15.7"},{"name":"downcast","settings":{},"status":"Success","custom_profile":false,"version":"0.11.0"},{"name":"downcast-rs","settings":{},"status":"Success","custom_profile":false,"version":"1.2.1"},{"name":"dtoa","settings":{},"status":"Success","custom_profile":false,"version":"1.0.9"},{"name":"dunce","settings":{},"status":"Success","custom_profile":false,"version":"1.0.5"},{"name":"dyn-clone","settings":{},"status":"Success","custom_profile":false,"version":"1.0.17"},{"name":"ecdsa","settings":{},"status":"Success","custom_profile":false,"version":"0.16.9"},{"name":"ed25519","settings":{},"status":"Success","custom_profile":false,"version":"2.2.3"},{"name":"ed25519-dalek","settings":{},"status":"BuildFail","custom_profile":false,"version":"2.1.1","build_errors":"method_name: warning: build failed, waiting for other jobs to finish...\nus error\n0/toolchains/v1.88.0-rust-x86_64-unknown-linux-gnu/lib/rustlib/riscv32im-risc0-zkvm-elf/lib/libstd-1ac65f5883ab6d1a.rlib\n"},{"name":"either","settings":{},"status":"BuildFail","custom_profile":false,"version":"1.13.0","build_errors":"method_name: warning: build failed, waiting for other jobs to finish...\nus error\n0/toolchains/v1.88.0-rust-x86_64-unknown-linux-gnu/lib/rustlib/riscv32im-risc0-zkvm-elf/lib/libstd-1ac65f5883ab6d1a.rlib\n"},{"name":"elliptic-curve","settings":{},"status":"Success","custom_profile":false,"version":"0.13.8"},{"name":"ena","settings":{},"status":"Success","custom_profile":false,"version":"0.14.3"},{"name":"encode_unicode","settings":{},"status":"Success","custom_profile":false,"version":"1.0.0"},{"name":"encoding_rs","settings":{},"status":"Success","custom_profile":false,"version":"0.8.35"},{"name":"endian-type","settings":{},"status":"Success","custom_profile":false,"version":"0.2.0"},{"name":"enum-as-inner","settings":{},"status":"Success","custom_profile":false,"version":"0.6.1"},{"name":"enum-iterator","settings":{},"status":"Success","custom_profile":false,"version":"2.1.0"},{"name":"enum-iterator-derive","settings":{},"status":"Success","custom_profile":false,"version":"1.4.0"},{"name":"enum_dispatch","settings":{},"status":"Success","custom_profile":false,"version":"0.3.13"},{"name":"enumflags2","settings":{},"status":"Success","custom_profile":false,"version":"0.7.10"},{"name":"enumflags2_derive","settings":{},"status":"Success","custom_profile":false,"version":"0.7.10"},{"name":"env_filter","settings":{},"status":"Success","custom_profile":false,"version":"0.1.2"},{"name":"env_logger","settings":{"std":true},"status":"Success","custom_profile":true,"version":"0.11.5"},{"name":"equivalent","settings":{},"status":"Success","custom_profile":false,"version":"1.0.1"},{"name":"erased-serde","settings":{},"status":"BuildFail","custom_profile":false,"version":"0.4.5","build_errors":"method_name: warning: build failed, waiting for other jobs to finish...\nus error\n0/toolchains/v1.88.0-rust-x86_64-unknown-linux-gnu/lib/rustlib/riscv32im-risc0-zkvm-elf/lib/libstd-1ac65f5883ab6d1a.rlib\n"},{"name":"errno","settings":{},"status":"BuildFail","custom_profile":false,"version":"0.3.10","build_errors":"method_name: error: could not compile `errno` (lib) due to 1 previous error\n^^^^^^^^^^^^^^\n\n.3.14/src/sys.rs:12:1\n"},{"name":"errno-dragonfly","settings":{},"status":"BuildFail","custom_profile":false,"version":"0.1.2","build_errors":"method_name: error: could not compile `errno-dragonfly` (lib) due to 1 previous error\nrno-dragonfly-0.1.2/src/lib.rs:5:43\n"},{"name":"error-chain","settings":{},"status":"Success","custom_profile":false,"version":"0.12.4"},{"name":"ethers-core","settings":{"std":true},"status":"Success","custom_profile":true,"version":"2.0.14"},{"name":"event-listener","settings":{},"status":"Success","custom_profile":false,"version":"5.3.1"},{"name":"event-listener-strategy","settings":{},"status":"Success","custom_profile":false,"version":"0.5.3"},{"name":"eyre","settings":{},"status":"BuildFail","custom_profile":false,"version":"0.6.12","build_errors":"method_name: error: could not compile `risc0-zkvm` (lib) due to 1 previous error\n0/toolchains/v1.88.0-rust-x86_64-unknown-linux-gnu/lib/rustlib/riscv32im-risc0-zkvm-elf/lib/libstd-1ac65f5883ab6d1a.rlib\n"},{"name":"failure","settings":{},"status":"Success","custom_profile":false,"version":"0.1.8"},{"name":"failure_derive","settings":{},"status":"Success","custom_profile":false,"version":"0.1.8"},{"name":"fake-simd","settings":{},"status":"Success","custom_profile":false,"version":"0.1.2"},{"name":"fallible-iterator","settings":{},"status":"Success","custom_profile":false,"version":"0.3.0"},{"name":"fallible-streaming-iterator","settings":{},"status":"Success","custom_profile":false,"version":"0.1.9"},{"name":"fancy-regex","settings":{},"status":"Success","custom_profile":false,"version":"0.14.0"},{"name":"fastrand","settings":{},"status":"Success","custom_profile":false,"version":"2.2.0"},{"name":"fdeflate","settings":{},"status":"Success","custom_profile":false,"version":"0.3.6"},{"name":"ff","settings":{},"status":"Success","custom_profile":false,"version":"0.13.0"},{"name":"fiat-crypto","settings":{},"status":"Success","custom_profile":false,"version":"0.2.9"},{"name":"filetime","settings":{},"status":"BuildFail","custom_profile":false,"version":"0.2.25","build_errors":"method_name: error: could not compile `filetime` (lib) due to 16 previous errors\nd libc` to add it to your `Cargo.toml`\n:114:33\n"},{"name":"finl_unicode","settings":{},"status":"Success","custom_profile":false,"version":"1.3.0"},{"name":"fixed-hash","settings":{},"status":"BuildFail","custom_profile":false,"version":"0.8.0","build_errors":"method_name: warning: build failed, waiting for other jobs to finish...\nus error\n0/toolchains/v1.88.0-rust-x86_64-unknown-linux-gnu/lib/rustlib/riscv32im-risc0-zkvm-elf/lib/libstd-1ac65f5883ab6d1a.rlib\n"},{"name":"fixedbitset","settings":{},"status":"Success","custom_profile":false,"version":"0.5.7"},{"name":"flatbuffers","settings":{},"status":"Success","custom_profile":false,"version":"24.3.25"},{"name":"flate2","settings":{},"status":"Success","custom_profile":false,"version":"1.0.35"},{"name":"float-cmp","settings":{},"status":"Success","custom_profile":false,"version":"0.10.0"},{"name":"flume","settings":{},"status":"Success","custom_profile":false,"version":"0.11.1"},{"name":"fnv","settings":{},"status":"Success","custom_profile":false,"version":"1.0.7"},{"name":"foreign-types","settings":{},"status":"Success","custom_profile":false,"version":"0.5.0"},{"name":"foreign-types-shared","settings":{},"status":"Success","custom_profile":false,"version":"0.3.1"},{"name":"form_urlencoded","settings":{},"status":"Success","custom_profile":false,"version":"1.2.1"},{"name":"fragile","settings":{},"status":"Success","custom_profile":false,"version":"1.2.2"},{"name":"fs-err","settings":{},"status":"Success","custom_profile":false,"version":"3.0.0"},{"name":"fs2","settings":{},"status":"BuildFail","custom_profile":false,"version":"0.4.3","build_errors":"method_name: error: could not compile `fs2` (lib) due to 10 previous errors\n33`.\n sys` to add it to your `Cargo.toml`\n"},{"name":"fs_extra","settings":{},"status":"Success","custom_profile":false,"version":"1.3.0"},{"name":"fuchsia-cprng","settings":{},"status":"Success","custom_profile":false,"version":"0.1.1"},{"name":"funty","settings":{},"status":"Success","custom_profile":false,"version":"2.0.0"},{"name":"futf","settings":{},"status":"Success","custom_profile":false,"version":"0.1.5"},{"name":"futures","settings":{},"status":"Success","custom_profile":false,"version":"0.3.31"},{"name":"futures-channel","settings":{},"status":"Success","custom_profile":false,"version":"0.3.31"},{"name":"futures-core","settings":{},"status":"Success","custom_profile":false,"version":"0.3.31"},{"name":"futures-executor","settings":{},"status":"Success","custom_profile":false,"version":"0.3.31"},{"name":"futures-intrusive","settings":{},"status":"Success","custom_profile":false,"version":"0.5.0"},{"name":"futures-io","settings":{},"status":"Success","custom_profile":false,"version":"0.3.31"},{"name":"futures-lite","settings":{},"status":"Success","custom_profile":false,"version":"2.5.0"},{"name":"futures-macro","settings":{},"status":"Success","custom_profile":false,"version":"0.3.31"},{"name":"futures-sink","settings":{},"status":"Success","custom_profile":false,"version":"0.3.31"},{"name":"futures-task","settings":{},"status":"Success","custom_profile":false,"version":"0.3.31"},{"name":"futures-timer","settings":{},"status":"Success","custom_profile":false,"version":"3.0.3"},{"name":"futures-util","settings":{},"status":"Success","custom_profile":false,"version":"0.3.31"},{"name":"fxhash","settings":{},"status":"BuildFail","custom_profile":false,"version":"0.2.1","build_errors":"method_name: warning: build failed, waiting for other jobs to finish...\nus error\n0/toolchains/v1.88.0-rust-x86_64-unknown-linux-gnu/lib/rustlib/riscv32im-risc0-zkvm-elf/lib/libstd-1ac65f5883ab6d1a.rlib\n"},{"name":"gcc","settings":{},"status":"Success","custom_profile":false,"version":"0.3.55"},{"name":"generic-array","settings":{},"status":"Success","custom_profile":false,"version":"1.1.1"},{"name":"gethostname","settings":{},"status":"BuildFail","custom_profile":false,"version":"0.5.0","build_errors":"method_name: warning: build failed, waiting for other jobs to finish...\nror\n^^^^^^^^^^^^^^\n\n.3.14/src/sys.rs:12:1\n"},{"name":"getopts","settings":{},"status":"Success","custom_profile":false,"version":"0.2.21"},{"name":"getrandom","settings":{},"status":"Success","custom_profile":false,"version":"0.2.15"},{"name":"ghash","settings":{},"status":"Success","custom_profile":false,"version":"0.5.1"},{"name":"gif","settings":{},"status":"Success","custom_profile":false,"version":"0.13.1"},{"name":"gimli","settings":{},"status":"Success","custom_profile":false,"version":"0.31.1"},{"name":"git2","settings":{},"status":"BuildFail","custom_profile":false,"version":"0.19.0","build_errors":"method_name: \n error occurred in cc-rs: command did not execute successfully (status code exit status: 1): LC_ALL=\"C\" \"/home/ubuntu/.risc0/toolchains/v2024.1.5-cpp-x86_64-unknown-linux-gnu/riscv32im-linux-x86_64/bin/riscv32-unknown-elf-gcc\" \"-O3\" \"-ffunction-sections\" \"-fdata-sections\" \"-fPIC\" \"-march=rv32im\" \"-mabi=ilp32\" \"-I\" \"/tmp/.tmpfxWbln/template_project/target/riscv-guest/methods/method_name/riscv32im-risc0-zkvm-elf/release/build/libssh2-sys-8e539c8e3392dd4c/out/include\" \"-I\" \"libssh2/src\" \"-I\" \"/tmp/.tmpfxWbln/template_project/target/riscv-guest/methods/method_name/riscv32im-risc0-zkvm-elf/release/build/libssh2-sys-8e539c8e3392dd4c/out/build\" \"-I\" \"/tmp/.tmpfxWbln/template_project/target/riscv-guest/methods/method_name/riscv32im-risc0-zkvm-elf/release/build/libz-sys-502e70e7bb01d0bf/out/include\" \"-fvisibility=hidden\" \"-DHAVE_LONGLONG\" \"-DHAVE_SNPRINTF\" \"-DHAVE_UNISTD_H\" \"-DHAVE_INTTYPES_H\" \"-DHAVE_STDLIB_H\" \"-DHAVE_SYS_SELECT_H\" \"-DHAVE_SYS_SOCKET_H\" \"-DHAVE_SYS_IOCTL_H\" \"-DHAVE_SYS_TIME_H\" \"-DHAVE_SYS_UN_H\" \"-DHAVE_O_NONBLOCK\" \"-DLIBSSH2_OPENSSL\" \"-DHAVE_LIBCRYPT32\" \"-DHAVE_EVP_AES_128_CTR\" \"-DHAVE_POLL\" \"-DHAVE_GETTIMEOFDAY\" \"-DLIBSSH2_DH_GEX_NEW\" \"-DLIBSSH2_HAVE_ZLIB\" \"-march=rv32im\" \"-nostdlib\" \"-o\" \"/tmp/.tmpfxWbln/template_project/target/riscv-guest/methods/method_name/riscv32im-risc0-zkvm-elf/release/build/libssh2-sys-8e539c8e3392dd4c/out/build/f89bd02e425f6856-userauth_kbd_packet.o\" \"-c\" \"libssh2/src/userauth_kbd_packet.c\"\n.c\"\nncluded from libssh2/src/userauth_kbd_packet.c:40:\n1:\net.c:40:\n1:\n"},{"name":"glob","settings":{},"status":"Success","custom_profile":false,"version":"0.3.1"},{"name":"globset","settings":{},"status":"Success","custom_profile":false,"version":"0.4.15"},{"name":"globwalk","settings":{},"status":"Success","custom_profile":false,"version":"0.9.1"},{"name":"gloo-timers","settings":{},"status":"Success","custom_profile":false,"version":"0.3.0"},{"name":"governor","settings":{},"status":"BuildFail","custom_profile":false,"version":"0.7.0","build_errors":"method_name: warning: build failed, waiting for other jobs to finish...\nrrors\n\nnd in `libc`\n0.12.6/src/clocks/monotonic/unix.rs:14:39\n"},{"name":"group","settings":{},"status":"Success","custom_profile":false,"version":"0.13.0"},{"name":"h2","settings":{"std":true},"status":"Success","custom_profile":true,"version":"0.4.7"},{"name":"half","settings":{},"status":"Success","custom_profile":false,"version":"2.4.1"},{"name":"handlebars","settings":{},"status":"BuildFail","custom_profile":false,"version":"6.2.0","build_errors":"method_name: warning: build failed, waiting for other jobs to finish...\nus error\n0/toolchains/v1.88.0-rust-x86_64-unknown-linux-gnu/lib/rustlib/riscv32im-risc0-zkvm-elf/lib/libstd-1ac65f5883ab6d1a.rlib\n"},{"name":"hash32","settings":{},"status":"Success","custom_profile":false,"version":"0.3.1"},{"name":"hashbrown","settings":{},"status":"Success","custom_profile":false,"version":"0.15.2"},{"name":"hashlink","settings":{},"status":"Success","custom_profile":false,"version":"0.9.1"},{"name":"hdrhistogram","settings":{},"status":"BuildFail","custom_profile":false,"version":"7.5.4","build_errors":"method_name: warning: build failed, waiting for other jobs to finish...\nus error\n0/toolchains/v1.88.0-rust-x86_64-unknown-linux-gnu/lib/rustlib/riscv32im-risc0-zkvm-elf/lib/libstd-1ac65f5883ab6d1a.rlib\n"},{"name":"headers","settings":{"std":true},"status":"Success","custom_profile":true,"version":"0.4.0"},{"name":"headers-core","settings":{},"status":"Success","custom_profile":false,"version":"0.3.0"},{"name":"heapless","settings":{},"status":"Success","custom_profile":false,"version":"0.7.17"},{"name":"heck","settings":{},"status":"Success","custom_profile":false,"version":"0.5.0"},{"name":"hermit-abi","settings":{},"status":"Success","custom_profile":false,"version":"0.4.0"},{"name":"hex","settings":{"std":true},"status":"Success","custom_profile":true,"version":"0.4.3"},{"name":"hex-literal","settings":{},"status":"Success","custom_profile":false,"version":"0.4.1"},{"name":"hkdf","settings":{},"status":"Success","custom_profile":false,"version":"0.12.4"},{"name":"hmac","settings":{},"status":"Success","custom_profile":false,"version":"0.12.1"},{"name":"hmac-drbg","settings":{},"status":"Success","custom_profile":false,"version":"0.3.0"},{"name":"home","settings":{},"status":"BuildFail","custom_profile":false,"version":"0.5.9","build_errors":"method_name: error: could not compile `home` (lib) due to 1 previous error\n425`.\n57f/home-0.5.12/src/lib.rs:72:1\n\n"},{"name":"hostname","settings":{},"status":"BuildFail","custom_profile":false,"version":"0.4.0","build_errors":"method_name: error: could not compile `hostname` (lib) due to 2 previous errors\n\nsys` to add it to your `Cargo.toml`\n^^^^^^^^^^^^^^\n\n"},{"name":"html5ever","settings":{},"status":"BuildFail","custom_profile":false,"version":"0.29.0","build_errors":"method_name: warning: build failed, waiting for other jobs to finish...\nus error\n0/toolchains/v1.88.0-rust-x86_64-unknown-linux-gnu/lib/rustlib/riscv32im-risc0-zkvm-elf/lib/libstd-1ac65f5883ab6d1a.rlib\n"},{"name":"http","settings":{},"status":"Success","custom_profile":false,"version":"1.1.0"},{"name":"http-body","settings":{},"status":"Success","custom_profile":false,"version":"1.0.1"},{"name":"http-body-util","settings":{},"status":"Success","custom_profile":false,"version":"0.1.2"},{"name":"http-range-header","settings":{},"status":"Success","custom_profile":false,"version":"0.4.2"},{"name":"http-types","settings":{},"status":"BuildFail","custom_profile":false,"version":"2.12.0","build_errors":"method_name: error: could not compile `polling` (lib) due to 13 previous errors\nd sys` to add it to your `Cargo.toml`\n\n"},{"name":"httparse","settings":{},"status":"Success","custom_profile":false,"version":"1.9.5"},{"name":"httpdate","settings":{},"status":"Success","custom_profile":false,"version":"1.0.3"},{"name":"humansize","settings":{},"status":"Success","custom_profile":false,"version":"2.1.3"},{"name":"humantime","settings":{},"status":"Success","custom_profile":false,"version":"2.1.0"},{"name":"humantime-serde","settings":{},"status":"BuildFail","custom_profile":false,"version":"1.1.1","build_errors":"method_name: error: could not compile `risc0-zkvm` (lib) due to 1 previous error\n0/toolchains/v1.88.0-rust-x86_64-unknown-linux-gnu/lib/rustlib/riscv32im-risc0-zkvm-elf/lib/libstd-1ac65f5883ab6d1a.rlib\n"},{"name":"hyper","settings":{"std":true},"status":"Success","custom_profile":true,"version":"1.5.1"},{"name":"hyper-rustls","settings":{},"status":"BuildFail","custom_profile":false,"version":"0.27.3","build_errors":"method_name: error: could not compile `mio` (lib) due to 48 previous errors\n`.\n, E0433, E0599.\n/src/net/udp.rs:762:9\n5:1\ncope\n\n\n4\nf/socket2-0.6.1/src/sys.rs\" or \"/home/ubuntu/.cargo/registry/src/index.crates.io-1949cf8c6b5b557f/socket2-0.6.1/src/sys/mod.rs\"\n"},{"name":"hyper-timeout","settings":{"std":true},"status":"BuildFail","custom_profile":true,"version":"0.5.2","build_errors":"method_name: error: could not compile `mio` (lib) due to 48 previous errors\n`.\n, E0433, E0599.\n/src/net/udp.rs:762:9\n5:1\ncope\n\n\n57f/socket2-0.6.1/src/sys.rs\" or \"/home/ubuntu/.cargo/registry/src/index.crates.io-1949cf8c6b5b557f/socket2-0.6.1/src/sys/mod.rs\"\n"},{"name":"hyper-tls","settings":{},"status":"BuildFail","custom_profile":false,"version":"0.6.0","build_errors":"method_name: error: could not compile `mio` (lib) due to 48 previous errors\n`.\n, E0433, E0599.\n/src/net/udp.rs:762:9\n5:1\ncope\n\n\n57f/socket2-0.6.1/src/sys.rs\" or \"/home/ubuntu/.cargo/registry/src/index.crates.io-1949cf8c6b5b557f/socket2-0.6.1/src/sys/mod.rs\"\n"},{"name":"hyper-util","settings":{},"status":"Success","custom_profile":false,"version":"0.1.10"},{"name":"iana-time-zone","settings":{},"status":"BuildFail","custom_profile":false,"version":"0.1.61","build_errors":"method_name: error: could not compile `iana-time-zone` (lib) due to 1 previous error\nid, AIX, Solaris and Haiku.\",\norm.rs:6:1\nAssembly (browser), iOS, Illumos, Android, AIX, Solaris and Haiku.\n"},{"name":"iana-time-zone-haiku","settings":{},"status":"BuildFail","custom_profile":false,"version":"0.1.2","build_errors":"method_name: \n error occurred in cc-rs: command did not execute successfully (status code exit status: 1): LC_ALL=\"C\" \"c++\" \"-O3\" \"-ffunction-sections\" \"-fdata-sections\" \"-fPIC\" \"-march=rv32im\" \"-mabi=ilp32\" \"-o\" \"/tmp/.tmpfxWbln/template_project/target/riscv-guest/methods/method_name/riscv32im-risc0-zkvm-elf/release/build/iana-time-zone-haiku-af2d0ec5483e16dc/out/48d3f1b29a630f4c-implementation.o\" \"-c\" \"src/implementation.cc\"\n"},{"name":"ident_case","settings":{},"status":"Success","custom_profile":false,"version":"1.0.1"},{"name":"idna","settings":{},"status":"Success","custom_profile":false,"version":"1.0.3"},{"name":"if_chain","settings":{},"status":"Success","custom_profile":false,"version":"1.0.2"},{"name":"ignore","settings":{},"status":"Success","custom_profile":false,"version":"0.4.23"},{"name":"image","settings":{},"status":"BuildFail","custom_profile":false,"version":"0.25.5","build_errors":"method_name: warning: build failed, waiting for other jobs to finish...\nus error\n0/toolchains/v1.88.0-rust-x86_64-unknown-linux-gnu/lib/rustlib/riscv32im-risc0-zkvm-elf/lib/libstd-1ac65f5883ab6d1a.rlib\n"},{"name":"impl-codec","settings":{},"status":"BuildFail","custom_profile":false,"version":"0.7.0","build_errors":"method_name: warning: build failed, waiting for other jobs to finish...\nus error\n0/toolchains/v1.88.0-rust-x86_64-unknown-linux-gnu/lib/rustlib/riscv32im-risc0-zkvm-elf/lib/libstd-1ac65f5883ab6d1a.rlib\n"},{"name":"impl-serde","settings":{},"status":"BuildFail","custom_profile":false,"version":"0.5.0","build_errors":"method_name: error: could not compile `risc0-zkvm` (lib) due to 1 previous error\n0/toolchains/v1.88.0-rust-x86_64-unknown-linux-gnu/lib/rustlib/riscv32im-risc0-zkvm-elf/lib/libstd-1ac65f5883ab6d1a.rlib\n"},{"name":"impl-trait-for-tuples","settings":{},"status":"Success","custom_profile":false,"version":"0.2.3"},{"name":"include_dir","settings":{},"status":"Success","custom_profile":false,"version":"0.7.4"},{"name":"indenter","settings":{},"status":"Success","custom_profile":false,"version":"0.3.3"},{"name":"indexmap","settings":{},"status":"Success","custom_profile":false,"version":"2.7.0"},{"name":"indicatif","settings":{},"status":"BuildFail","custom_profile":false,"version":"0.17.9","build_errors":"method_name: warning: build failed, waiting for other jobs to finish...\n errors\nb557f/console-0.15.11/src/term.rs:517:9\n\n"},{"name":"indoc","settings":{},"status":"Success","custom_profile":false,"version":"2.0.5"},{"name":"infer","settings":{},"status":"BuildFail","custom_profile":false,"version":"0.16.0","build_errors":"method_name: warning: build failed, waiting for other jobs to finish...\nus error\n0/toolchains/v1.88.0-rust-x86_64-unknown-linux-gnu/lib/rustlib/riscv32im-risc0-zkvm-elf/lib/libstd-1ac65f5883ab6d1a.rlib\n"},{"name":"inotify","settings":{},"status":"BuildFail","custom_profile":false,"version":"0.11.0","build_errors":"method_name: error: could not compile `mio` (lib) due to 48 previous errors\n`.\n, E0433, E0599.\n/src/net/udp.rs:762:9\n5:1\ncope\n\n\n57f/socket2-0.6.1/src/sys.rs\" or \"/home/ubuntu/.cargo/registry/src/index.crates.io-1949cf8c6b5b557f/socket2-0.6.1/src/sys/mod.rs\"\n"},{"name":"inotify-sys","settings":{},"status":"BuildFail","custom_profile":false,"version":"0.1.5","build_errors":"method_name: error: could not compile `inotify-sys` (lib) due to 4 previous errors\nc`\nnotify-sys-0.1.5/src/lib.rs:68:38\n\n"},{"name":"inout","settings":{},"status":"Success","custom_profile":false,"version":"0.2.0-rc.0"},{"name":"instant","settings":{},"status":"Success","custom_profile":false,"version":"0.1.13"},{"name":"integer-encoding","settings":{},"status":"Success","custom_profile":false,"version":"4.0.2"},{"name":"inventory","settings":{},"status":"Success","custom_profile":false,"version":"0.3.15"},{"name":"io-lifetimes","settings":{},"status":"Success","custom_profile":false,"version":"2.0.3"},{"name":"iovec","settings":{},"status":"Success","custom_profile":false,"version":"0.1.4"},{"name":"ipconfig","settings":{},"status":"Success","custom_profile":false,"version":"0.3.2"},{"name":"ipnet","settings":{},"status":"Success","custom_profile":false,"version":"2.10.1"},{"name":"ipnetwork","settings":{},"status":"BuildFail","custom_profile":false,"version":"0.20.0","build_errors":"method_name: warning: build failed, waiting for other jobs to finish...\nus error\n0/toolchains/v1.88.0-rust-x86_64-unknown-linux-gnu/lib/rustlib/riscv32im-risc0-zkvm-elf/lib/libstd-1ac65f5883ab6d1a.rlib\n"},{"name":"is-terminal","settings":{},"status":"BuildFail","custom_profile":false,"version":"0.4.13","build_errors":"method_name: error: could not compile `is-terminal` (lib) due to 1 previous error\n7f/is-terminal-0.4.17/src/lib.rs:84:14\n"},{"name":"is_terminal_polyfill","settings":{},"status":"Success","custom_profile":false,"version":"1.70.1"},{"name":"itertools","settings":{},"status":"BuildFail","custom_profile":false,"version":"0.13.0","build_errors":"method_name: warning: build failed, waiting for other jobs to finish...\nus error\n0/toolchains/v1.88.0-rust-x86_64-unknown-linux-gnu/lib/rustlib/riscv32im-risc0-zkvm-elf/lib/libstd-1ac65f5883ab6d1a.rlib\n"},{"name":"itoa","settings":{},"status":"Success","custom_profile":false,"version":"1.0.14"},{"name":"jemalloc-sys","settings":{},"status":"BuildFail","custom_profile":false,"version":"0.5.4+5.3.0-patched","build_errors":"method_name:   note: run with `RUST_BACKTRACE=1` environment variable to display a backtrace\nget/riscv-guest/methods/method_name/riscv32im-risc0-zkvm-elf/release/build/jemalloc-sys-aec495389c6a12fc/out/build\" && CC=\"/home/ubuntu/.risc0/toolchains/v2024.1.5-cpp-x86_64-unknown-linux-gnu/riscv32im-linux-x86_64/bin/riscv32-unknown-elf-gcc\" CFLAGS=\"-O3 -ffunction-sections -fdata-sections -fPIC -march=rv32im -mabi=ilp32 -march=rv32im -nostdlib\" CPPFLAGS=\"-O3 -ffunction-sections -fdata-sections -fPIC -march=rv32im -mabi=ilp32 -march=rv32im -nostdlib\" LDFLAGS=\"-O3 -ffunction-sections -fdata-sections -fPIC -march=rv32im -mabi=ilp32 -march=rv32im -nostdlib\" \"sh\" \"/tmp/.tmpfxWbln/template_project/target/riscv-guest/methods/method_name/riscv32im-risc0-zkvm-elf/release/build/jemalloc-sys-aec495389c6a12fc/out/build/configure\" \"--disable-cxx\" \"--enable-doc=no\" \"--enable-shared=no\" \"--with-jemalloc-prefix=_rjem_\" \"--with-private-namespace=_rjem_\" \"--host=riscv32im-risc0-zkvm-elf\" \"--build=x86_64-unknown-linux-gnu\" \"--prefix=/tmp/.tmpfxWbln/template_project/target/riscv-guest/methods/method_name/riscv32im-risc0-zkvm-elf/release/build/jemalloc-sys-aec495389c6a12fc/out\"\n"},{"name":"jni","settings":{},"status":"Success","custom_profile":false,"version":"0.21.1"},{"name":"jni-sys","settings":{},"status":"Success","custom_profile":false,"version":"0.4.0"},{"name":"jobserver","settings":{},"status":"Success","custom_profile":false,"version":"0.1.32"},{"name":"jpeg-decoder","settings":{},"status":"Success","custom_profile":false,"version":"0.3.1"},{"name":"js-sys","settings":{},"status":"Success","custom_profile":false,"version":"0.3.74"},{"name":"json","settings":{},"status":"Success","custom_profile":false,"version":"0.12.4"},{"name":"json-patch","settings":{},"status":"BuildFail","custom_profile":false,"version":"3.0.1","build_errors":"method_name: warning: build failed, waiting for other jobs to finish...\nus error\n0/toolchains/v1.88.0-rust-x86_64-unknown-linux-gnu/lib/rustlib/riscv32im-risc0-zkvm-elf/lib/libstd-1ac65f5883ab6d1a.rlib\n"},{"name":"json5","settings":{},"status":"BuildFail","custom_profile":false,"version":"0.4.1","build_errors":"method_name: warning: build failed, waiting for other jobs to finish...\nus error\n0/toolchains/v1.88.0-rust-x86_64-unknown-linux-gnu/lib/rustlib/riscv32im-risc0-zkvm-elf/lib/libstd-1ac65f5883ab6d1a.rlib\n"},{"name":"jsonwebtoken","settings":{},"status":"BuildFail","custom_profile":false,"version":"9.3.0","build_errors":"method_name: \n error occurred in cc-rs: command did not execute successfully (status code exit status: 1): LC_ALL=\"C\" \"/home/ubuntu/.risc0/toolchains/v2024.1.5-cpp-x86_64-unknown-linux-gnu/riscv32im-linux-x86_64/bin/riscv32-unknown-elf-gcc\" \"-O3\" \"-ffunction-sections\" \"-fdata-sections\" \"-fPIC\" \"-march=rv32im\" \"-mabi=ilp32\" \"-I\" \"/home/ubuntu/.cargo/registry/src/index.crates.io-1949cf8c6b5b557f/ring-0.17.14/include\" \"-I\" \"/home/ubuntu/.cargo/registry/src/index.crates.io-1949cf8c6b5b557f/ring-0.17.14/pregenerated\" \"-fvisibility=hidden\" \"-std=c1x\" \"-Wall\" \"-Wbad-function-cast\" \"-Wcast-align\" \"-Wcast-qual\" \"-Wconversion\" \"-Wmissing-field-initializers\" \"-Wmissing-include-dirs\" \"-Wnested-externs\" \"-Wredundant-decls\" \"-Wshadow\" \"-Wsign-compare\" \"-Wsign-conversion\" \"-Wstrict-prototypes\" \"-Wundef\" \"-Wuninitialized\" \"-g3\" \"-DNDEBUG\" \"-march=rv32im\" \"-nostdlib\" \"-o\" \"/tmp/.tmpfxWbln/template_project/target/riscv-guest/methods/method_name/riscv32im-risc0-zkvm-elf/release/build/ring-f87ee46958d88552/out/25ac62e5b3c53843-curve25519.o\" \"-c\" \"/home/ubuntu/.cargo/registry/src/index.crates.io-1949cf8c6b5b557f/ring-0.17.14/crypto/curve25519/curve25519.c\"\n"},{"name":"k256","settings":{"std":true},"status":"Success","custom_profile":true,"version":"0.13.4"},{"name":"keccak","settings":{},"status":"Success","custom_profile":false,"version":"0.1.5"},{"name":"kernel32-sys","settings":{},"status":"Success","custom_profile":false,"version":"0.2.2"},{"name":"kv-log-macro","settings":{},"status":"Success","custom_profile":false,"version":"1.0.7"},{"name":"lalrpop","settings":{},"status":"BuildFail","custom_profile":false,"version":"0.22.0","build_errors":"method_name: warning: build failed, waiting for other jobs to finish...\nus error\n0/toolchains/v1.88.0-rust-x86_64-unknown-linux-gnu/lib/rustlib/riscv32im-risc0-zkvm-elf/lib/libstd-1ac65f5883ab6d1a.rlib\n"},{"name":"lalrpop-util","settings":{},"status":"Success","custom_profile":false,"version":"0.22.0"},{"name":"language-tags","settings":{},"status":"Success","custom_profile":false,"version":"0.3.2"},{"name":"lazy_static","settings":{"run-prover":true,"std":true,"import-str":"use lazy_static::lazy_static;\nlazy_static! {\n  static ref EXAMPLE: u8 = 42;\n}\n","custom-main":"assert_eq!(*EXAMPLE, 42);"},"status":"RunFail","custom_profile":true,"version":"1.5.0"},{"name":"lazycell","settings":{},"status":"Success","custom_profile":false,"version":"1.3.0"},{"name":"leb128","settings":{},"status":"Success","custom_profile":false,"version":"0.2.5"},{"name":"lexical-core","settings":{},"status":"Success","custom_profile":false,"version":"1.0.2"},{"name":"lexical-parse-float","settings":{},"status":"Success","custom_profile":false,"version":"1.0.2"},{"name":"lexical-parse-integer","settings":{},"status":"Success","custom_profile":false,"version":"1.0.2"},{"name":"lexical-util","settings":{},"status":"Success","custom_profile":false,"version":"1.0.3"},{"name":"lexical-write-float","settings":{},"status":"Success","custom_profile":false,"version":"1.0.2"},{"name":"lexical-write-integer","settings":{},"status":"Success","custom_profile":false,"version":"1.0.2"},{"name":"libc","settings":{},"status":"Success","custom_profile":false,"version":"0.2.167"},{"name":"libflate","settings":{},"status":"Success","custom_profile":false,"version":"2.1.0"},{"name":"libgit2-sys","settings":{},"status":"BuildFail","custom_profile":false,"version":"0.17.0+1.8.1","build_errors":"method_name: warning: build failed, waiting for other jobs to finish...\n error\ng-config: pkg-config has not been configured to support cross-compilation.\nsemver metadata which will be ignored, removing the metadata is recommended to avoid confusion\n"},{"name":"libloading","settings":{},"status":"Success","custom_profile":false,"version":"0.8.6"},{"name":"libm","settings":{},"status":"Success","custom_profile":false,"version":"0.2.11"},{"name":"libredox","settings":{},"status":"BuildFail","custom_profile":false,"version":"0.1.3","build_errors":"method_name: error: could not compile `redox_syscall` (lib) due to 2 previous errors\nedox_syscall-0.5.18/src/call.rs:2:5\n"},{"name":"librocksdb-sys","settings":{},"status":"BuildFail","custom_profile":false,"version":"0.16.0+8.10.0","build_errors":"method_name:   note: run with `RUST_BACKTRACE=1` environment variable to display a backtrace\n!\nf8c6b5b557f/bindgen-0.69.5/ir/context.rs:556:15:\ndb-sys-64ce09773940ee53/build-script-build` (exit status: 101)\nhe metadata is recommended to avoid confusion\n"},{"name":"libsecp256k1","settings":{},"status":"BuildFail","custom_profile":false,"version":"0.7.1","build_errors":"method_name: warning: build failed, waiting for other jobs to finish...\nus error\n0/toolchains/v1.88.0-rust-x86_64-unknown-linux-gnu/lib/rustlib/riscv32im-risc0-zkvm-elf/lib/libstd-1ac65f5883ab6d1a.rlib\n"},{"name":"libsqlite3-sys","settings":{},"status":"Success","custom_profile":false,"version":"0.30.1"},{"name":"libssh2-sys","settings":{},"status":"BuildFail","custom_profile":false,"version":"0.3.0","build_errors":"method_name: warning: build failed, waiting for other jobs to finish...\n error\ng-config: pkg-config has not been configured to support cross-compilation.\n"},{"name":"libz-sys","settings":{},"status":"BuildFail","custom_profile":false,"version":"1.1.20","build_errors":"method_name: error: could not compile `libz-sys` (lib) due to 1 previous error\ng-config: pkg-config has not been configured to support cross-compilation.\n"},{"name":"link-cplusplus","settings":{},"status":"BuildFail","custom_profile":false,"version":"1.0.9","build_errors":"method_name: \n error occurred in cc-rs: command did not execute successfully (status code exit status: 1): LC_ALL=\"C\" \"c++\" \"-O3\" \"-ffunction-sections\" \"-fdata-sections\" \"-fPIC\" \"-march=rv32im\" \"-mabi=ilp32\" \"-Wall\" \"-Wextra\" \"-o\" \"/tmp/.tmpfxWbln/template_project/target/riscv-guest/methods/method_name/riscv32im-risc0-zkvm-elf/release/build/link-cplusplus-f8c5c18dd904c615/out/c16f17691ff6f04b-dummy.o\" \"-c\" \"/home/ubuntu/.cargo/registry/src/index.crates.io-1949cf8c6b5b557f/link-cplusplus-1.0.12/src/dummy.cc\"\n"},{"name":"linked-hash-map","settings":{},"status":"Success","custom_profile":false,"version":"0.5.6"},{"name":"linux-raw-sys","settings":{},"status":"Success","custom_profile":false,"version":"0.6.5"},{"name":"local-channel","settings":{},"status":"Success","custom_profile":false,"version":"0.1.5"},{"name":"local-waker","settings":{},"status":"Success","custom_profile":false,"version":"0.1.4"},{"name":"lock_api","settings":{},"status":"Success","custom_profile":false,"version":"0.4.12"},{"name":"log","settings":{},"status":"Success","custom_profile":false,"version":"0.4.22"},{"name":"lru","settings":{},"status":"Success","custom_profile":false,"version":"0.12.5"},{"name":"lru-cache","settings":{},"status":"Success","custom_profile":false,"version":"0.1.2"},{"name":"lz4","settings":{},"status":"BuildFail","custom_profile":false,"version":"1.28.0","build_errors":"method_name: error: could not compile `lz4-sys` (lib) due to 1 previous error\n`.\not\no `size_t` in the root\n.0/src/lib.rs:8:16\nt`\n"},{"name":"lz4-sys","settings":{},"status":"BuildFail","custom_profile":false,"version":"1.11.1+lz4-1.10.0","build_errors":"method_name: error: could not compile `lz4-sys` (lib) due to 1 previous error\n`.\not\no `size_t` in the root\n.0/src/lib.rs:8:16\nt`\nndency `lz4-sys` includes semver metadata which will be ignored, removing the metadata is recommended to avoid confusion\n"},{"name":"lz4_flex","settings":{},"status":"Success","custom_profile":false,"version":"0.11.3"},{"name":"lzma-sys","settings":{},"status":"BuildFail","custom_profile":false,"version":"0.1.20","build_errors":"method_name: \n error occurred in cc-rs: command did not execute successfully (status code exit status: 1): LC_ALL=\"C\" \"/home/ubuntu/.risc0/toolchains/v2024.1.5-cpp-x86_64-unknown-linux-gnu/riscv32im-linux-x86_64/bin/riscv32-unknown-elf-gcc\" \"-O3\" \"-ffunction-sections\" \"-fdata-sections\" \"-fPIC\" \"-march=rv32im\" \"-mabi=ilp32\" \"-I\" \"xz-5.2/src/liblzma/api\" \"-I\" \"xz-5.2/src/liblzma/lzma\" \"-I\" \"xz-5.2/src/liblzma/lz\" \"-I\" \"xz-5.2/src/liblzma/check\" \"-I\" \"xz-5.2/src/liblzma/simple\" \"-I\" \"xz-5.2/src/liblzma/delta\" \"-I\" \"xz-5.2/src/liblzma/common\" \"-I\" \"xz-5.2/src/liblzma/rangecoder\" \"-I\" \"xz-5.2/src/common\" \"-I\" \"/home/ubuntu/.cargo/registry/src/index.crates.io-1949cf8c6b5b557f/lzma-sys-0.1.20\" \"-std=c99\" \"-pthread\" \"-DHAVE_CONFIG_H=1\" \"-march=rv32im\" \"-nostdlib\" \"-o\" \"/tmp/.tmpfxWbln/template_project/target/riscv-guest/methods/method_name/riscv32im-risc0-zkvm-elf/release/build/lzma-sys-f13f199e0534c40e/out/af5978f7ddeedb57-tuklib_cpucores.o\" \"-c\" \"xz-5.2/src/common/tuklib_cpucores.c\"\n"},{"name":"mac","settings":{},"status":"Success","custom_profile":false,"version":"0.1.1"},{"name":"mach","settings":{},"status":"BuildFail","custom_profile":false,"version":"0.3.2","build_errors":"method_name: error: could not compile `mach` (lib) due to 290 previous errors\n\ning it if it is out of date\ntion\n204:23\n, an unstable location; did you mean to load this crate from crates.io via `Cargo.toml` instead?\n"},{"name":"maplit","settings":{},"status":"Success","custom_profile":false,"version":"1.0.2"},{"name":"markup5ever","settings":{},"status":"BuildFail","custom_profile":false,"version":"0.14.0","build_errors":"method_name: error: could not compile `risc0-zkvm` (lib) due to 1 previous error\n0/toolchains/v1.88.0-rust-x86_64-unknown-linux-gnu/lib/rustlib/riscv32im-risc0-zkvm-elf/lib/libstd-1ac65f5883ab6d1a.rlib\n"},{"name":"match_cfg","settings":{},"status":"Success","custom_profile":false,"version":"0.1.0"},{"name":"matchers","settings":{},"status":"Success","custom_profile":false,"version":"0.2.0"},{"name":"matches","settings":{},"status":"Success","custom_profile":false,"version":"0.1.10"},{"name":"matchit","settings":{},"status":"Success","custom_profile":false,"version":"0.8.5"},{"name":"matrixmultiply","settings":{},"status":"Success","custom_profile":false,"version":"0.3.9"},{"name":"maybe-uninit","settings":{},"status":"Success","custom_profile":false,"version":"2.0.0"},{"name":"md-5","settings":{"std":true},"status":"Success","custom_profile":true,"version":"0.10.6"},{"name":"md5","settings":{},"status":"Success","custom_profile":false,"version":"0.7.0"},{"name":"memchr","settings":{},"status":"Success","custom_profile":false,"version":"2.7.4"},{"name":"memmap","settings":{},"status":"BuildFail","custom_profile":false,"version":"0.7.0","build_errors":"method_name: error: could not compile `memmap` (lib) due to 7 previous errors\n\nk).map(|inner| MmapMut { inner: inner })\n"},{"name":"memmap2","settings":{},"status":"Success","custom_profile":false,"version":"0.9.5"},{"name":"memoffset","settings":{},"status":"Success","custom_profile":false,"version":"0.9.1"},{"name":"metrics","settings":{},"status":"Success","custom_profile":false,"version":"0.24.1"},{"name":"metrics-macros","settings":{},"status":"Success","custom_profile":false,"version":"0.7.1"},{"name":"metrics-util","settings":{},"status":"BuildFail","custom_profile":false,"version":"0.18.0","build_errors":"method_name: warning: build failed, waiting for other jobs to finish...\nrrors\n\nnd in `libc`\n0.12.6/src/clocks/monotonic/unix.rs:14:39\n"},{"name":"miette","settings":{},"status":"Success","custom_profile":false,"version":"7.4.0"},{"name":"miette-derive","settings":{},"status":"Success","custom_profile":false,"version":"7.4.0"},{"name":"mime","settings":{},"status":"Success","custom_profile":false,"version":"0.3.17"},{"name":"mime_guess","settings":{},"status":"Success","custom_profile":false,"version":"2.0.5"},{"name":"minimal-lexical","settings":{},"status":"Success","custom_profile":false,"version":"0.1.4"},{"name":"miniz_oxide","settings":{},"status":"Success","custom_profile":false,"version":"0.8.0"},{"name":"mio","settings":{},"status":"BuildFail","custom_profile":false,"version":"1.0.3","build_errors":"method_name: error: could not compile `mio` (lib) due to 1 previous error\n0433`.\nd libc` to add it to your `Cargo.toml`\n"},{"name":"mio-uds","settings":{},"status":"Success","custom_profile":false,"version":"0.6.8"},{"name":"miow","settings":{"skip":true},"status":"Skipped","custom_profile":true,"version":null},{"name":"mockall","settings":{},"status":"Success","custom_profile":false,"version":"0.13.1"},{"name":"mockall_derive","settings":{},"status":"Success","custom_profile":false,"version":"0.13.1"},{"name":"multer","settings":{},"status":"Success","custom_profile":false,"version":"3.1.0"},{"name":"multihash","settings":{},"status":"Success","custom_profile":false,"version":"0.19.2"},{"name":"multimap","settings":{"std":true},"status":"Success","custom_profile":true,"version":"0.10.0"},{"name":"multipart","settings":{},"status":"BuildFail","custom_profile":false,"version":"0.18.0","build_errors":"method_name: warning: build failed, waiting for other jobs to finish...\nor\n432`.\n7f/time-0.1.45/src/sys.rs:3:15\n"},{"name":"nalgebra","settings":{},"status":"BuildFail","custom_profile":false,"version":"0.33.2","build_errors":"method_name: warning: build failed, waiting for other jobs to finish...\nus error\n0/toolchains/v1.88.0-rust-x86_64-unknown-linux-gnu/lib/rustlib/riscv32im-risc0-zkvm-elf/lib/libstd-1ac65f5883ab6d1a.rlib\n"},{"name":"nanorand","settings":{},"status":"BuildFail","custom_profile":false,"version":"0.7.0","build_errors":"method_name: error: could not compile `nanorand` (lib) due to 1 previous error\n.\n57f/nanorand-0.7.0/src/entropy.rs:51:2\n"},{"name":"native-tls","settings":{},"status":"BuildFail","custom_profile":false,"version":"0.2.12","build_errors":"method_name: warning: build failed, waiting for other jobs to finish...\n message.\n/rust-openssl\nrate cannot proceed without this knowledge. If OpenSSL is installed and this crate had trouble finding it,  you can set the `OPENSSL_DIR` environment variable for the compilation process. See stderr section below for further information.\n\", \"OPENSSL_NO_EC2M\", \"OPENSSL_NO_OCSP\", \"OPENSSL_NO_CMS\", \"OPENSSL_NO_COMP\", \"OPENSSL_NO_SOCK\", \"OPENSSL_NO_STDIO\", \"OPENSSL_NO_EC\", \"OPENSSL_NO_SSL3_METHOD\", \"OPENSSL_NO_KRB5\", \"OPENSSL_NO_TLSEXT\", \"OPENSSL_NO_SRP\", \"OPENSSL_NO_SRTP\", \"OPENSSL_NO_RFC3779\", \"OPENSSL_NO_SHA\", \"OPENSSL_NO_NEXTPROTONEG\", \"OPENSSL_NO_ENGINE\", \"OPENSSL_NO_BUF_FREELISTS\", \"OPENSSL_NO_RC2\"))\n"},{"name":"ndarray","settings":{},"status":"BuildFail","custom_profile":false,"version":"0.16.1","build_errors":"method_name: warning: build failed, waiting for other jobs to finish...\nus error\n0/toolchains/v1.88.0-rust-x86_64-unknown-linux-gnu/lib/rustlib/riscv32im-risc0-zkvm-elf/lib/libstd-1ac65f5883ab6d1a.rlib\n"},{"name":"net2","settings":{},"status":"BuildFail","custom_profile":false,"version":"0.2.39","build_errors":"method_name: error: could not compile `net2` (lib) due to 319 previous errors\n\n, E0432, E0599.\n.39/src/ext.rs:650:1\n2\n))\nar name exists: `ip2in6_addr`\n"},{"name":"new_debug_unreachable","settings":{},"status":"Success","custom_profile":false,"version":"1.0.6"},{"name":"nibble_vec","settings":{},"status":"Success","custom_profile":false,"version":"0.1.0"},{"name":"nix","settings":{},"status":"Success","custom_profile":false,"version":"0.29.0"},{"name":"no-std-compat","settings":{},"status":"Success","custom_profile":false,"version":"0.4.1"},{"name":"nodrop","settings":{},"status":"Success","custom_profile":false,"version":"0.1.14"},{"name":"nohash-hasher","settings":{},"status":"Success","custom_profile":false,"version":"0.2.0"},{"name":"nom","settings":{},"status":"BuildFail","custom_profile":false,"version":"6.2.2","build_errors":"method_name: failed to select a version for `memchr` which could resolve this conflict\npackage `method_name v0.1.0 (/tmp/.tmpfxWbln/template_project/methods/guest)`\n"},{"name":"nonzero_ext","settings":{},"status":"Success","custom_profile":false,"version":"0.3.0"},{"name":"normalize-line-endings","settings":{},"status":"Success","custom_profile":false,"version":"0.3.0"},{"name":"notify","settings":{},"status":"BuildFail","custom_profile":false,"version":"7.0.0","build_errors":"method_name: warning: build failed, waiting for other jobs to finish...\ns errors\nd libc` to add it to your `Cargo.toml`\n:114:33\n"},{"name":"ntapi","settings":{},"status":"Success","custom_profile":false,"version":"0.4.1"},{"name":"nu-ansi-term","settings":{},"status":"Success","custom_profile":false,"version":"0.50.1"},{"name":"num","settings":{},"status":"BuildFail","custom_profile":false,"version":"0.4.3","build_errors":"method_name: warning: build failed, waiting for other jobs to finish...\nus error\n0/toolchains/v1.88.0-rust-x86_64-unknown-linux-gnu/lib/rustlib/riscv32im-risc0-zkvm-elf/lib/libstd-1ac65f5883ab6d1a.rlib\n"},{"name":"num-bigint","settings":{},"status":"BuildFail","custom_profile":false,"version":"0.4.6","build_errors":"method_name: warning: build failed, waiting for other jobs to finish...\nus error\n0/toolchains/v1.88.0-rust-x86_64-unknown-linux-gnu/lib/rustlib/riscv32im-risc0-zkvm-elf/lib/libstd-1ac65f5883ab6d1a.rlib\n"},{"name":"num-bigint-dig","settings":{},"status":"BuildFail","custom_profile":false,"version":"0.7.1","build_errors":"method_name: warning: build failed, waiting for other jobs to finish...\nus error\n0/toolchains/v1.88.0-rust-x86_64-unknown-linux-gnu/lib/rustlib/riscv32im-risc0-zkvm-elf/lib/libstd-1ac65f5883ab6d1a.rlib\n"},{"name":"num-complex","settings":{},"status":"BuildFail","custom_profile":false,"version":"0.4.6","build_errors":"method_name: warning: build failed, waiting for other jobs to finish...\nus error\n0/toolchains/v1.88.0-rust-x86_64-unknown-linux-gnu/lib/rustlib/riscv32im-risc0-zkvm-elf/lib/libstd-1ac65f5883ab6d1a.rlib\n"},{"name":"num-conv","settings":{},"status":"Success","custom_profile":false,"version":"0.1.0"},{"name":"num-derive","settings":{},"status":"Success","custom_profile":false,"version":"0.4.2"},{"name":"num-format","settings":{},"status":"BuildFail","custom_profile":false,"version":"0.4.4","build_errors":"method_name: warning: build failed, waiting for other jobs to finish...\nus error\n0/toolchains/v1.88.0-rust-x86_64-unknown-linux-gnu/lib/rustlib/riscv32im-risc0-zkvm-elf/lib/libstd-1ac65f5883ab6d1a.rlib\n"},{"name":"num-integer","settings":{},"status":"BuildFail","custom_profile":false,"version":"0.1.46","build_errors":"method_name: error: could not compile `risc0-zkvm` (lib) due to 1 previous error\n0/toolchains/v1.88.0-rust-x86_64-unknown-linux-gnu/lib/rustlib/riscv32im-risc0-zkvm-elf/lib/libstd-1ac65f5883ab6d1a.rlib\n"},{"name":"num-iter","settings":{},"status":"BuildFail","custom_profile":false,"version":"0.1.45","build_errors":"method_name: error: could not compile `risc0-zkvm` (lib) due to 1 previous error\n0/toolchains/v1.88.0-rust-x86_64-unknown-linux-gnu/lib/rustlib/riscv32im-risc0-zkvm-elf/lib/libstd-1ac65f5883ab6d1a.rlib\n"},{"name":"num-rational","settings":{},"status":"BuildFail","custom_profile":false,"version":"0.4.2","build_errors":"method_name: warning: build failed, waiting for other jobs to finish...\nus error\n0/toolchains/v1.88.0-rust-x86_64-unknown-linux-gnu/lib/rustlib/riscv32im-risc0-zkvm-elf/lib/libstd-1ac65f5883ab6d1a.rlib\n"},{"name":"num-traits","settings":{},"status":"BuildFail","custom_profile":false,"version":"0.2.19","build_errors":"method_name: error: could not compile `risc0-zkvm` (lib) due to 1 previous error\n0/toolchains/v1.88.0-rust-x86_64-unknown-linux-gnu/lib/rustlib/riscv32im-risc0-zkvm-elf/lib/libstd-1ac65f5883ab6d1a.rlib\n"},{"name":"num_cpus","settings":{},"status":"Success","custom_profile":false,"version":"1.16.0"},{"name":"num_enum","settings":{},"status":"BuildFail","custom_profile":false,"version":"0.7.3","build_errors":"method_name: warning: build failed, waiting for other jobs to finish...\nus error\n0/toolchains/v1.88.0-rust-x86_64-unknown-linux-gnu/lib/rustlib/riscv32im-risc0-zkvm-elf/lib/libstd-1ac65f5883ab6d1a.rlib\n"},{"name":"num_enum_derive","settings":{},"status":"Success","custom_profile":false,"version":"0.7.3"},{"name":"num_threads","settings":{},"status":"Success","custom_profile":false,"version":"0.1.7"},{"name":"number_prefix","settings":{},"status":"Success","custom_profile":false,"version":"0.4.0"},{"name":"object","settings":{},"status":"Success","custom_profile":false,"version":"0.36.5"},{"name":"object_store","settings":{},"status":"BuildFail","custom_profile":false,"version":"0.11.1","build_errors":"method_name: warning: build failed, waiting for other jobs to finish...\nious errors\nsc0/risc0/risc0/groth16)\neError>\nod.rs:355:10\n"},{"name":"oid-registry","settings":{},"status":"BuildFail","custom_profile":false,"version":"0.7.1","build_errors":"method_name: warning: build failed, waiting for other jobs to finish...\nus error\n0/toolchains/v1.88.0-rust-x86_64-unknown-linux-gnu/lib/rustlib/riscv32im-risc0-zkvm-elf/lib/libstd-1ac65f5883ab6d1a.rlib\n"},{"name":"once_cell","settings":{},"status":"BuildFail","custom_profile":false,"version":"1.20.2","build_errors":"method_name: error: could not compile `risc0-zkvm` (lib) due to 1 previous error\n0/toolchains/v1.88.0-rust-x86_64-unknown-linux-gnu/lib/rustlib/riscv32im-risc0-zkvm-elf/lib/libstd-1ac65f5883ab6d1a.rlib\n"},{"name":"oorandom","settings":{},"status":"Success","custom_profile":false,"version":"11.1.4"},{"name":"opaque-debug","settings":{},"status":"Success","custom_profile":false,"version":"0.3.1"},{"name":"openssl","settings":{"std":true},"status":"BuildFail","custom_profile":true,"version":"0.10.68","build_errors":"method_name: \n openssl-sys = 0.9.110\nsc0-zkvm-elf\nsystem as well as this message.\n/rust-openssl\nrate cannot proceed without this knowledge. If OpenSSL is installed and this crate had trouble finding it,  you can set the `OPENSSL_DIR` environment variable for the compilation process. See stderr section below for further information.\n\", \"OPENSSL_NO_EC2M\", \"OPENSSL_NO_OCSP\", \"OPENSSL_NO_CMS\", \"OPENSSL_NO_COMP\", \"OPENSSL_NO_SOCK\", \"OPENSSL_NO_STDIO\", \"OPENSSL_NO_EC\", \"OPENSSL_NO_SSL3_METHOD\", \"OPENSSL_NO_KRB5\", \"OPENSSL_NO_TLSEXT\", \"OPENSSL_NO_SRP\", \"OPENSSL_NO_SRTP\", \"OPENSSL_NO_RFC3779\", \"OPENSSL_NO_SHA\", \"OPENSSL_NO_NEXTPROTONEG\", \"OPENSSL_NO_ENGINE\", \"OPENSSL_NO_BUF_FREELISTS\", \"OPENSSL_NO_RC2\"))\n"},{"name":"openssl-macros","settings":{},"status":"Success","custom_profile":false,"version":"0.1.1"},{"name":"openssl-probe","settings":{},"status":"Success","custom_profile":false,"version":"0.1.5"},{"name":"openssl-src","settings":{},"status":"BuildFail","custom_profile":false,"version":"300.4.1+3.4.0","build_errors":"method_name: error: could not compile `cc` (lib) due to 1 previous error\n^^^^^^^^^^^^^^^^^^^^^^^^^^^^^\n\nile.rs:12:1\n for dependency `openssl-src` includes semver metadata which will be ignored, removing the metadata is recommended to avoid confusion\n"},{"name":"openssl-sys","settings":{},"status":"BuildFail","custom_profile":false,"version":"0.9.104","build_errors":"method_name: \n openssl-sys = 0.9.110\nsc0-zkvm-elf\nsystem as well as this message.\n/rust-openssl\nrate cannot proceed without this knowledge. If OpenSSL is installed and this crate had trouble finding it,  you can set the `OPENSSL_DIR` environment variable for the compilation process. See stderr section below for further information.\n\", \"OPENSSL_NO_EC2M\", \"OPENSSL_NO_OCSP\", \"OPENSSL_NO_CMS\", \"OPENSSL_NO_COMP\", \"OPENSSL_NO_SOCK\", \"OPENSSL_NO_STDIO\", \"OPENSSL_NO_EC\", \"OPENSSL_NO_SSL3_METHOD\", \"OPENSSL_NO_KRB5\", \"OPENSSL_NO_TLSEXT\", \"OPENSSL_NO_SRP\", \"OPENSSL_NO_SRTP\", \"OPENSSL_NO_RFC3779\", \"OPENSSL_NO_SHA\", \"OPENSSL_NO_NEXTPROTONEG\", \"OPENSSL_NO_ENGINE\", \"OPENSSL_NO_BUF_FREELISTS\", \"OPENSSL_NO_RC2\"))\n"},{"name":"opentelemetry","settings":{},"status":"Success","custom_profile":false,"version":"0.27.1"},{"name":"opentelemetry-http","settings":{},"status":"Success","custom_profile":false,"version":"0.27.0"},{"name":"opentelemetry-otlp","settings":{},"status":"BuildFail","custom_profile":false,"version":"0.27.0","build_errors":"method_name: error: could not compile `mio` (lib) due to 48 previous errors\n`.\n, E0433, E0599.\n/src/net/udp.rs:762:9\n5:1\ncope\n\n\n57f/socket2-0.5.10/src/sys.rs\" or \"/home/ubuntu/.cargo/registry/src/index.crates.io-1949cf8c6b5b557f/socket2-0.5.10/src/sys/mod.rs\"\n"},{"name":"opentelemetry-proto","settings":{},"status":"BuildFail","custom_profile":false,"version":"0.27.0","build_errors":"method_name: error: could not compile `mio` (lib) due to 48 previous errors\n`.\n, E0433, E0599.\n/src/net/udp.rs:762:9\n5:1\ncope\n\n\n57f/socket2-0.5.10/src/sys.rs\" or \"/home/ubuntu/.cargo/registry/src/index.crates.io-1949cf8c6b5b557f/socket2-0.5.10/src/sys/mod.rs\"\n"},{"name":"opentelemetry-semantic-conventions","settings":{},"status":"Success","custom_profile":false,"version":"0.27.0"},{"name":"opentelemetry_api","settings":{},"status":"BuildFail","custom_profile":false,"version":"0.20.0","build_errors":"method_name: warning: build failed, waiting for other jobs to finish...\nus error\n0/toolchains/v1.88.0-rust-x86_64-unknown-linux-gnu/lib/rustlib/riscv32im-risc0-zkvm-elf/lib/libstd-1ac65f5883ab6d1a.rlib\n"},{"name":"opentelemetry_sdk","settings":{},"status":"BuildFail","custom_profile":false,"version":"0.27.1","build_errors":"method_name: warning: build failed, waiting for other jobs to finish...\nus error\n0/toolchains/v1.88.0-rust-x86_64-unknown-linux-gnu/lib/rustlib/riscv32im-risc0-zkvm-elf/lib/libstd-1ac65f5883ab6d1a.rlib\n"},{"name":"option-ext","settings":{},"status":"Success","custom_profile":false,"version":"0.2.0"},{"name":"ordered-float","settings":{},"status":"BuildFail","custom_profile":false,"version":"4.5.0","build_errors":"method_name: warning: build failed, waiting for other jobs to finish...\nus error\n0/toolchains/v1.88.0-rust-x86_64-unknown-linux-gnu/lib/rustlib/riscv32im-risc0-zkvm-elf/lib/libstd-1ac65f5883ab6d1a.rlib\n"},{"name":"ordered-multimap","settings":{},"status":"BuildFail","custom_profile":false,"version":"0.7.4","build_errors":"method_name: required by package `method_name v0.1.0 (/tmp/.tmpfxWbln/template_project/methods/guest)`\n"},{"name":"os_info","settings":{},"status":"BuildFail","custom_profile":false,"version":"3.9.0","build_errors":"method_name: warning: build failed, waiting for other jobs to finish...\nus error\n0/toolchains/v1.88.0-rust-x86_64-unknown-linux-gnu/lib/rustlib/riscv32im-risc0-zkvm-elf/lib/libstd-1ac65f5883ab6d1a.rlib\n"},{"name":"os_pipe","settings":{},"status":"BuildFail","custom_profile":false,"version":"1.2.1","build_errors":"method_name: error: could not compile `os_pipe` (lib) due to 32 previous errors\n E0433.\ned type `OwnedFd`\nx.rs:20:48\n7\n"},{"name":"os_str_bytes","settings":{},"status":"BuildFail","custom_profile":false,"version":"7.0.0","build_errors":"method_name: error: could not compile `os_str_bytes` (lib) due to 8 previous errors\n/os_str_bytes-7.1.1/src/common/convert_io.rs:29:12\n"},{"name":"ouroboros","settings":{},"status":"Success","custom_profile":false,"version":"0.18.4"},{"name":"ouroboros_macro","settings":{},"status":"Success","custom_profile":false,"version":"0.18.4"},{"name":"outref","settings":{},"status":"Success","custom_profile":false,"version":"0.5.1"},{"name":"overload","settings":{},"status":"Success","custom_profile":false,"version":"0.1.1"},{"name":"owning_ref","settings":{},"status":"Success","custom_profile":false,"version":"0.4.1"},{"name":"owo-colors","settings":{},"status":"Success","custom_profile":false,"version":"4.1.0"},{"name":"p256","settings":{},"status":"BuildFail","custom_profile":false,"version":"0.13.2","build_errors":"method_name: warning: build failed, waiting for other jobs to finish...\nus error\n0/toolchains/v1.88.0-rust-x86_64-unknown-linux-gnu/lib/rustlib/riscv32im-risc0-zkvm-elf/lib/libstd-1ac65f5883ab6d1a.rlib\n"},{"name":"parity-scale-codec","settings":{},"status":"BuildFail","custom_profile":false,"version":"3.7.0","build_errors":"method_name: warning: build failed, waiting for other jobs to finish...\nus error\n0/toolchains/v1.88.0-rust-x86_64-unknown-linux-gnu/lib/rustlib/riscv32im-risc0-zkvm-elf/lib/libstd-1ac65f5883ab6d1a.rlib\n"},{"name":"parity-scale-codec-derive","settings":{},"status":"Success","custom_profile":false,"version":"3.7.0"},{"name":"parking","settings":{},"status":"Success","custom_profile":false,"version":"2.2.1"},{"name":"parking_lot","settings":{},"status":"Success","custom_profile":false,"version":"0.12.3"},{"name":"parking_lot_core","settings":{},"status":"Success","custom_profile":false,"version":"0.9.10"},{"name":"parse-zoneinfo","settings":{},"status":"Success","custom_profile":false,"version":"0.3.1"},{"name":"password-hash","settings":{},"status":"Success","custom_profile":false,"version":"0.5.0"},{"name":"paste","settings":{},"status":"Success","custom_profile":false,"version":"1.0.15"},{"name":"paste-impl","settings":{},"status":"Success","custom_profile":false,"version":"0.1.18"},{"name":"pathdiff","settings":{},"status":"Success","custom_profile":false,"version":"0.2.3"},{"name":"pbkdf2","settings":{},"status":"Success","custom_profile":false,"version":"0.12.2"},{"name":"peeking_take_while","settings":{},"status":"Success","custom_profile":false,"version":"1.0.0"},{"name":"pem","settings":{},"status":"Success","custom_profile":false,"version":"3.0.4"},{"name":"pem-rfc7468","settings":{},"status":"Success","custom_profile":false,"version":"1.0.0-rc.0"},{"name":"percent-encoding","settings":{},"status":"Success","custom_profile":false,"version":"2.3.1"},{"name":"pest","settings":{},"status":"Success","custom_profile":false,"version":"2.7.14"},{"name":"pest_derive","settings":{},"status":"Success","custom_profile":false,"version":"2.7.14"},{"name":"pest_generator","settings":{},"status":"Success","custom_profile":false,"version":"2.7.14"},{"name":"pest_meta","settings":{},"status":"Success","custom_profile":false,"version":"2.7.14"},{"name":"petgraph","settings":{},"status":"Success","custom_profile":false,"version":"0.6.5"},{"name":"phf","settings":{},"status":"Success","custom_profile":false,"version":"0.11.2"},{"name":"phf_codegen","settings":{},"status":"Success","custom_profile":false,"version":"0.11.2"},{"name":"phf_generator","settings":{},"status":"Success","custom_profile":false,"version":"0.11.2"},{"name":"phf_macros","settings":{},"status":"Success","custom_profile":false,"version":"0.11.2"},{"name":"phf_shared","settings":{},"status":"Success","custom_profile":false,"version":"0.11.2"},{"name":"pico-args","settings":{},"status":"Success","custom_profile":false,"version":"0.5.0"},{"name":"pin-project","settings":{},"status":"Success","custom_profile":false,"version":"1.1.7"},{"name":"pin-project-internal","settings":{},"status":"Success","custom_profile":false,"version":"1.1.7"},{"name":"pin-project-lite","settings":{},"status":"Success","custom_profile":false,"version":"0.2.15"},{"name":"pin-utils","settings":{},"status":"Success","custom_profile":false,"version":"0.1.0"},{"name":"piper","settings":{},"status":"Success","custom_profile":false,"version":"0.2.4"},{"name":"pkcs1","settings":{},"status":"Success","custom_profile":false,"version":"0.8.0-rc.1"},{"name":"pkcs8","settings":{},"status":"Success","custom_profile":false,"version":"0.10.2"},{"name":"pkg-config","settings":{},"status":"Success","custom_profile":false,"version":"0.3.31"},{"name":"platforms","settings":{},"status":"Success","custom_profile":false,"version":"3.5.0"},{"name":"plotters","settings":{},"status":"BuildFail","custom_profile":false,"version":"0.3.7","build_errors":"method_name: error: could not compile `dirs` (lib) due to 9 previous errors\n25`.\n^^^^^\nirs-sys-0.5.0/src/lib.rs:133:1\n\n\n"},{"name":"plotters-backend","settings":{},"status":"Success","custom_profile":false,"version":"0.3.7"},{"name":"plotters-svg","settings":{},"status":"Success","custom_profile":false,"version":"0.3.7"},{"name":"png","settings":{},"status":"Success","custom_profile":false,"version":"0.17.14"},{"name":"polling","settings":{},"status":"BuildFail","custom_profile":false,"version":"3.7.4","build_errors":"method_name: error: could not compile `polling` (lib) due to 13 previous errors\nd sys` to add it to your `Cargo.toml`\n\n"},{"name":"poly1305","settings":{},"status":"Success","custom_profile":false,"version":"0.8.0"},{"name":"polyval","settings":{},"status":"Success","custom_profile":false,"version":"0.6.2"},{"name":"portable-atomic","settings":{},"status":"Success","custom_profile":false,"version":"1.10.0"},{"name":"postgres-protocol","settings":{},"status":"BuildFail","custom_profile":false,"version":"0.6.7","build_errors":"method_name: warning: build failed, waiting for other jobs to finish...\nus error\n0/toolchains/v1.88.0-rust-x86_64-unknown-linux-gnu/lib/rustlib/riscv32im-risc0-zkvm-elf/lib/libstd-1ac65f5883ab6d1a.rlib\n"},{"name":"powerfmt","settings":{},"status":"Success","custom_profile":false,"version":"0.2.0"},{"name":"ppv-lite86","settings":{},"status":"Success","custom_profile":false,"version":"0.2.20"},{"name":"precomputed-hash","settings":{},"status":"Success","custom_profile":false,"version":"0.1.1"},{"name":"predicates","settings":{},"status":"Success","custom_profile":false,"version":"3.1.2"},{"name":"predicates-core","settings":{},"status":"Success","custom_profile":false,"version":"1.0.8"},{"name":"predicates-tree","settings":{},"status":"Success","custom_profile":false,"version":"1.0.11"},{"name":"pretty_assertions","settings":{},"status":"Success","custom_profile":false,"version":"1.4.1"},{"name":"pretty_env_logger","settings":{},"status":"BuildFail","custom_profile":false,"version":"0.5.0","build_errors":"method_name: error: could not compile `is-terminal` (lib) due to 1 previous error\n7f/is-terminal-0.4.17/src/lib.rs:84:14\n"},{"name":"prettyplease","settings":{},"status":"Success","custom_profile":false,"version":"0.2.25"},{"name":"primeorder","settings":{},"status":"Success","custom_profile":false,"version":"0.14.0-pre.1"},{"name":"primitive-types","settings":{},"status":"BuildFail","custom_profile":false,"version":"0.13.1","build_errors":"method_name: warning: build failed, waiting for other jobs to finish...\nus error\n0/toolchains/v1.88.0-rust-x86_64-unknown-linux-gnu/lib/rustlib/riscv32im-risc0-zkvm-elf/lib/libstd-1ac65f5883ab6d1a.rlib\n"},{"name":"proc-macro-crate","settings":{},"status":"Success","custom_profile":false,"version":"3.2.0"},{"name":"proc-macro-error","settings":{},"status":"Success","custom_profile":false,"version":"1.0.4"},{"name":"proc-macro-error-attr","settings":{},"status":"Success","custom_profile":false,"version":"1.0.4"},{"name":"proc-macro-hack","settings":{},"status":"Success","custom_profile":false,"version":"0.5.20+deprecated"},{"name":"proc-macro-nested","settings":{},"status":"Success","custom_profile":false,"version":"0.1.7"},{"name":"proc-macro2","settings":{},"status":"Success","custom_profile":false,"version":"1.0.92"},{"name":"procfs","settings":{},"status":"BuildFail","custom_profile":false,"version":"0.17.0","build_errors":"method_name: warning: build failed, waiting for other jobs to finish...\nror\n^^^^^^^^^^^^^^\n\n.3.14/src/sys.rs:12:1\n"},{"name":"prometheus","settings":{},"status":"Success","custom_profile":false,"version":"0.13.4"},{"name":"proptest","settings":{},"status":"BuildFail","custom_profile":false,"version":"1.5.0","build_errors":"method_name: warning: build failed, waiting for other jobs to finish...\nious error\np` to add it to your `Cargo.toml`\n:9\n\n"},{"name":"prost","settings":{},"status":"Success","custom_profile":false,"version":"0.13.3"},{"name":"prost-build","settings":{},"status":"BuildFail","custom_profile":false,"version":"0.13.3","build_errors":"method_name: warning: build failed, waiting for other jobs to finish...\nus error\n0/toolchains/v1.88.0-rust-x86_64-unknown-linux-gnu/lib/rustlib/riscv32im-risc0-zkvm-elf/lib/libstd-1ac65f5883ab6d1a.rlib\n"},{"name":"prost-derive","settings":{},"status":"Success","custom_profile":false,"version":"0.13.3"},{"name":"prost-types","settings":{},"status":"Success","custom_profile":false,"version":"0.13.3"},{"name":"protobuf","settings":{},"status":"BuildFail","custom_profile":false,"version":"3.7.1","build_errors":"method_name: warning: build failed, waiting for other jobs to finish...\nus error\n0/toolchains/v1.88.0-rust-x86_64-unknown-linux-gnu/lib/rustlib/riscv32im-risc0-zkvm-elf/lib/libstd-1ac65f5883ab6d1a.rlib\n"},{"name":"protobuf-codegen","settings":{},"status":"BuildFail","custom_profile":false,"version":"3.7.1","build_errors":"method_name: warning: build failed, waiting for other jobs to finish...\nror\n^^^^^^^^^^^^^^\n\n.3.14/src/sys.rs:12:1\n"},{"name":"psm","settings":{},"status":"Success","custom_profile":false,"version":"0.1.24"},{"name":"ptr_meta","settings":{},"status":"Success","custom_profile":false,"version":"0.3.0"},{"name":"ptr_meta_derive","settings":{},"status":"Success","custom_profile":false,"version":"0.3.0"},{"name":"publicsuffix","settings":{},"status":"Success","custom_profile":false,"version":"2.3.0"},{"name":"pulldown-cmark","settings":{},"status":"Success","custom_profile":false,"version":"0.12.2"},{"name":"pyo3","settings":{},"status":"BuildFail","custom_profile":false,"version":"0.23.2","build_errors":"method_name: warning: build failed, waiting for other jobs to finish...\nus error\n0/toolchains/v1.88.0-rust-x86_64-unknown-linux-gnu/lib/rustlib/riscv32im-risc0-zkvm-elf/lib/libstd-1ac65f5883ab6d1a.rlib\n"},{"name":"pyo3-build-config","settings":{},"status":"BuildFail","custom_profile":false,"version":"0.23.2","build_errors":"method_name: error: could not compile `risc0-zkvm` (lib) due to 1 previous error\n0/toolchains/v1.88.0-rust-x86_64-unknown-linux-gnu/lib/rustlib/riscv32im-risc0-zkvm-elf/lib/libstd-1ac65f5883ab6d1a.rlib\n101)\n"},{"name":"pyo3-ffi","settings":{},"status":"BuildFail","custom_profile":false,"version":"0.23.2","build_errors":"method_name:   note: run with `RUST_BACKTRACE=1` environment variable to display a backtrace\nkvm\")\nb5b557f/pyo3-build-config-0.23.5/src/impl_.rs:79:10:\n0282c6648/build-script-build` (exit status: 101)\n"},{"name":"pyo3-macros","settings":{},"status":"Success","custom_profile":false,"version":"0.23.2"},{"name":"pyo3-macros-backend","settings":{},"status":"BuildFail","custom_profile":false,"version":"0.23.2","build_errors":"method_name: warning: build failed, waiting for other jobs to finish...\n display a backtrace\n9cf8c6b5b557f/target-lexicon-0.12.16/build.rs:52:54:\nicon-a4e185bd66a97fe7/build-script-build` (exit status: 101)\n"},{"name":"quanta","settings":{},"status":"BuildFail","custom_profile":false,"version":"0.12.3","build_errors":"method_name: error: could not compile `risc0-zkvm` (lib) due to 1 previous error\n0/toolchains/v1.88.0-rust-x86_64-unknown-linux-gnu/lib/rustlib/riscv32im-risc0-zkvm-elf/lib/libstd-1ac65f5883ab6d1a.rlib\n"},{"name":"quick-error","settings":{},"status":"Success","custom_profile":false,"version":"2.0.1"},{"name":"quick-xml","settings":{},"status":"Success","custom_profile":false,"version":"0.37.1"},{"name":"quickcheck","settings":{},"status":"Success","custom_profile":false,"version":"1.0.3"},{"name":"quinn","settings":{},"status":"BuildFail","custom_profile":false,"version":"0.11.6","build_errors":"method_name: error: could not compile `mio` (lib) due to 48 previous errors\n`.\n, E0433, E0599.\n/src/net/udp.rs:762:9\n5:1\ncope\n\n\n57f/socket2-0.6.1/src/sys.rs\" or \"/home/ubuntu/.cargo/registry/src/index.crates.io-1949cf8c6b5b557f/socket2-0.6.1/src/sys/mod.rs\"\n"},{"name":"quinn-proto","settings":{},"status":"BuildFail","custom_profile":false,"version":"0.11.9","build_errors":"method_name: warning: build failed, waiting for other jobs to finish...\nully (status code exit status: 1): LC_ALL=\"C\" \"/home/ubuntu/.risc0/toolchains/v2024.1.5-cpp-x86_64-unknown-linux-gnu/riscv32im-linux-x86_64/bin/riscv32-unknown-elf-gcc\" \"-O3\" \"-ffunction-sections\" \"-fdata-sections\" \"-fPIC\" \"-march=rv32im\" \"-mabi=ilp32\" \"-I\" \"/home/ubuntu/.cargo/registry/src/index.crates.io-1949cf8c6b5b557f/ring-0.17.14/include\" \"-I\" \"/home/ubuntu/.cargo/registry/src/index.crates.io-1949cf8c6b5b557f/ring-0.17.14/pregenerated\" \"-fvisibility=hidden\" \"-std=c1x\" \"-Wall\" \"-Wbad-function-cast\" \"-Wcast-align\" \"-Wcast-qual\" \"-Wconversion\" \"-Wmissing-field-initializers\" \"-Wmissing-include-dirs\" \"-Wnested-externs\" \"-Wredundant-decls\" \"-Wshadow\" \"-Wsign-compare\" \"-Wsign-conversion\" \"-Wstrict-prototypes\" \"-Wundef\" \"-Wuninitialized\" \"-g3\" \"-DNDEBUG\" \"-march=rv32im\" \"-nostdlib\" \"-o\" \"/tmp/.tmpfxWbln/template_project/target/riscv-guest/methods/method_name/riscv32im-risc0-zkvm-elf/release/build/ring-7c7dbafe6bef1d76/out/25ac62e5b3c53843-curve25519.o\" \"-c\" \"/home/ubuntu/.cargo/registry/src/index.crates.io-1949cf8c6b5b557f/ring-0.17.14/crypto/curve25519/curve25519.c\"\n"},{"name":"quinn-udp","settings":{},"status":"BuildFail","custom_profile":false,"version":"0.5.7","build_errors":"method_name: warning: build failed, waiting for other jobs to finish...\nerrors\n no tail or `return` expression\n:111:16\n:15\n6b5b557f/socket2-0.6.1/src/sys.rs\" or \"/home/ubuntu/.cargo/registry/src/index.crates.io-1949cf8c6b5b557f/socket2-0.6.1/src/sys/mod.rs\"\n"},{"name":"quote","settings":{},"status":"Success","custom_profile":false,"version":"1.0.37"},{"name":"radium","settings":{},"status":"Success","custom_profile":false,"version":"1.1.0"},{"name":"radix_trie","settings":{},"status":"Success","custom_profile":false,"version":"0.2.1"},{"name":"rand","settings":{"std":true},"status":"Success","custom_profile":true,"version":"0.8.5"},{"name":"rand_chacha","settings":{},"status":"BuildFail","custom_profile":false,"version":"0.9.0-alpha.0","build_errors":"method_name: warning: build failed, waiting for other jobs to finish...\nus error\n0/toolchains/v1.88.0-rust-x86_64-unknown-linux-gnu/lib/rustlib/riscv32im-risc0-zkvm-elf/lib/libstd-1ac65f5883ab6d1a.rlib\n"},{"name":"rand_core","settings":{},"status":"Success","custom_profile":false,"version":"0.6.4"},{"name":"rand_distr","settings":{},"status":"BuildFail","custom_profile":false,"version":"0.4.3","build_errors":"method_name: warning: build failed, waiting for other jobs to finish...\nus error\n0/toolchains/v1.88.0-rust-x86_64-unknown-linux-gnu/lib/rustlib/riscv32im-risc0-zkvm-elf/lib/libstd-1ac65f5883ab6d1a.rlib\n"},{"name":"rand_hc","settings":{},"status":"Success","custom_profile":false,"version":"0.3.2"},{"name":"rand_isaac","settings":{},"status":"Success","custom_profile":false,"version":"0.3.0"},{"name":"rand_jitter","settings":{},"status":"Success","custom_profile":false,"version":"0.4.0"},{"name":"rand_os","settings":{},"status":"BuildFail","custom_profile":false,"version":"0.2.2","build_errors":"method_name: error: could not compile `getrandom` (lib) due to 2 previous errors\n imp` to add it to your `Cargo.toml`\n5\n"},{"name":"rand_pcg","settings":{},"status":"Success","custom_profile":false,"version":"0.9.0-beta.0"},{"name":"rand_xorshift","settings":{},"status":"Success","custom_profile":false,"version":"0.3.0"},{"name":"rand_xoshiro","settings":{},"status":"Success","custom_profile":false,"version":"0.6.0"},{"name":"raw-cpuid","settings":{},"status":"Success","custom_profile":false,"version":"11.2.0"},{"name":"raw-window-handle","settings":{},"status":"Success","custom_profile":false,"version":"0.6.2"},{"name":"rawpointer","settings":{},"status":"Success","custom_profile":false,"version":"0.2.1"},{"name":"rayon","settings":{"patch":"[patch.crates-io]\ncrossbeam = { git = \"https://github.com/risc0/crossbeam\", rev = \"b25eb50f8c193f36dacb6739692261ea96827bb7\" }\ncrossbeam-utils = { git = \"https://github.com/risc0/crossbeam\", rev = \"b25eb50f8c193f36dacb6739692261ea96827bb7\" }\ncrossbeam-channel = { git = \"https://github.com/risc0/crossbeam\", rev = \"b25eb50f8c193f36dacb6739692261ea96827bb7\" }\n"},"status":"Success","custom_profile":true,"version":"1.10.0"},{"name":"rayon-core","settings":{"patch":"[patch.crates-io]\ncrossbeam = { git = \"https://github.com/risc0/crossbeam\", rev = \"b25eb50f8c193f36dacb6739692261ea96827bb7\" }\ncrossbeam-utils = { git = \"https://github.com/risc0/crossbeam\", rev = \"b25eb50f8c193f36dacb6739692261ea96827bb7\" }\ncrossbeam-channel = { git = \"https://github.com/risc0/crossbeam\", rev = \"b25eb50f8c193f36dacb6739692261ea96827bb7\" }\n"},"status":"Success","custom_profile":true,"version":"1.12.1"},{"name":"rcgen","settings":{},"status":"BuildFail","custom_profile":false,"version":"0.13.1","build_errors":"method_name: warning: build failed, waiting for other jobs to finish...\nully (status code exit status: 1): LC_ALL=\"C\" \"/home/ubuntu/.risc0/toolchains/v2024.1.5-cpp-x86_64-unknown-linux-gnu/riscv32im-linux-x86_64/bin/riscv32-unknown-elf-gcc\" \"-O3\" \"-ffunction-sections\" \"-fdata-sections\" \"-fPIC\" \"-march=rv32im\" \"-mabi=ilp32\" \"-I\" \"/home/ubuntu/.cargo/registry/src/index.crates.io-1949cf8c6b5b557f/ring-0.17.14/include\" \"-I\" \"/home/ubuntu/.cargo/registry/src/index.crates.io-1949cf8c6b5b557f/ring-0.17.14/pregenerated\" \"-fvisibility=hidden\" \"-std=c1x\" \"-Wall\" \"-Wbad-function-cast\" \"-Wcast-align\" \"-Wcast-qual\" \"-Wconversion\" \"-Wmissing-field-initializers\" \"-Wmissing-include-dirs\" \"-Wnested-externs\" \"-Wredundant-decls\" \"-Wshadow\" \"-Wsign-compare\" \"-Wsign-conversion\" \"-Wstrict-prototypes\" \"-Wundef\" \"-Wuninitialized\" \"-g3\" \"-DNDEBUG\" \"-march=rv32im\" \"-nostdlib\" \"-o\" \"/tmp/.tmpfxWbln/template_project/target/riscv-guest/methods/method_name/riscv32im-risc0-zkvm-elf/release/build/ring-7c7dbafe6bef1d76/out/25ac62e5b3c53843-curve25519.o\" \"-c\" \"/home/ubuntu/.cargo/registry/src/index.crates.io-1949cf8c6b5b557f/ring-0.17.14/crypto/curve25519/curve25519.c\"\n"},{"name":"rdrand","settings":{},"status":"BuildFail","custom_profile":false,"version":"0.8.3","build_errors":"method_name: warning: build failed, waiting for other jobs to finish...\nrrors\n\n5b557f/rdrand-0.8.3/src/lib.rs:184:20\n"},{"name":"redis","settings":{},"status":"BuildFail","custom_profile":false,"version":"0.27.5","build_errors":"method_name: warning: build failed, waiting for other jobs to finish...\nerrors\n no tail or `return` expression\ns:109:16\n:15\nb5b557f/socket2-0.5.10/src/sys.rs\" or \"/home/ubuntu/.cargo/registry/src/index.crates.io-1949cf8c6b5b557f/socket2-0.5.10/src/sys/mod.rs\"\n"},{"name":"redox_syscall","settings":{"skip":true},"status":"Skipped","custom_profile":true,"version":null},{"name":"redox_users","settings":{"patch":"[patch.crates-io]\ncrossbeam = { git = \"https://github.com/risc0/crossbeam\", rev = \"b25eb50f8c193f36dacb6739692261ea96827bb7\" }\ncrossbeam-utils = { git = \"https://github.com/risc0/crossbeam\", rev = \"b25eb50f8c193f36dacb6739692261ea96827bb7\" }\ncrossbeam-channel = { git = \"https://github.com/risc0/crossbeam\", rev = \"b25eb50f8c193f36dacb6739692261ea96827bb7\" }\n"},"status":"BuildFail","custom_profile":true,"version":"0.4.6","build_errors":"method_name: warning: build failed, waiting for other jobs to finish...\ns errors\n`libc`\nbredox-0.1.10/src/lib.rs:166:39\not\n in the root\nibc::EAFNOSUPPORT`, `libc::EAGAIN`, `libc::EALREADY`, `libc::EBADE`, `libc::EBADF`, `libc::EBADFD`, `libc::EBADMSG`, `libc::EBADR`, `libc::EBADRQC`, `libc::EBADSLT`, `libc::EBFONT`, `libc::EBUSY`, `libc::ECANCELED`, `libc::ECHILD`, `libc::ECHRNG`, `libc::ECOMM`, `libc::ECONNABORTED`, `libc::ECONNREFUSED`, `libc::ECONNRESET`, `libc::EDEADLK`, `libc::EDEADLOCK`, `libc::EDESTADDRREQ`, `libc::EDOM`, `libc::EDOTDOT`, `libc::EDQUOT`, `libc::EEXIST`, `libc::EFAULT`, `libc::EFBIG`, `libc::EHOSTDOWN`, `libc::EHOSTUNREACH`, `libc::EIDRM`, `libc::EILSEQ`, `libc::EINPROGRESS`, `libc::EINTR`, `libc::EINVAL`, `libc::EIO`, `libc::EISCONN`, `libc::EISDIR`, `libc::EISNAM`, `libc::EKEYEXPIRED`, `libc::EKEYREJECTED`, `libc::EKEYREVOKED`, `libc::EL2HLT`, `libc::EL2NSYNC`, `libc::EL3HLT`, `libc::EL3RST`, `libc::ELIBACC`, `libc::ELIBBAD`, `libc::ELIBEXEC`, `libc::ELIBMAX`, `libc::ELIBSCN`, `libc::ELNRNG`, `libc::ELOOP`, `libc::EMEDIUMTYPE`, `libc::EMFILE`, `libc::EMLINK`, `libc::EMSGSIZE`, `libc::EMULTIHOP`, `libc::ENAMETOOLONG`, `libc::ENAVAIL`, `libc::ENETDOWN`, `libc::ENETRESET`, `libc::ENETUNREACH`, `libc::ENFILE`, `libc::ENOANO`, `libc::ENOBUFS`, `libc::ENOCSI`, `libc::ENODEV`, `libc::ENOENT`, `libc::ENOEXEC`, `libc::ENOKEY`, `libc::ENOLCK`, `libc::ENOMEDIUM`, `libc::ENOMEM`, `libc::ENOMSG`, `libc::ENONET`, `libc::ENOPKG`, `libc::ENOPROTOOPT`, `libc::ENOSPC`, `libc::ENOSR`, `libc::ENOSTR`, `libc::ENOSYS`, `libc::ENOTBLK`, `libc::ENOTCONN`, `libc::ENOTDIR`, `libc::ENOTEMPTY`, `libc::ENOTNAM`, `libc::ENOTRECOVERABLE`, `libc::ENOTSOCK`, `libc::ENOTTY`, `libc::ENOTUNIQ`, `libc::ENXIO`, `libc::EOPNOTSUPP`, `libc::EOVERFLOW`, `libc::EOWNERDEAD`, `libc::EPERM`, `libc::EPFNOSUPPORT`, `libc::EPIPE`, `libc::EPROTO`, `libc::EPROTONOSUPPORT`, `libc::EPROTOTYPE`, `libc::ERANGE`, `libc::EREMCHG`, `libc::EREMOTE`, `libc::EREMOTEIO`, `libc::ERESTART`, `libc::EROFS`, `libc::ESHUTDOWN`, `libc::ESOCKTNOSUPPORT`, `libc::ESPIPE`, `libc::ESRCH`, `libc::ESRMNT`, `libc::ESTALE`, `libc::ESTRPIPE`, `libc::ETIME`, `libc::ETIMEDOUT`, `libc::ETOOMANYREFS`, `libc::ETXTBSY`, `libc::EUCLEAN`, `libc::EUNATCH`, `libc::EUSERS`, `libc::EWOULDBLOCK`, `libc::EXDEV`, `libc::EXFULL`\n"},{"name":"ref-cast","settings":{},"status":"Success","custom_profile":false,"version":"1.0.23"},{"name":"ref-cast-impl","settings":{},"status":"Success","custom_profile":false,"version":"1.0.23"},{"name":"regex","settings":{},"status":"Success","custom_profile":false,"version":"1.11.1"},{"name":"regex-automata","settings":{},"status":"Success","custom_profile":false,"version":"0.4.9"},{"name":"regex-lite","settings":{},"status":"Success","custom_profile":false,"version":"0.1.6"},{"name":"regex-syntax","settings":{},"status":"Success","custom_profile":false,"version":"0.8.5"},{"name":"relative-path","settings":{},"status":"Success","custom_profile":false,"version":"1.9.3"},{"name":"remove_dir_all","settings":{},"status":"BuildFail","custom_profile":false,"version":"1.0.0","build_errors":"method_name: warning: build failed, waiting for other jobs to finish...\nr\n^^^^^^^^^^^\n\nt-0.1.2/src/lib.rs:22:9\n"},{"name":"rend","settings":{},"status":"Success","custom_profile":false,"version":"0.5.2"},{"name":"reqwest","settings":{},"status":"BuildFail","custom_profile":false,"version":"0.12.9","build_errors":"method_name: error: could not compile `mio` (lib) due to 48 previous errors\n`.\n, E0433, E0599.\n/src/net/udp.rs:762:9\n5:1\ncope\n\n\n57f/socket2-0.6.1/src/sys.rs\" or \"/home/ubuntu/.cargo/registry/src/index.crates.io-1949cf8c6b5b557f/socket2-0.6.1/src/sys/mod.rs\"\n the compilation process. See stderr section below for further information.\n\", \"OPENSSL_NO_EC2M\", \"OPENSSL_NO_OCSP\", \"OPENSSL_NO_CMS\", \"OPENSSL_NO_COMP\", \"OPENSSL_NO_SOCK\", \"OPENSSL_NO_STDIO\", \"OPENSSL_NO_EC\", \"OPENSSL_NO_SSL3_METHOD\", \"OPENSSL_NO_KRB5\", \"OPENSSL_NO_TLSEXT\", \"OPENSSL_NO_SRP\", \"OPENSSL_NO_SRTP\", \"OPENSSL_NO_RFC3779\", \"OPENSSL_NO_SHA\", \"OPENSSL_NO_NEXTPROTONEG\", \"OPENSSL_NO_ENGINE\", \"OPENSSL_NO_BUF_FREELISTS\", \"OPENSSL_NO_RC2\"))\n"},{"name":"resolv-conf","settings":{},"status":"Success","custom_profile":false,"version":"0.7.0"},{"name":"retain_mut","settings":{},"status":"Success","custom_profile":false,"version":"0.1.9"},{"name":"revm","settings":{"std":true},"status":"BuildFail","custom_profile":true,"version":"18.0.0","build_errors":"method_name: warning: build failed, waiting for other jobs to finish...\nous error\nll\\\" feature enabling all the derives)\"\nim-m3)\n"},{"name":"revm-primitives","settings":{"std":true},"status":"BuildFail","custom_profile":true,"version":"14.0.0","build_errors":"method_name: warning: build failed, waiting for other jobs to finish...\nous error\nll\\\" feature enabling all the derives)\"\n"},{"name":"rfc6979","settings":{},"status":"Success","custom_profile":false,"version":"0.4.0"},{"name":"rgb","settings":{},"status":"Success","custom_profile":false,"version":"0.8.50"},{"name":"ring","settings":{"inject-cc-flags":true},"status":"BuildFail","custom_profile":true,"version":"0.17.8","build_errors":"method_name: \n error occurred in cc-rs: command did not execute successfully (status code exit status: 1): LC_ALL=\"C\" \"clang\" \"-O3\" \"-ffunction-sections\" \"-fdata-sections\" \"-fPIC\" \"--target=riscv32\" \"-I\" \"/home/ubuntu/.cargo/registry/src/index.crates.io-1949cf8c6b5b557f/ring-0.17.14/include\" \"-I\" \"/home/ubuntu/.cargo/registry/src/index.crates.io-1949cf8c6b5b557f/ring-0.17.14/pregenerated\" \"-fvisibility=hidden\" \"-std=c1x\" \"-Wall\" \"-Wbad-function-cast\" \"-Wcast-align\" \"-Wcast-qual\" \"-Wconversion\" \"-Wmissing-field-initializers\" \"-Wmissing-include-dirs\" \"-Wnested-externs\" \"-Wredundant-decls\" \"-Wshadow\" \"-Wsign-compare\" \"-Wsign-conversion\" \"-Wstrict-prototypes\" \"-Wundef\" \"-Wuninitialized\" \"-g3\" \"-DNDEBUG\" \"-target\" \"riscv32-unknown-elf\" \"-o\" \"/tmp/.tmpfxWbln/template_project/target/riscv-guest/methods/method_name/riscv32im-risc0-zkvm-elf/release/build/ring-7c7dbafe6bef1d76/out/25ac62e5b3c53843-curve25519.o\" \"-c\" \"/home/ubuntu/.cargo/registry/src/index.crates.io-1949cf8c6b5b557f/ring-0.17.14/crypto/curve25519/curve25519.c\"\n"},{"name":"rkyv","settings":{},"status":"Success","custom_profile":false,"version":"0.8.9"},{"name":"rkyv_derive","settings":{},"status":"Success","custom_profile":false,"version":"0.8.9"},{"name":"rlp","settings":{},"status":"Success","custom_profile":false,"version":"0.6.1"},{"name":"rmp","settings":{},"status":"BuildFail","custom_profile":false,"version":"0.8.14","build_errors":"method_name: warning: build failed, waiting for other jobs to finish...\nus error\n0/toolchains/v1.88.0-rust-x86_64-unknown-linux-gnu/lib/rustlib/riscv32im-risc0-zkvm-elf/lib/libstd-1ac65f5883ab6d1a.rlib\n"},{"name":"rmp-serde","settings":{},"status":"BuildFail","custom_profile":false,"version":"1.3.0","build_errors":"method_name: warning: build failed, waiting for other jobs to finish...\nus error\n0/toolchains/v1.88.0-rust-x86_64-unknown-linux-gnu/lib/rustlib/riscv32im-risc0-zkvm-elf/lib/libstd-1ac65f5883ab6d1a.rlib\n"},{"name":"rocksdb","settings":{},"status":"BuildFail","custom_profile":false,"version":"0.22.0","build_errors":"method_name: warning: build failed, waiting for other jobs to finish...\nerror\n`.\not\no `size_t` in the root\n.0/src/lib.rs:8:16\nt`\n"},{"name":"ron","settings":{},"status":"BuildFail","custom_profile":false,"version":"0.8.1","build_errors":"method_name: error: could not compile `risc0-zkvm` (lib) due to 1 previous error\n0/toolchains/v1.88.0-rust-x86_64-unknown-linux-gnu/lib/rustlib/riscv32im-risc0-zkvm-elf/lib/libstd-1ac65f5883ab6d1a.rlib\n"},{"name":"rpassword","settings":{},"status":"BuildFail","custom_profile":false,"version":"7.3.1","build_errors":"method_name: error: could not compile `rtoolbox` (lib) due to 1 previous error\n.\n57f/rtoolbox-0.0.3/src/atty.rs:84:6\n"},{"name":"rsa","settings":{},"status":"BuildFail","custom_profile":false,"version":"0.9.7","build_errors":"method_name: warning: build failed, waiting for other jobs to finish...\nus error\n0/toolchains/v1.88.0-rust-x86_64-unknown-linux-gnu/lib/rustlib/riscv32im-risc0-zkvm-elf/lib/libstd-1ac65f5883ab6d1a.rlib\n"},{"name":"rstest","settings":{},"status":"Success","custom_profile":false,"version":"0.23.0"},{"name":"rstest_macros","settings":{},"status":"Success","custom_profile":false,"version":"0.23.0"},{"name":"ruint","settings":{},"status":"BuildFail","custom_profile":false,"version":"1.12.3","build_errors":"method_name: warning: build failed, waiting for other jobs to finish...\nus error\n0/toolchains/v1.88.0-rust-x86_64-unknown-linux-gnu/lib/rustlib/riscv32im-risc0-zkvm-elf/lib/libstd-1ac65f5883ab6d1a.rlib\n"},{"name":"rusqlite","settings":{},"status":"Success","custom_profile":false,"version":"0.32.1"},{"name":"rust-ini","settings":{},"status":"Success","custom_profile":false,"version":"0.21.1"},{"name":"rust_decimal","settings":{},"status":"BuildFail","custom_profile":false,"version":"1.36.0","build_errors":"method_name: warning: build failed, waiting for other jobs to finish...\nus error\n0/toolchains/v1.88.0-rust-x86_64-unknown-linux-gnu/lib/rustlib/riscv32im-risc0-zkvm-elf/lib/libstd-1ac65f5883ab6d1a.rlib\n"},{"name":"rustc-demangle","settings":{},"status":"Success","custom_profile":false,"version":"0.1.24"},{"name":"rustc-hash","settings":{},"status":"Success","custom_profile":false,"version":"2.1.0"},{"name":"rustc-hex","settings":{},"status":"Success","custom_profile":false,"version":"2.1.0"},{"name":"rustc-serialize","settings":{},"status":"BuildFail","custom_profile":false,"version":"0.3.25","build_errors":"method_name: error: could not compile `rustc-serialize` (lib) due to 2 previous errors\n\node` from trait\n.3.25/src/serialize.rs:1382:1\n"},{"name":"rustc_version","settings":{},"status":"BuildFail","custom_profile":false,"version":"0.4.1","build_errors":"method_name: warning: build failed, waiting for other jobs to finish...\nus error\n0/toolchains/v1.88.0-rust-x86_64-unknown-linux-gnu/lib/rustlib/riscv32im-risc0-zkvm-elf/lib/libstd-1ac65f5883ab6d1a.rlib\n"},{"name":"rusticata-macros","settings":{},"status":"Success","custom_profile":false,"version":"4.1.0"},{"name":"rustix","settings":{},"status":"BuildFail","custom_profile":false,"version":"0.38.41","build_errors":"method_name: warning: build failed, waiting for other jobs to finish...\nror\n^^^^^^^^^^^^^^\n\n.3.14/src/sys.rs:12:1\n"},{"name":"rustls","settings":{},"status":"BuildFail","custom_profile":false,"version":"0.23.19","build_errors":"method_name: warning: build failed, waiting for other jobs to finish...\n display a backtrace\nsing. Halting build.\"\nys-0.32.3/builder/main.rs:463:40:\n7c15e96f4bd004/build-script-main` (exit status: 101)\n"},{"name":"rustls-native-certs","settings":{},"status":"BuildFail","custom_profile":false,"version":"0.8.1","build_errors":"method_name: warning: build failed, waiting for other jobs to finish...\n 1 previous error\ntform` to add it to your `Cargo.toml`\n4\n"},{"name":"rustls-pemfile","settings":{},"status":"Success","custom_profile":false,"version":"2.2.0"},{"name":"rustls-pki-types","settings":{},"status":"Success","custom_profile":false,"version":"1.10.0"},{"name":"rustls-webpki","settings":{},"status":"BuildFail","custom_profile":false,"version":"0.102.8","build_errors":"method_name: warning: build failed, waiting for other jobs to finish...\nully (status code exit status: 1): LC_ALL=\"C\" \"/home/ubuntu/.risc0/toolchains/v2024.1.5-cpp-x86_64-unknown-linux-gnu/riscv32im-linux-x86_64/bin/riscv32-unknown-elf-gcc\" \"-O3\" \"-ffunction-sections\" \"-fdata-sections\" \"-fPIC\" \"-march=rv32im\" \"-mabi=ilp32\" \"-I\" \"/home/ubuntu/.cargo/registry/src/index.crates.io-1949cf8c6b5b557f/ring-0.17.14/include\" \"-I\" \"/home/ubuntu/.cargo/registry/src/index.crates.io-1949cf8c6b5b557f/ring-0.17.14/pregenerated\" \"-fvisibility=hidden\" \"-std=c1x\" \"-Wall\" \"-Wbad-function-cast\" \"-Wcast-align\" \"-Wcast-qual\" \"-Wconversion\" \"-Wmissing-field-initializers\" \"-Wmissing-include-dirs\" \"-Wnested-externs\" \"-Wredundant-decls\" \"-Wshadow\" \"-Wsign-compare\" \"-Wsign-conversion\" \"-Wstrict-prototypes\" \"-Wundef\" \"-Wuninitialized\" \"-g3\" \"-DNDEBUG\" \"-march=rv32im\" \"-nostdlib\" \"-o\" \"/tmp/.tmpfxWbln/template_project/target/riscv-guest/methods/method_name/riscv32im-risc0-zkvm-elf/release/build/ring-c80d70dc82c31c35/out/25ac62e5b3c53843-curve25519.o\" \"-c\" \"/home/ubuntu/.cargo/registry/src/index.crates.io-1949cf8c6b5b557f/ring-0.17.14/crypto/curve25519/curve25519.c\"\n"},{"name":"rustversion","settings":{},"status":"Success","custom_profile":false,"version":"1.0.18"},{"name":"rusty-fork","settings":{},"status":"BuildFail","custom_profile":false,"version":"0.3.0","build_errors":"method_name: warning: build failed, waiting for other jobs to finish...\nious error\np` to add it to your `Cargo.toml`\n:9\n"},{"name":"ryu","settings":{},"status":"Success","custom_profile":false,"version":"1.0.18"},{"name":"safemem","settings":{},"status":"Success","custom_profile":false,"version":"0.3.3"},{"name":"same-file","settings":{},"status":"Success","custom_profile":false,"version":"1.0.6"},{"name":"schannel","settings":{},"status":"BuildFail","custom_profile":false,"version":"0.1.27","build_errors":"method_name: error: could not compile `windows-sys` (lib) due to 2 previous errors\nMORY_BASIC_INFORMATION32` defined here\n                                                           ^^^^^^^^^^^^^^^^^^^^^^^^ help: a struct with a similar name exists: `MEMORY_BASIC_INFORMATION32`\n"},{"name":"scheduled-thread-pool","settings":{},"status":"Success","custom_profile":false,"version":"0.2.7"},{"name":"schemars","settings":{},"status":"BuildFail","custom_profile":false,"version":"0.8.21","build_errors":"method_name: warning: build failed, waiting for other jobs to finish...\nus error\n0/toolchains/v1.88.0-rust-x86_64-unknown-linux-gnu/lib/rustlib/riscv32im-risc0-zkvm-elf/lib/libstd-1ac65f5883ab6d1a.rlib\n"},{"name":"schemars_derive","settings":{},"status":"Success","custom_profile":false,"version":"1.0.0-alpha.11"},{"name":"scoped-tls","settings":{},"status":"Success","custom_profile":false,"version":"1.0.1"},{"name":"scopeguard","settings":{},"status":"Success","custom_profile":false,"version":"1.2.0"},{"name":"scratch","settings":{},"status":"Success","custom_profile":false,"version":"1.0.7"},{"name":"scroll","settings":{},"status":"Success","custom_profile":false,"version":"0.12.0"},{"name":"sct","settings":{},"status":"BuildFail","custom_profile":false,"version":"0.7.1","build_errors":"method_name: \n error occurred in cc-rs: command did not execute successfully (status code exit status: 1): LC_ALL=\"C\" \"/home/ubuntu/.risc0/toolchains/v2024.1.5-cpp-x86_64-unknown-linux-gnu/riscv32im-linux-x86_64/bin/riscv32-unknown-elf-gcc\" \"-O3\" \"-ffunction-sections\" \"-fdata-sections\" \"-fPIC\" \"-march=rv32im\" \"-mabi=ilp32\" \"-I\" \"/home/ubuntu/.cargo/registry/src/index.crates.io-1949cf8c6b5b557f/ring-0.17.14/include\" \"-I\" \"/home/ubuntu/.cargo/registry/src/index.crates.io-1949cf8c6b5b557f/ring-0.17.14/pregenerated\" \"-fvisibility=hidden\" \"-std=c1x\" \"-Wall\" \"-Wbad-function-cast\" \"-Wcast-align\" \"-Wcast-qual\" \"-Wconversion\" \"-Wmissing-field-initializers\" \"-Wmissing-include-dirs\" \"-Wnested-externs\" \"-Wredundant-decls\" \"-Wshadow\" \"-Wsign-compare\" \"-Wsign-conversion\" \"-Wstrict-prototypes\" \"-Wundef\" \"-Wuninitialized\" \"-g3\" \"-DNDEBUG\" \"-march=rv32im\" \"-nostdlib\" \"-o\" \"/tmp/.tmpfxWbln/template_project/target/riscv-guest/methods/method_name/riscv32im-risc0-zkvm-elf/release/build/ring-7c7dbafe6bef1d76/out/25ac62e5b3c53843-curve25519.o\" \"-c\" \"/home/ubuntu/.cargo/registry/src/index.crates.io-1949cf8c6b5b557f/ring-0.17.14/crypto/curve25519/curve25519.c\"\n"},{"name":"seahash","settings":{},"status":"Success","custom_profile":false,"version":"4.1.0"},{"name":"sec1","settings":{},"status":"Success","custom_profile":false,"version":"0.7.3"},{"name":"secp256k1","settings":{},"status":"Success","custom_profile":false,"version":"0.30.0"},{"name":"secp256k1-sys","settings":{},"status":"Success","custom_profile":false,"version":"0.10.1"},{"name":"secrecy","settings":{},"status":"Success","custom_profile":false,"version":"0.10.3"},{"name":"security-framework","settings":{},"status":"BuildFail","custom_profile":false,"version":"3.0.1","build_errors":"method_name: warning: build failed, waiting for other jobs to finish...\nrevious errors\nre-foundation-0.10.1/src/url.rs:23:12\nr.rs:19:14\n"},{"name":"security-framework-sys","settings":{},"status":"Success","custom_profile":false,"version":"2.12.1"},{"name":"semver","settings":{},"status":"BuildFail","custom_profile":false,"version":"1.0.23","build_errors":"method_name: error: could not compile `risc0-zkvm` (lib) due to 1 previous error\n0/toolchains/v1.88.0-rust-x86_64-unknown-linux-gnu/lib/rustlib/riscv32im-risc0-zkvm-elf/lib/libstd-1ac65f5883ab6d1a.rlib\n"},{"name":"semver-parser","settings":{},"status":"Success","custom_profile":false,"version":"0.10.3"},{"name":"sentry","settings":{},"status":"BuildFail","custom_profile":false,"version":"0.35.0","build_errors":"method_name: error: could not compile `mio` (lib) due to 48 previous errors\n`.\n, E0433, E0599.\n/src/net/udp.rs:762:9\n5:1\ncope\n\n\n^^^\n\nocket2-0.6.1/src/sys.rs\" or \"/home/ubuntu/.cargo/registry/src/index.crates.io-1949cf8c6b5b557f/socket2-0.6.1/src/sys/mod.rs\"\n the compilation process. See stderr section below for further information.\n\", \"OPENSSL_NO_EC2M\", \"OPENSSL_NO_OCSP\", \"OPENSSL_NO_CMS\", \"OPENSSL_NO_COMP\", \"OPENSSL_NO_SOCK\", \"OPENSSL_NO_STDIO\", \"OPENSSL_NO_EC\", \"OPENSSL_NO_SSL3_METHOD\", \"OPENSSL_NO_KRB5\", \"OPENSSL_NO_TLSEXT\", \"OPENSSL_NO_SRP\", \"OPENSSL_NO_SRTP\", \"OPENSSL_NO_RFC3779\", \"OPENSSL_NO_SHA\", \"OPENSSL_NO_NEXTPROTONEG\", \"OPENSSL_NO_ENGINE\", \"OPENSSL_NO_BUF_FREELISTS\", \"OPENSSL_NO_RC2\"))\n"},{"name":"sentry-backtrace","settings":{},"status":"BuildFail","custom_profile":false,"version":"0.35.0","build_errors":"method_name: warning: build failed, waiting for other jobs to finish...\nus error\n0/toolchains/v1.88.0-rust-x86_64-unknown-linux-gnu/lib/rustlib/riscv32im-risc0-zkvm-elf/lib/libstd-1ac65f5883ab6d1a.rlib\n"},{"name":"sentry-contexts","settings":{},"status":"BuildFail","custom_profile":false,"version":"0.35.0","build_errors":"method_name: error: could not compile `risc0-zkvm` (lib) due to 1 previous error\n0/toolchains/v1.88.0-rust-x86_64-unknown-linux-gnu/lib/rustlib/riscv32im-risc0-zkvm-elf/lib/libstd-1ac65f5883ab6d1a.rlib\n"},{"name":"sentry-core","settings":{},"status":"BuildFail","custom_profile":false,"version":"0.35.0","build_errors":"method_name: error: could not compile `risc0-zkvm` (lib) due to 1 previous error\n0/toolchains/v1.88.0-rust-x86_64-unknown-linux-gnu/lib/rustlib/riscv32im-risc0-zkvm-elf/lib/libstd-1ac65f5883ab6d1a.rlib\n"},{"name":"sentry-panic","settings":{},"status":"BuildFail","custom_profile":false,"version":"0.35.0","build_errors":"method_name: error: could not compile `risc0-zkvm` (lib) due to 1 previous error\n0/toolchains/v1.88.0-rust-x86_64-unknown-linux-gnu/lib/rustlib/riscv32im-risc0-zkvm-elf/lib/libstd-1ac65f5883ab6d1a.rlib\n"},{"name":"sentry-types","settings":{},"status":"BuildFail","custom_profile":false,"version":"0.35.0","build_errors":"method_name: warning: build failed, waiting for other jobs to finish...\nus error\n0/toolchains/v1.88.0-rust-x86_64-unknown-linux-gnu/lib/rustlib/riscv32im-risc0-zkvm-elf/lib/libstd-1ac65f5883ab6d1a.rlib\n"},{"name":"serde","settings":{"std":true},"status":"Success","custom_profile":true,"version":"1.0.215"},{"name":"serde-value","settings":{},"status":"BuildFail","custom_profile":false,"version":"0.7.0","build_errors":"method_name: warning: build failed, waiting for other jobs to finish...\nus error\n0/toolchains/v1.88.0-rust-x86_64-unknown-linux-gnu/lib/rustlib/riscv32im-risc0-zkvm-elf/lib/libstd-1ac65f5883ab6d1a.rlib\n"},{"name":"serde-wasm-bindgen","settings":{},"status":"BuildFail","custom_profile":false,"version":"0.6.5","build_errors":"method_name: warning: build failed, waiting for other jobs to finish...\nus error\n0/toolchains/v1.88.0-rust-x86_64-unknown-linux-gnu/lib/rustlib/riscv32im-risc0-zkvm-elf/lib/libstd-1ac65f5883ab6d1a.rlib\n"},{"name":"serde_bytes","settings":{"std":true},"status":"Success","custom_profile":true,"version":"0.11.15"},{"name":"serde_cbor","settings":{"std":true},"status":"Success","custom_profile":true,"version":"0.11.2"},{"name":"serde_derive","settings":{},"status":"Success","custom_profile":false,"version":"1.0.215"},{"name":"serde_derive_internals","settings":{},"status":"Success","custom_profile":false,"version":"0.29.1"},{"name":"serde_ignored","settings":{},"status":"Success","custom_profile":false,"version":"0.1.10"},{"name":"serde_json","settings":{"std":true},"status":"Success","custom_profile":true,"version":"1.0.133"},{"name":"serde_path_to_error","settings":{},"status":"Success","custom_profile":false,"version":"0.1.16"},{"name":"serde_qs","settings":{},"status":"BuildFail","custom_profile":false,"version":"0.13.0","build_errors":"method_name: warning: build failed, waiting for other jobs to finish...\nus error\n0/toolchains/v1.88.0-rust-x86_64-unknown-linux-gnu/lib/rustlib/riscv32im-risc0-zkvm-elf/lib/libstd-1ac65f5883ab6d1a.rlib\n"},{"name":"serde_repr","settings":{},"status":"Success","custom_profile":false,"version":"0.1.19"},{"name":"serde_spanned","settings":{},"status":"Success","custom_profile":false,"version":"0.6.8"},{"name":"serde_urlencoded","settings":{"std":true},"status":"Success","custom_profile":true,"version":"0.7.1"},{"name":"serde_with","settings":{"std":true},"status":"Success","custom_profile":true,"version":"3.11.0"},{"name":"serde_with_macros","settings":{},"status":"Success","custom_profile":false,"version":"3.11.0"},{"name":"serde_yaml","settings":{"std":true},"status":"Success","custom_profile":true,"version":"0.9.34+deprecated"},{"name":"serial_test","settings":{},"status":"BuildFail","custom_profile":false,"version":"3.2.0","build_errors":"method_name: warning: build failed, waiting for other jobs to finish...\nus error\n0/toolchains/v1.88.0-rust-x86_64-unknown-linux-gnu/lib/rustlib/riscv32im-risc0-zkvm-elf/lib/libstd-1ac65f5883ab6d1a.rlib\n"},{"name":"serial_test_derive","settings":{},"status":"Success","custom_profile":false,"version":"3.2.0"},{"name":"sha-1","settings":{"std":true},"status":"Success","custom_profile":true,"version":"0.10.1"},{"name":"sha1","settings":{"std":true},"status":"Success","custom_profile":true,"version":"0.10.6"},{"name":"sha1_smol","settings":{},"status":"Success","custom_profile":false,"version":"1.0.1"},{"name":"sha2","settings":{"std":true},"status":"Success","custom_profile":true,"version":"0.11.0-pre.1"},{"name":"sha3","settings":{"std":true},"status":"Success","custom_profile":true,"version":"0.10.8"},{"name":"sharded-slab","settings":{},"status":"Success","custom_profile":false,"version":"0.1.7"},{"name":"shell-escape","settings":{},"status":"Success","custom_profile":false,"version":"0.1.5"},{"name":"shell-words","settings":{},"status":"Success","custom_profile":false,"version":"1.1.0"},{"name":"shellexpand","settings":{},"status":"BuildFail","custom_profile":false,"version":"3.1.0","build_errors":"method_name: error: could not compile `dirs` (lib) due to 9 previous errors\n25`.\n^^^^^\nirs-sys-0.5.0/src/lib.rs:133:1\n\n"},{"name":"shlex","settings":{},"status":"Success","custom_profile":false,"version":"1.3.0"},{"name":"signal-hook","settings":{},"status":"BuildFail","custom_profile":false,"version":"0.3.17","build_errors":"method_name: error: could not compile `signal-hook-registry` (lib) due to 16 previous errors\nhook-registry-1.4.6/src/lib.rs:392:23\n45:28\n"},{"name":"signal-hook-mio","settings":{},"status":"BuildFail","custom_profile":false,"version":"0.2.4","build_errors":"method_name: error: could not compile `signal-hook-registry` (lib) due to 16 previous errors\nhook-registry-1.4.6/src/lib.rs:392:23\n45:28\n"},{"name":"signal-hook-registry","settings":{},"status":"BuildFail","custom_profile":false,"version":"1.4.2","build_errors":"method_name: error: could not compile `signal-hook-registry` (lib) due to 16 previous errors\nhook-registry-1.4.6/src/lib.rs:392:23\n45:28\n"},{"name":"signature","settings":{},"status":"Success","custom_profile":false,"version":"2.2.0"},{"name":"simba","settings":{},"status":"Success","custom_profile":false,"version":"0.9.0"},{"name":"simd-adler32","settings":{},"status":"Success","custom_profile":false,"version":"0.3.7"},{"name":"simdutf8","settings":{},"status":"Success","custom_profile":false,"version":"0.1.5"},{"name":"similar","settings":{},"status":"Success","custom_profile":false,"version":"2.6.0"},{"name":"simple_asn1","settings":{},"status":"Success","custom_profile":false,"version":"0.6.2"},{"name":"simple_logger","settings":{},"status":"Success","custom_profile":false,"version":"5.0.0"},{"name":"siphasher","settings":{},"status":"Success","custom_profile":false,"version":"1.0.1"},{"name":"sized-chunks","settings":{},"status":"Success","custom_profile":false,"version":"0.7.0"},{"name":"sketches-ddsketch","settings":{},"status":"Success","custom_profile":false,"version":"0.3.0"},{"name":"slab","settings":{},"status":"Success","custom_profile":false,"version":"0.4.9"},{"name":"slog","settings":{},"status":"BuildFail","custom_profile":false,"version":"2.7.0","build_errors":"method_name: warning: build failed, waiting for other jobs to finish...\nus error\n0/toolchains/v1.88.0-rust-x86_64-unknown-linux-gnu/lib/rustlib/riscv32im-risc0-zkvm-elf/lib/libstd-1ac65f5883ab6d1a.rlib\n"},{"name":"slotmap","settings":{},"status":"Success","custom_profile":false,"version":"1.0.7"},{"name":"smallvec","settings":{},"status":"Success","custom_profile":false,"version":"1.13.2"},{"name":"smartstring","settings":{},"status":"Success","custom_profile":false,"version":"1.0.1"},{"name":"smawk","settings":{},"status":"Success","custom_profile":false,"version":"0.3.2"},{"name":"smol_str","settings":{},"status":"Success","custom_profile":false,"version":"0.3.2"},{"name":"snafu","settings":{},"status":"Success","custom_profile":false,"version":"0.8.5"},{"name":"snafu-derive","settings":{},"status":"Success","custom_profile":false,"version":"0.8.5"},{"name":"snap","settings":{},"status":"Success","custom_profile":false,"version":"1.1.1"},{"name":"socket2","settings":{},"status":"BuildFail","custom_profile":false,"version":"0.5.8","build_errors":"method_name: error: could not compile `socket2` (lib) due to 9 previous errors\n no tail or `return` expression\ns:109:16\n:15\nb5b557f/socket2-0.5.10/src/sys.rs\" or \"/home/ubuntu/.cargo/registry/src/index.crates.io-1949cf8c6b5b557f/socket2-0.5.10/src/sys/mod.rs\"\n"},{"name":"spin","settings":{},"status":"Success","custom_profile":false,"version":"0.9.8"},{"name":"spki","settings":{},"status":"Success","custom_profile":false,"version":"0.7.3"},{"name":"sqlformat","settings":{},"status":"Success","custom_profile":false,"version":"0.3.2"},{"name":"sqlx","settings":{},"status":"BuildFail","custom_profile":false,"version":"0.8.2","build_errors":"method_name: warning: build failed, waiting for other jobs to finish...\nus error\n0/toolchains/v1.88.0-rust-x86_64-unknown-linux-gnu/lib/rustlib/riscv32im-risc0-zkvm-elf/lib/libstd-1ac65f5883ab6d1a.rlib\n"},{"name":"sqlx-core","settings":{},"status":"BuildFail","custom_profile":false,"version":"0.8.2","build_errors":"method_name: warning: build failed, waiting for other jobs to finish...\nus error\n0/toolchains/v1.88.0-rust-x86_64-unknown-linux-gnu/lib/rustlib/riscv32im-risc0-zkvm-elf/lib/libstd-1ac65f5883ab6d1a.rlib\n"},{"name":"sqlx-macros","settings":{},"status":"Success","custom_profile":false,"version":"0.8.2"},{"name":"stable_deref_trait","settings":{},"status":"Success","custom_profile":false,"version":"1.2.0"},{"name":"standback","settings":{},"status":"Success","custom_profile":false,"version":"0.4.4"},{"name":"static_assertions","settings":{},"status":"Success","custom_profile":false,"version":"1.1.0"},{"name":"string_cache","settings":{"std":true},"status":"Success","custom_profile":true,"version":"0.8.7"},{"name":"string_cache_codegen","settings":{},"status":"Success","custom_profile":false,"version":"0.5.2"},{"name":"stringprep","settings":{},"status":"Success","custom_profile":false,"version":"0.1.5"},{"name":"strip-ansi-escapes","settings":{},"status":"Success","custom_profile":false,"version":"0.2.0"},{"name":"strsim","settings":{},"status":"Success","custom_profile":false,"version":"0.11.1"},{"name":"structopt","settings":{},"status":"BuildFail","custom_profile":false,"version":"0.3.26","build_errors":"method_name: warning: build failed, waiting for other jobs to finish...\nor\n425`.\n57f/atty-0.2.14/src/lib.rs:98:6\n"},{"name":"structopt-derive","settings":{},"status":"Success","custom_profile":false,"version":"0.4.18"},{"name":"strum","settings":{},"status":"Success","custom_profile":false,"version":"0.26.3"},{"name":"strum_macros","settings":{},"status":"Success","custom_profile":false,"version":"0.26.4"},{"name":"subtle","settings":{},"status":"BuildFail","custom_profile":false,"version":"2.6.1","build_errors":"method_name: warning: build failed, waiting for other jobs to finish...\nus error\n0/toolchains/v1.88.0-rust-x86_64-unknown-linux-gnu/lib/rustlib/riscv32im-risc0-zkvm-elf/lib/libstd-1ac65f5883ab6d1a.rlib\n"},{"name":"syn","settings":{},"status":"Success","custom_profile":false,"version":"2.0.90"},{"name":"sync_wrapper","settings":{},"status":"Success","custom_profile":false,"version":"1.0.2"},{"name":"synstructure","settings":{},"status":"Success","custom_profile":false,"version":"0.13.1"},{"name":"sysinfo","settings":{},"status":"Success","custom_profile":false,"version":"0.32.1"},{"name":"system-configuration","settings":{},"status":"BuildFail","custom_profile":false,"version":"0.6.1","build_errors":"method_name: warning: build failed, waiting for other jobs to finish...\nrevious errors\nre-foundation-0.9.4/src/url.rs:22:12\nr.rs:19:14\n"},{"name":"system-configuration-sys","settings":{},"status":"BuildFail","custom_profile":false,"version":"0.6.0","build_errors":"method_name: error: could not compile `system-configuration-sys` (lib) due to 2 previous errors\niguration-sys-0.6.0/src/network_reachability.rs:12:5\n2\n"},{"name":"take_mut","settings":{},"status":"Success","custom_profile":false,"version":"0.2.2"},{"name":"tap","settings":{},"status":"Success","custom_profile":false,"version":"1.0.1"},{"name":"tar","settings":{},"status":"BuildFail","custom_profile":false,"version":"0.4.43","build_errors":"method_name: error: could not compile `filetime` (lib) due to 16 previous errors\nd libc` to add it to your `Cargo.toml`\n:114:33\n"},{"name":"target-lexicon","settings":{},"status":"BuildFail","custom_profile":false,"version":"0.12.16","build_errors":"method_name:   note: run with `RUST_BACKTRACE=1` environment variable to display a backtrace\n9cf8c6b5b557f/target-lexicon-0.12.16/build.rs:52:54:\nicon-a4e185bd66a97fe7/build-script-build` (exit status: 101)\n"},{"name":"tempdir","settings":{},"status":"BuildFail","custom_profile":false,"version":"0.3.7","build_errors":"method_name: error: could not compile `rand` (lib) due to 2 previous errors\n33`.\nimp` to add it to your `Cargo.toml`\n"},{"name":"tempfile","settings":{},"status":"BuildFail","custom_profile":false,"version":"3.14.0","build_errors":"method_name: error: could not compile `risc0-zkvm` (lib) due to 1 previous error\n0/toolchains/v1.88.0-rust-x86_64-unknown-linux-gnu/lib/rustlib/riscv32im-risc0-zkvm-elf/lib/libstd-1ac65f5883ab6d1a.rlib\n"},{"name":"tendril","settings":{},"status":"Success","custom_profile":false,"version":"0.4.3"},{"name":"term","settings":{},"status":"Success","custom_profile":false,"version":"1.0.0"},{"name":"termcolor","settings":{},"status":"Success","custom_profile":false,"version":"1.4.1"},{"name":"terminal_size","settings":{},"status":"Success","custom_profile":false,"version":"0.4.1"},{"name":"termtree","settings":{},"status":"Success","custom_profile":false,"version":"0.5.1"},{"name":"textwrap","settings":{},"status":"Success","custom_profile":false,"version":"0.16.1"},{"name":"tfhe","settings":{"std":true},"status":"Success","custom_profile":true,"version":"0.10.0"},{"name":"thiserror","settings":{},"status":"BuildFail","custom_profile":false,"version":"2.0.3","build_errors":"method_name: warning: build failed, waiting for other jobs to finish...\nus error\n0/toolchains/v1.88.0-rust-x86_64-unknown-linux-gnu/lib/rustlib/riscv32im-risc0-zkvm-elf/lib/libstd-1ac65f5883ab6d1a.rlib\n"},{"name":"thiserror-impl","settings":{},"status":"Success","custom_profile":false,"version":"2.0.3"},{"name":"thread-id","settings":{},"status":"BuildFail","custom_profile":false,"version":"5.0.0","build_errors":"method_name: error: could not compile `thread-id` (lib) due to 1 previous error\n\n57f/thread-id-5.0.0/src/lib.rs:43:5\n"},{"name":"thread_local","settings":{},"status":"Success","custom_profile":false,"version":"1.1.8"},{"name":"threadpool","settings":{},"status":"Success","custom_profile":false,"version":"1.8.1"},{"name":"thrift","settings":{},"status":"BuildFail","custom_profile":false,"version":"0.17.0","build_errors":"method_name: warning: build failed, waiting for other jobs to finish...\nus error\n0/toolchains/v1.88.0-rust-x86_64-unknown-linux-gnu/lib/rustlib/riscv32im-risc0-zkvm-elf/lib/libstd-1ac65f5883ab6d1a.rlib\n"},{"name":"tiff","settings":{},"status":"Success","custom_profile":false,"version":"0.9.1"},{"name":"tikv-jemalloc-sys","settings":{},"status":"BuildFail","custom_profile":false,"version":"0.6.0+5.3.0-1-ge13ca993e8ccb9ba9847cc330696e02839f328f7","build_errors":"method_name:   note: run with `RUST_BACKTRACE=1` environment variable to display a backtrace\nget/riscv-guest/methods/method_name/riscv32im-risc0-zkvm-elf/release/build/tikv-jemalloc-sys-ff7da7f09c189ca1/out/build\" && CC=\"/home/ubuntu/.risc0/toolchains/v2024.1.5-cpp-x86_64-unknown-linux-gnu/riscv32im-linux-x86_64/bin/riscv32-unknown-elf-gcc\" CFLAGS=\"-O3 -ffunction-sections -fdata-sections -fPIC -march=rv32im -mabi=ilp32 -march=rv32im -nostdlib\" CPPFLAGS=\"-O3 -ffunction-sections -fdata-sections -fPIC -march=rv32im -mabi=ilp32 -march=rv32im -nostdlib\" LDFLAGS=\"-O3 -ffunction-sections -fdata-sections -fPIC -march=rv32im -mabi=ilp32 -march=rv32im -nostdlib\" \"sh\" \"/tmp/.tmpfxWbln/template_project/target/riscv-guest/methods/method_name/riscv32im-risc0-zkvm-elf/release/build/tikv-jemalloc-sys-ff7da7f09c189ca1/out/build/configure\" \"--with-version=5.3.0-1-ge13ca993e8ccb9ba9847cc330696e02839f328f7\" \"--disable-cxx\" \"--enable-doc=no\" \"--enable-shared=no\" \"--with-jemalloc-prefix=_rjem_\" \"--with-private-namespace=_rjem_\" \"--disable-stats\" \"--host=riscv32im-risc0-zkvm-elf\" \"--build=x86_64-unknown-linux-gnu\" \"--prefix=/tmp/.tmpfxWbln/template_project/target/riscv-guest/methods/method_name/riscv32im-risc0-zkvm-elf/release/build/tikv-jemalloc-sys-ff7da7f09c189ca1/out\"\n"},{"name":"tikv-jemallocator","settings":{},"status":"BuildFail","custom_profile":false,"version":"0.6.0","build_errors":"method_name:   note: run with `RUST_BACKTRACE=1` environment variable to display a backtrace\nget/riscv-guest/methods/method_name/riscv32im-risc0-zkvm-elf/release/build/tikv-jemalloc-sys-ef092a52a6493f84/out/build\" && CC=\"/home/ubuntu/.risc0/toolchains/v2024.1.5-cpp-x86_64-unknown-linux-gnu/riscv32im-linux-x86_64/bin/riscv32-unknown-elf-gcc\" CFLAGS=\"-O3 -ffunction-sections -fdata-sections -fPIC -march=rv32im -mabi=ilp32 -march=rv32im -nostdlib\" CPPFLAGS=\"-O3 -ffunction-sections -fdata-sections -fPIC -march=rv32im -mabi=ilp32 -march=rv32im -nostdlib\" LDFLAGS=\"-O3 -ffunction-sections -fdata-sections -fPIC -march=rv32im -mabi=ilp32 -march=rv32im -nostdlib\" \"sh\" \"/tmp/.tmpfxWbln/template_project/target/riscv-guest/methods/method_name/riscv32im-risc0-zkvm-elf/release/build/tikv-jemalloc-sys-ef092a52a6493f84/out/build/configure\" \"--with-version=5.3.0-1-ge13ca993e8ccb9ba9847cc330696e02839f328f7\" \"--disable-cxx\" \"--enable-doc=no\" \"--enable-shared=no\" \"--with-jemalloc-prefix=_rjem_\" \"--with-private-namespace=_rjem_\" \"--disable-stats\" \"--host=riscv32im-risc0-zkvm-elf\" \"--build=x86_64-unknown-linux-gnu\" \"--prefix=/tmp/.tmpfxWbln/template_project/target/riscv-guest/methods/method_name/riscv32im-risc0-zkvm-elf/release/build/tikv-jemalloc-sys-ef092a52a6493f84/out\"\n"},{"name":"time","settings":{},"status":"Success","custom_profile":false,"version":"0.3.36"},{"name":"time-core","settings":{},"status":"Success","custom_profile":false,"version":"0.1.2"},{"name":"time-macros","settings":{},"status":"Success","custom_profile":false,"version":"0.2.18"},{"name":"time-macros-impl","settings":{},"status":"Success","custom_profile":false,"version":"0.1.2"},{"name":"tiny-keccak","settings":{},"status":"BuildFail","custom_profile":false,"version":"2.0.2","build_errors":"method_name: error: could not compile `tiny-keccak` (build script) due to 1 previous error\nfips202, sp800\\n\\\nrs:13:1\n"},{"name":"tinytemplate","settings":{"std":true},"status":"Success","custom_profile":true,"version":"1.2.1"},{"name":"tinyvec","settings":{},"status":"Success","custom_profile":false,"version":"1.8.0"},{"name":"tinyvec_macros","settings":{},"status":"Success","custom_profile":false,"version":"0.1.1"},{"name":"tokio","settings":{},"status":"Success","custom_profile":false,"version":"1.41.1"},{"name":"tokio-current-thread","settings":{},"status":"Success","custom_profile":false,"version":"0.1.7"},{"name":"tokio-executor","settings":{},"status":"Success","custom_profile":false,"version":"0.1.10"},{"name":"tokio-io","settings":{},"status":"BuildFail","custom_profile":false,"version":"0.1.13","build_errors":"method_name: warning: build failed, waiting for other jobs to finish...\nus error\n0/toolchains/v1.88.0-rust-x86_64-unknown-linux-gnu/lib/rustlib/riscv32im-risc0-zkvm-elf/lib/libstd-1ac65f5883ab6d1a.rlib\n"},{"name":"tokio-io-timeout","settings":{},"status":"Success","custom_profile":false,"version":"1.2.0"},{"name":"tokio-macros","settings":{},"status":"Success","custom_profile":false,"version":"2.4.0"},{"name":"tokio-native-tls","settings":{},"status":"BuildFail","custom_profile":false,"version":"0.3.1","build_errors":"method_name: error: could not compile `risc0-zkvm` (lib) due to 1 previous error\n0/toolchains/v1.88.0-rust-x86_64-unknown-linux-gnu/lib/rustlib/riscv32im-risc0-zkvm-elf/lib/libstd-1ac65f5883ab6d1a.rlib\n  you can set the `OPENSSL_DIR` environment variable for the compilation process. See stderr section below for further information.\n\", \"OPENSSL_NO_EC2M\", \"OPENSSL_NO_OCSP\", \"OPENSSL_NO_CMS\", \"OPENSSL_NO_COMP\", \"OPENSSL_NO_SOCK\", \"OPENSSL_NO_STDIO\", \"OPENSSL_NO_EC\", \"OPENSSL_NO_SSL3_METHOD\", \"OPENSSL_NO_KRB5\", \"OPENSSL_NO_TLSEXT\", \"OPENSSL_NO_SRP\", \"OPENSSL_NO_SRTP\", \"OPENSSL_NO_RFC3779\", \"OPENSSL_NO_SHA\", \"OPENSSL_NO_NEXTPROTONEG\", \"OPENSSL_NO_ENGINE\", \"OPENSSL_NO_BUF_FREELISTS\", \"OPENSSL_NO_RC2\"))\n"},{"name":"tokio-reactor","settings":{},"status":"BuildFail","custom_profile":false,"version":"0.1.12","build_errors":"method_name: error: could not compile `net2` (lib) due to 319 previous errors\n\n, E0432, E0599.\n.39/src/ext.rs:650:1\n2\nown-linux-gnu/lib/rustlib/riscv32im-risc0-zkvm-elf/lib/libstd-1ac65f5883ab6d1a.rlib\n"},{"name":"tokio-retry","settings":{},"status":"BuildFail","custom_profile":false,"version":"0.3.0","build_errors":"method_name: warning: build failed, waiting for other jobs to finish...\nus error\n0/toolchains/v1.88.0-rust-x86_64-unknown-linux-gnu/lib/rustlib/riscv32im-risc0-zkvm-elf/lib/libstd-1ac65f5883ab6d1a.rlib\n"},{"name":"tokio-rustls","settings":{},"status":"BuildFail","custom_profile":false,"version":"0.26.0","build_errors":"method_name: warning: build failed, waiting for other jobs to finish...\n display a backtrace\nsing. Halting build.\"\nys-0.32.3/builder/main.rs:463:40:\n7c15e96f4bd004/build-script-main` (exit status: 101)\n"},{"name":"tokio-stream","settings":{},"status":"Success","custom_profile":false,"version":"0.1.16"},{"name":"tokio-sync","settings":{},"status":"Success","custom_profile":false,"version":"0.1.8"},{"name":"tokio-tcp","settings":{},"status":"BuildFail","custom_profile":false,"version":"0.1.4","build_errors":"method_name: error: could not compile `net2` (lib) due to 319 previous errors\n\n, E0432, E0599.\n.39/src/ext.rs:650:1\n2\nown-linux-gnu/lib/rustlib/riscv32im-risc0-zkvm-elf/lib/libstd-1ac65f5883ab6d1a.rlib\n"},{"name":"tokio-test","settings":{},"status":"Success","custom_profile":false,"version":"0.4.4"},{"name":"tokio-threadpool","settings":{},"status":"Success","custom_profile":false,"version":"0.1.18"},{"name":"tokio-timer","settings":{},"status":"Success","custom_profile":false,"version":"0.2.13"},{"name":"tokio-tungstenite","settings":{},"status":"BuildFail","custom_profile":false,"version":"0.24.0","build_errors":"method_name: error: could not compile `mio` (lib) due to 48 previous errors\n`.\n, E0433, E0599.\n/src/net/udp.rs:762:9\n5:1\ncope\n\n\n57f/socket2-0.6.1/src/sys.rs\" or \"/home/ubuntu/.cargo/registry/src/index.crates.io-1949cf8c6b5b557f/socket2-0.6.1/src/sys/mod.rs\"\n"},{"name":"tokio-util","settings":{},"status":"Success","custom_profile":false,"version":"0.7.12"},{"name":"toml","settings":{"std":true},"status":"Success","custom_profile":true,"version":"0.8.19"},{"name":"toml_datetime","settings":{},"status":"Success","custom_profile":false,"version":"0.6.8"},{"name":"toml_edit","settings":{},"status":"Success","custom_profile":false,"version":"0.22.22"},{"name":"tonic","settings":{},"status":"BuildFail","custom_profile":false,"version":"0.12.3","build_errors":"method_name: error: could not compile `mio` (lib) due to 48 previous errors\n`.\n, E0433, E0599.\n/src/net/udp.rs:762:9\n5:1\ncope\n\n\n57f/socket2-0.6.1/src/sys.rs\" or \"/home/ubuntu/.cargo/registry/src/index.crates.io-1949cf8c6b5b557f/socket2-0.6.1/src/sys/mod.rs\"\n\"\n"},{"name":"tonic-build","settings":{},"status":"BuildFail","custom_profile":false,"version":"0.12.3","build_errors":"method_name: warning: build failed, waiting for other jobs to finish...\nus error\n0/toolchains/v1.88.0-rust-x86_64-unknown-linux-gnu/lib/rustlib/riscv32im-risc0-zkvm-elf/lib/libstd-1ac65f5883ab6d1a.rlib\n"},{"name":"tower","settings":{"std":true},"status":"Success","custom_profile":true,"version":"0.5.1"},{"name":"tower-http","settings":{},"status":"Success","custom_profile":false,"version":"0.6.2"},{"name":"tower-layer","settings":{},"status":"Success","custom_profile":false,"version":"0.3.3"},{"name":"tower-service","settings":{},"status":"Success","custom_profile":false,"version":"0.3.3"},{"name":"tracing","settings":{"std":true},"status":"Success","custom_profile":true,"version":"0.1.41"},{"name":"tracing-appender","settings":{},"status":"BuildFail","custom_profile":false,"version":"0.2.3","build_errors":"method_name: warning: build failed, waiting for other jobs to finish...\nus error\n0/toolchains/v1.88.0-rust-x86_64-unknown-linux-gnu/lib/rustlib/riscv32im-risc0-zkvm-elf/lib/libstd-1ac65f5883ab6d1a.rlib\n"},{"name":"tracing-attributes","settings":{},"status":"Success","custom_profile":false,"version":"0.1.28"},{"name":"tracing-core","settings":{"std":true},"status":"Success","custom_profile":true,"version":"0.1.33"},{"name":"tracing-error","settings":{},"status":"BuildFail","custom_profile":false,"version":"0.2.1","build_errors":"method_name: warning: build failed, waiting for other jobs to finish...\nus error\n0/toolchains/v1.88.0-rust-x86_64-unknown-linux-gnu/lib/rustlib/riscv32im-risc0-zkvm-elf/lib/libstd-1ac65f5883ab6d1a.rlib\n"},{"name":"tracing-futures","settings":{"std":true},"status":"Success","custom_profile":true,"version":"0.2.5"},{"name":"tracing-log","settings":{"std":true},"status":"Success","custom_profile":true,"version":"0.2.0"},{"name":"tracing-opentelemetry","settings":{},"status":"BuildFail","custom_profile":false,"version":"0.28.0","build_errors":"method_name: warning: build failed, waiting for other jobs to finish...\nus error\n0/toolchains/v1.88.0-rust-x86_64-unknown-linux-gnu/lib/rustlib/riscv32im-risc0-zkvm-elf/lib/libstd-1ac65f5883ab6d1a.rlib\n"},{"name":"tracing-serde","settings":{"std":true},"status":"Success","custom_profile":true,"version":"0.2.0"},{"name":"tracing-subscriber","settings":{"std":true},"status":"Success","custom_profile":true,"version":"0.3.19"},{"name":"triomphe","settings":{},"status":"Success","custom_profile":false,"version":"0.1.14"},{"name":"trust-dns-proto","settings":{},"status":"BuildFail","custom_profile":false,"version":"0.23.2","build_errors":"method_name: error: could not compile `mio` (lib) due to 48 previous errors\n`.\n, E0433, E0599.\n/src/net/udp.rs:762:9\n5:1\ncope\n\n\n57f/socket2-0.6.1/src/sys.rs\" or \"/home/ubuntu/.cargo/registry/src/index.crates.io-1949cf8c6b5b557f/socket2-0.6.1/src/sys/mod.rs\"\n"},{"name":"trust-dns-resolver","settings":{},"status":"BuildFail","custom_profile":false,"version":"0.23.2","build_errors":"method_name: error: could not compile `mio` (lib) due to 48 previous errors\n`.\n, E0433, E0599.\n/src/net/udp.rs:762:9\n5:1\ncope\n\n\n57f/socket2-0.6.1/src/sys.rs\" or \"/home/ubuntu/.cargo/registry/src/index.crates.io-1949cf8c6b5b557f/socket2-0.6.1/src/sys/mod.rs\"\n"},{"name":"try-lock","settings":{},"status":"Success","custom_profile":false,"version":"0.2.5"},{"name":"trybuild","settings":{},"status":"BuildFail","custom_profile":false,"version":"1.0.101","build_errors":"method_name: warning: build failed, waiting for other jobs to finish...\nus error\n0/toolchains/v1.88.0-rust-x86_64-unknown-linux-gnu/lib/rustlib/riscv32im-risc0-zkvm-elf/lib/libstd-1ac65f5883ab6d1a.rlib\n"},{"name":"ttf-parser","settings":{},"status":"Success","custom_profile":false,"version":"0.25.1"},{"name":"tungstenite","settings":{"std":true},"status":"Success","custom_profile":true,"version":"0.24.0"},{"name":"twoway","settings":{},"status":"Success","custom_profile":false,"version":"0.2.2"},{"name":"twox-hash","settings":{},"status":"BuildFail","custom_profile":false,"version":"2.0.1","build_errors":"method_name: warning: build failed, waiting for other jobs to finish...\nus error\n0/toolchains/v1.88.0-rust-x86_64-unknown-linux-gnu/lib/rustlib/riscv32im-risc0-zkvm-elf/lib/libstd-1ac65f5883ab6d1a.rlib\n"},{"name":"typed-arena","settings":{},"status":"Success","custom_profile":false,"version":"2.0.2"},{"name":"typed-builder","settings":{},"status":"Success","custom_profile":false,"version":"0.20.0"},{"name":"typenum","settings":{},"status":"Success","custom_profile":false,"version":"1.17.0"},{"name":"ucd-trie","settings":{},"status":"Success","custom_profile":false,"version":"0.1.7"},{"name":"uint","settings":{},"status":"BuildFail","custom_profile":false,"version":"0.10.0","build_errors":"method_name: warning: build failed, waiting for other jobs to finish...\nus error\n0/toolchains/v1.88.0-rust-x86_64-unknown-linux-gnu/lib/rustlib/riscv32im-risc0-zkvm-elf/lib/libstd-1ac65f5883ab6d1a.rlib\n"},{"name":"unarray","settings":{},"status":"Success","custom_profile":false,"version":"0.1.4"},{"name":"uncased","settings":{},"status":"Success","custom_profile":false,"version":"0.9.10"},{"name":"unic-char-property","settings":{},"status":"Success","custom_profile":false,"version":"0.9.0"},{"name":"unic-common","settings":{},"status":"Success","custom_profile":false,"version":"0.9.0"},{"name":"unic-ucd-version","settings":{},"status":"Success","custom_profile":false,"version":"0.9.0"},{"name":"unicase","settings":{},"status":"Success","custom_profile":false,"version":"2.8.0"},{"name":"unicode-bidi","settings":{},"status":"Success","custom_profile":false,"version":"0.3.17"},{"name":"unicode-ident","settings":{},"status":"Success","custom_profile":false,"version":"1.0.14"},{"name":"unicode-linebreak","settings":{},"status":"Success","custom_profile":false,"version":"0.1.5"},{"name":"unicode-normalization","settings":{},"status":"Success","custom_profile":false,"version":"0.1.24"},{"name":"unicode-segmentation","settings":{},"status":"Success","custom_profile":false,"version":"1.12.0"},{"name":"unicode-width","settings":{},"status":"Success","custom_profile":false,"version":"0.2.0"},{"name":"unicode-xid","settings":{},"status":"Success","custom_profile":false,"version":"0.2.6"},{"name":"unicode_categories","settings":{},"status":"Success","custom_profile":false,"version":"0.1.1"},{"name":"unindent","settings":{},"status":"Success","custom_profile":false,"version":"0.2.3"},{"name":"universal-hash","settings":{},"status":"Success","custom_profile":false,"version":"0.6.0-rc.0"},{"name":"unreachable","settings":{},"status":"Success","custom_profile":false,"version":"1.0.0"},{"name":"unsafe-libyaml","settings":{},"status":"Success","custom_profile":false,"version":"0.2.11"},{"name":"unsigned-varint","settings":{},"status":"Success","custom_profile":false,"version":"0.8.0"},{"name":"untrusted","settings":{},"status":"Success","custom_profile":false,"version":"0.9.0"},{"name":"ureq","settings":{},"status":"BuildFail","custom_profile":false,"version":"2.11.0","build_errors":"method_name: warning: build failed, waiting for other jobs to finish...\nully (status code exit status: 1): LC_ALL=\"C\" \"/home/ubuntu/.risc0/toolchains/v2024.1.5-cpp-x86_64-unknown-linux-gnu/riscv32im-linux-x86_64/bin/riscv32-unknown-elf-gcc\" \"-O3\" \"-ffunction-sections\" \"-fdata-sections\" \"-fPIC\" \"-march=rv32im\" \"-mabi=ilp32\" \"-I\" \"/home/ubuntu/.cargo/registry/src/index.crates.io-1949cf8c6b5b557f/ring-0.17.14/include\" \"-I\" \"/home/ubuntu/.cargo/registry/src/index.crates.io-1949cf8c6b5b557f/ring-0.17.14/pregenerated\" \"-fvisibility=hidden\" \"-std=c1x\" \"-Wall\" \"-Wbad-function-cast\" \"-Wcast-align\" \"-Wcast-qual\" \"-Wconversion\" \"-Wmissing-field-initializers\" \"-Wmissing-include-dirs\" \"-Wnested-externs\" \"-Wredundant-decls\" \"-Wshadow\" \"-Wsign-compare\" \"-Wsign-conversion\" \"-Wstrict-prototypes\" \"-Wundef\" \"-Wuninitialized\" \"-g3\" \"-DNDEBUG\" \"-march=rv32im\" \"-nostdlib\" \"-o\" \"/tmp/.tmpfxWbln/template_project/target/riscv-guest/methods/method_name/riscv32im-risc0-zkvm-elf/release/build/ring-7c7dbafe6bef1d76/out/25ac62e5b3c53843-curve25519.o\" \"-c\" \"/home/ubuntu/.cargo/registry/src/index.crates.io-1949cf8c6b5b557f/ring-0.17.14/crypto/curve25519/curve25519.c\"\n"},{"name":"url","settings":{},"status":"BuildFail","custom_profile":false,"version":"2.5.4","build_errors":"method_name: error: could not compile `risc0-zkvm` (lib) due to 1 previous error\n0/toolchains/v1.88.0-rust-x86_64-unknown-linux-gnu/lib/rustlib/riscv32im-risc0-zkvm-elf/lib/libstd-1ac65f5883ab6d1a.rlib\n"},{"name":"urlencoding","settings":{},"status":"Success","custom_profile":false,"version":"2.1.3"},{"name":"utf-8","settings":{},"status":"Success","custom_profile":false,"version":"0.7.6"},{"name":"utf8-ranges","settings":{},"status":"Success","custom_profile":false,"version":"1.0.5"},{"name":"utf8parse","settings":{},"status":"Success","custom_profile":false,"version":"0.2.2"},{"name":"uuid","settings":{},"status":"Success","custom_profile":false,"version":"1.11.0"},{"name":"valuable","settings":{},"status":"Success","custom_profile":false,"version":"0.1.0"},{"name":"value-bag","settings":{},"status":"Success","custom_profile":false,"version":"1.10.0"},{"name":"vcpkg","settings":{},"status":"Success","custom_profile":false,"version":"0.2.15"},{"name":"vec_map","settings":{},"status":"Success","custom_profile":false,"version":"0.8.2"},{"name":"vergen","settings":{},"status":"BuildFail","custom_profile":false,"version":"9.0.2","build_errors":"method_name: warning: build failed, waiting for other jobs to finish...\nus error\n0/toolchains/v1.88.0-rust-x86_64-unknown-linux-gnu/lib/rustlib/riscv32im-risc0-zkvm-elf/lib/libstd-1ac65f5883ab6d1a.rlib\n"},{"name":"version-compare","settings":{},"status":"Success","custom_profile":false,"version":"0.2.0"},{"name":"version_check","settings":{},"status":"Success","custom_profile":false,"version":"0.9.5"},{"name":"void","settings":{},"status":"Success","custom_profile":false,"version":"1.0.2"},{"name":"vsdb","settings":{"patch":"[patch.crates-io]\ncrossbeam = { git = \"https://github.com/risc0/crossbeam\", rev = \"b25eb50f8c193f36dacb6739692261ea96827bb7\" }\ncrossbeam-utils = { git = \"https://github.com/risc0/crossbeam\", rev = \"b25eb50f8c193f36dacb6739692261ea96827bb7\" }\ncrossbeam-channel = { git = \"https://github.com/risc0/crossbeam\", rev = \"b25eb50f8c193f36dacb6739692261ea96827bb7\" }\n"},"status":"BuildFail","custom_profile":true,"version":"3.0.0","build_errors":"method_name: warning: build failed, waiting for other jobs to finish...\nors\n33`.\n sys` to add it to your `Cargo.toml`\n827bb7#b25eb50f)` was not used in the crate graph.\n\n\n"},{"name":"vsdb_derive","settings":{},"status":"Success","custom_profile":false,"version":"0.53.0"},{"name":"vsdbsled","settings":{"patch":"[patch.crates-io]\ncrossbeam = { git = \"https://github.com/risc0/crossbeam\", rev = \"b25eb50f8c193f36dacb6739692261ea96827bb7\" }\ncrossbeam-utils = { git = \"https://github.com/risc0/crossbeam\", rev = \"b25eb50f8c193f36dacb6739692261ea96827bb7\" }\ncrossbeam-channel = { git = \"https://github.com/risc0/crossbeam\", rev = \"b25eb50f8c193f36dacb6739692261ea96827bb7\" }\n"},"status":"BuildFail","custom_profile":true,"version":"0.34.7-p1","build_errors":"method_name: warning: build failed, waiting for other jobs to finish...\nus error\n0/toolchains/v1.88.0-rust-x86_64-unknown-linux-gnu/lib/rustlib/riscv32im-risc0-zkvm-elf/lib/libstd-1ac65f5883ab6d1a.rlib\n"},{"name":"vsimd","settings":{},"status":"Success","custom_profile":false,"version":"0.8.0"},{"name":"vte","settings":{},"status":"Success","custom_profile":false,"version":"0.13.0"},{"name":"wait-timeout","settings":{},"status":"BuildFail","custom_profile":false,"version":"0.2.0","build_errors":"method_name: error: could not compile `wait-timeout` (lib) due to 1 previous error\np` to add it to your `Cargo.toml`\n:9\n"},{"name":"waker-fn","settings":{},"status":"Success","custom_profile":false,"version":"1.2.0"},{"name":"walkdir","settings":{},"status":"Success","custom_profile":false,"version":"2.5.0"},{"name":"want","settings":{},"status":"Success","custom_profile":false,"version":"0.3.1"},{"name":"warp","settings":{},"status":"BuildFail","custom_profile":false,"version":"0.3.7","build_errors":"method_name: error: could not compile `mio` (lib) due to 48 previous errors\n`.\n, E0433, E0599.\n/src/net/udp.rs:762:9\n5:1\ncope\n\n\n57f/socket2-0.5.10/src/sys.rs\" or \"/home/ubuntu/.cargo/registry/src/index.crates.io-1949cf8c6b5b557f/socket2-0.5.10/src/sys/mod.rs\"\n"},{"name":"wasi","settings":{},"status":"Success","custom_profile":false,"version":"0.13.3+wasi-0.2.2"},{"name":"wasm-bindgen","settings":{},"status":"Success","custom_profile":false,"version":"0.2.97"},{"name":"wasm-bindgen-backend","settings":{},"status":"Success","custom_profile":false,"version":"0.2.97"},{"name":"wasm-bindgen-futures","settings":{},"status":"Success","custom_profile":false,"version":"0.4.47"},{"name":"wasm-bindgen-macro","settings":{},"status":"Success","custom_profile":false,"version":"0.2.97"},{"name":"wasm-bindgen-macro-support","settings":{},"status":"Success","custom_profile":false,"version":"0.2.97"},{"name":"wasm-bindgen-shared","settings":{},"status":"Success","custom_profile":false,"version":"0.2.97"},{"name":"wasm-encoder","settings":{},"status":"Success","custom_profile":false,"version":"0.221.2"},{"name":"wasm-streams","settings":{},"status":"Success","custom_profile":false,"version":"0.4.2"},{"name":"wasmparser","settings":{},"status":"Success","custom_profile":false,"version":"0.221.2"},{"name":"wast","settings":{},"status":"Success","custom_profile":false,"version":"221.0.2"},{"name":"web-sys","settings":{},"status":"Success","custom_profile":false,"version":"0.3.74"},{"name":"webpki","settings":{},"status":"BuildFail","custom_profile":false,"version":"0.22.4","build_errors":"method_name: \n error occurred in cc-rs: command did not execute successfully (status code exit status: 1): LC_ALL=\"C\" \"/home/ubuntu/.risc0/toolchains/v2024.1.5-cpp-x86_64-unknown-linux-gnu/riscv32im-linux-x86_64/bin/riscv32-unknown-elf-gcc\" \"-O3\" \"-ffunction-sections\" \"-fdata-sections\" \"-fPIC\" \"-march=rv32im\" \"-mabi=ilp32\" \"-I\" \"/home/ubuntu/.cargo/registry/src/index.crates.io-1949cf8c6b5b557f/ring-0.17.14/include\" \"-I\" \"/home/ubuntu/.cargo/registry/src/index.crates.io-1949cf8c6b5b557f/ring-0.17.14/pregenerated\" \"-fvisibility=hidden\" \"-std=c1x\" \"-Wall\" \"-Wbad-function-cast\" \"-Wcast-align\" \"-Wcast-qual\" \"-Wconversion\" \"-Wmissing-field-initializers\" \"-Wmissing-include-dirs\" \"-Wnested-externs\" \"-Wredundant-decls\" \"-Wshadow\" \"-Wsign-compare\" \"-Wsign-conversion\" \"-Wstrict-prototypes\" \"-Wundef\" \"-Wuninitialized\" \"-g3\" \"-DNDEBUG\" \"-march=rv32im\" \"-nostdlib\" \"-o\" \"/tmp/.tmpfxWbln/template_project/target/riscv-guest/methods/method_name/riscv32im-risc0-zkvm-elf/release/build/ring-c0173eea03b23357/out/25ac62e5b3c53843-curve25519.o\" \"-c\" \"/home/ubuntu/.cargo/registry/src/index.crates.io-1949cf8c6b5b557f/ring-0.17.14/crypto/curve25519/curve25519.c\"\n"},{"name":"webpki-roots","settings":{},"status":"Success","custom_profile":false,"version":"0.26.7"},{"name":"weezl","settings":{},"status":"Success","custom_profile":false,"version":"0.1.8"},{"name":"which","settings":{},"status":"BuildFail","custom_profile":false,"version":"7.0.0","build_errors":"method_name: warning: build failed, waiting for other jobs to finish...\nror\n46`.\n57f/which-7.0.3/src/finder.rs:28:5\n\n"},{"name":"whoami","settings":{},"status":"BuildFail","custom_profile":false,"version":"1.5.2","build_errors":"method_name: error: could not compile `whoami` (lib) due to 2 previous errors\n\nb557f/whoami-1.6.1/src/conversions.rs:19:34\n"},{"name":"widestring","settings":{},"status":"Success","custom_profile":false,"version":"1.1.0"},{"name":"winapi","settings":{},"status":"Success","custom_profile":false,"version":"0.3.9"},{"name":"winapi-build","settings":{},"status":"Success","custom_profile":false,"version":"0.1.1"},{"name":"winapi-i686-pc-windows-gnu","settings":{},"status":"Success","custom_profile":false,"version":"0.4.0"},{"name":"winapi-util","settings":{},"status":"Success","custom_profile":false,"version":"0.1.9"},{"name":"winapi-x86_64-pc-windows-gnu","settings":{},"status":"Success","custom_profile":false,"version":"0.4.0"},{"name":"windows","settings":{},"status":"Success","custom_profile":false,"version":"0.58.0"},{"name":"windows-core","settings":{},"status":"Success","custom_profile":false,"version":"0.58.0"},{"name":"windows-sys","settings":{"skip":true},"status":"Skipped","custom_profile":true,"version":null},{"name":"windows-targets","settings":{},"status":"Success","custom_profile":false,"version":"0.52.6"},{"name":"windows_aarch64_gnullvm","settings":{},"status":"Success","custom_profile":false,"version":"0.52.6"},{"name":"windows_aarch64_msvc","settings":{},"status":"Success","custom_profile":false,"version":"0.52.6"},{"name":"windows_i686_gnu","settings":{},"status":"Success","custom_profile":false,"version":"0.52.6"},{"name":"windows_i686_gnullvm","settings":{},"status":"Success","custom_profile":false,"version":"0.52.6"},{"name":"windows_i686_msvc","settings":{},"status":"Success","custom_profile":false,"version":"0.52.6"},{"name":"windows_x86_64_gnu","settings":{},"status":"Success","custom_profile":false,"version":"0.52.6"},{"name":"windows_x86_64_gnullvm","settings":{},"status":"Success","custom_profile":false,"version":"0.52.6"},{"name":"windows_x86_64_msvc","settings":{},"status":"Success","custom_profile":false,"version":"0.52.6"},{"name":"winnow","settings":{},"status":"Success","custom_profile":false,"version":"0.6.20"},{"name":"winreg","settings":{},"status":"BuildFail","custom_profile":false,"version":"0.52.0","build_errors":"method_name: error: could not compile `windows-sys` (lib) due to 1 previous error\n557f/windows-sys-0.48.0/src/Windows/Win32/System/Diagnostics/Debug/mod.rs:9084:22\n"},{"name":"ws2_32-sys","settings":{},"status":"Success","custom_profile":false,"version":"0.2.1"},{"name":"wyz","settings":{},"status":"Success","custom_profile":false,"version":"0.6.1"},{"name":"x25519-dalek","settings":{},"status":"Success","custom_profile":false,"version":"2.0.1"},{"name":"x509-parser","settings":{},"status":"BuildFail","custom_profile":false,"version":"0.16.0","build_errors":"method_name: warning: build failed, waiting for other jobs to finish...\nus error\n0/toolchains/v1.88.0-rust-x86_64-unknown-linux-gnu/lib/rustlib/riscv32im-risc0-zkvm-elf/lib/libstd-1ac65f5883ab6d1a.rlib\n"},{"name":"xattr","settings":{},"status":"BuildFail","custom_profile":false,"version":"1.3.1","build_errors":"method_name: error: could not compile `xattr` (lib) due to 2 previous errors\n3`.\n.rs:84:1\n1.6.1/src/sys/unsupported.rs:3:14\n"},{"name":"xml-rs","settings":{},"status":"Success","custom_profile":false,"version":"0.8.23"},{"name":"xmlparser","settings":{},"status":"Success","custom_profile":false,"version":"0.13.6"},{"name":"xz2","settings":{},"status":"BuildFail","custom_profile":false,"version":"0.1.7","build_errors":"method_name: \n error occurred in cc-rs: command did not execute successfully (status code exit status: 1): LC_ALL=\"C\" \"/home/ubuntu/.risc0/toolchains/v2024.1.5-cpp-x86_64-unknown-linux-gnu/riscv32im-linux-x86_64/bin/riscv32-unknown-elf-gcc\" \"-O3\" \"-ffunction-sections\" \"-fdata-sections\" \"-fPIC\" \"-march=rv32im\" \"-mabi=ilp32\" \"-I\" \"xz-5.2/src/liblzma/api\" \"-I\" \"xz-5.2/src/liblzma/lzma\" \"-I\" \"xz-5.2/src/liblzma/lz\" \"-I\" \"xz-5.2/src/liblzma/check\" \"-I\" \"xz-5.2/src/liblzma/simple\" \"-I\" \"xz-5.2/src/liblzma/delta\" \"-I\" \"xz-5.2/src/liblzma/common\" \"-I\" \"xz-5.2/src/liblzma/rangecoder\" \"-I\" \"xz-5.2/src/common\" \"-I\" \"/home/ubuntu/.cargo/registry/src/index.crates.io-1949cf8c6b5b557f/lzma-sys-0.1.20\" \"-std=c99\" \"-pthread\" \"-DHAVE_CONFIG_H=1\" \"-march=rv32im\" \"-nostdlib\" \"-o\" \"/tmp/.tmpfxWbln/template_project/target/riscv-guest/methods/method_name/riscv32im-risc0-zkvm-elf/release/build/lzma-sys-f13f199e0534c40e/out/af5978f7ddeedb57-tuklib_cpucores.o\" \"-c\" \"xz-5.2/src/common/tuklib_cpucores.c\"\n"},{"name":"yaml-rust","settings":{},"status":"Success","custom_profile":false,"version":"0.4.5"},{"name":"yansi","settings":{},"status":"Success","custom_profile":false,"version":"1.0.1"},{"name":"yasna","settings":{},"status":"Success","custom_profile":false,"version":"0.5.2"},{"name":"zerocopy","settings":{},"status":"Success","custom_profile":false,"version":"0.8.11"},{"name":"zerocopy-derive","settings":{},"status":"Success","custom_profile":false,"version":"0.8.11"},{"name":"zeroize","settings":{},"status":"Success","custom_profile":false,"version":"1.8.1"},{"name":"zeroize_derive","settings":{},"status":"Success","custom_profile":false,"version":"1.4.2"},{"name":"zip","settings":{"inject-cc-flags":true,"std":true},"status":"BuildFail","custom_profile":true,"version":"2.2.1","build_errors":"method_name: \n error occurred in cc-rs: command did not execute successfully (status code exit status: 1): LC_ALL=\"C\" \"clang\" \"-O3\" \"-ffunction-sections\" \"-fdata-sections\" \"-fPIC\" \"--target=riscv32\" \"-I\" \"zstd/lib/\" \"-I\" \"zstd/lib/common\" \"-fvisibility=hidden\" \"-ffunction-sections\" \"-fdata-sections\" \"-fmerge-all-constants\" \"-DZSTD_LIB_DEPRECATED=0\" \"-DXXH_PRIVATE_API=\" \"-DZSTDLIB_VISIBILITY=\" \"-DZSTDERRORLIB_VISIBILITY=\" \"-target\" \"riscv32-unknown-elf\" \"-o\" \"/tmp/.tmpfxWbln/template_project/target/riscv-guest/methods/method_name/riscv32im-risc0-zkvm-elf/release/build/zstd-sys-0bef63339a793cd5/out/fb80479a5fb81f6a-zstd_compress.o\" \"-c\" \"zstd/lib/compress/zstd_compress.c\"\n.c\"\ncompress_block.c\"cargo:warning=1 error generated.\ndecompress/zstd_decompress_block.c:17:\nst.c:11:\nc:16:\nc:17:\nst.c:11:\nc:16:\nx86.o\" \"-c\" \"xz-5.2/src/liblzma/simple/x86.c\"\n.c\"\n.c\"cargo:warning=In file included from xz-5.2/src/liblzma/simple/x86.c:14:\n/simple/sparc.c:14:\ner.c:13:\nable.c:3:\nder_presets.c:14:\n2:\n.c:14:\n2:\n"},{"name":"zstd","settings":{},"status":"BuildFail","custom_profile":false,"version":"0.13.2","build_errors":"method_name: \n error occurred in cc-rs: command did not execute successfully (status code exit status: 1): LC_ALL=\"C\" \"/home/ubuntu/.risc0/toolchains/v2024.1.5-cpp-x86_64-unknown-linux-gnu/riscv32im-linux-x86_64/bin/riscv32-unknown-elf-gcc\" \"-O3\" \"-ffunction-sections\" \"-fdata-sections\" \"-fPIC\" \"-march=rv32im\" \"-mabi=ilp32\" \"-I\" \"zstd/lib/\" \"-I\" \"zstd/lib/common\" \"-I\" \"zstd/lib/legacy\" \"-fvisibility=hidden\" \"-ffunction-sections\" \"-fdata-sections\" \"-fmerge-all-constants\" \"-DZSTD_LIB_DEPRECATED=0\" \"-DXXH_PRIVATE_API=\" \"-DZSTDLIB_VISIBILITY=\" \"-DZDICTLIB_VISIBILITY=\" \"-DZSTDERRORLIB_VISIBILITY=\" \"-DZSTD_LEGACY_SUPPORT=1\" \"-march=rv32im\" \"-nostdlib\" \"-o\" \"/tmp/.tmpfxWbln/template_project/target/riscv-guest/methods/method_name/riscv32im-risc0-zkvm-elf/release/build/zstd-sys-eb161d76d1b46b1c/out/3f451b2306bc13c8-zstd_v07.o\" \"-c\" \"zstd/lib/legacy/zstd_v07.c\"\n.c\"\nargo:warning=zstd/lib/legacy/zstd_v07.c:556:19: error: conflicting types for 'BITv07_readBits'; have 'size_t(BITv07_DStream_t *, U32)' {aka 'unsigned int(BITv07_DStream_t *, long unsigned int)'}\nlong unsigned int)'}\n"},{"name":"zstd-safe","settings":{},"status":"BuildFail","custom_profile":false,"version":"7.2.1","build_errors":"method_name: \n error occurred in cc-rs: command did not execute successfully (status code exit status: 1): LC_ALL=\"C\" \"/home/ubuntu/.risc0/toolchains/v2024.1.5-cpp-x86_64-unknown-linux-gnu/riscv32im-linux-x86_64/bin/riscv32-unknown-elf-gcc\" \"-O3\" \"-ffunction-sections\" \"-fdata-sections\" \"-fPIC\" \"-march=rv32im\" \"-mabi=ilp32\" \"-I\" \"zstd/lib/\" \"-I\" \"zstd/lib/common\" \"-I\" \"zstd/lib/legacy\" \"-fvisibility=hidden\" \"-ffunction-sections\" \"-fdata-sections\" \"-fmerge-all-constants\" \"-DZSTD_LIB_DEPRECATED=0\" \"-DXXH_PRIVATE_API=\" \"-DZSTDLIB_VISIBILITY=\" \"-DZDICTLIB_VISIBILITY=\" \"-DZSTDERRORLIB_VISIBILITY=\" \"-DZSTD_LEGACY_SUPPORT=1\" \"-march=rv32im\" \"-nostdlib\" \"-o\" \"/tmp/.tmpfxWbln/template_project/target/riscv-guest/methods/method_name/riscv32im-risc0-zkvm-elf/release/build/zstd-sys-f74e2b0b0f649a88/out/3f451b2306bc13c8-zstd_v07.o\" \"-c\" \"zstd/lib/legacy/zstd_v07.c\"\n.c\"\nargo:warning=zstd/lib/legacy/zstd_v07.c:556:19: error: conflicting types for 'BITv07_readBits'; have 'size_t(BITv07_DStream_t *, U32)' {aka 'unsigned int(BITv07_DStream_t *, long unsigned int)'}\nlong unsigned int)'}\n"},{"name":"zstd-sys","settings":{},"status":"BuildFail","custom_profile":false,"version":"2.0.13+zstd.1.5.6","build_errors":"method_name: \n error occurred in cc-rs: command did not execute successfully (status code exit status: 1): LC_ALL=\"C\" \"/home/ubuntu/.risc0/toolchains/v2024.1.5-cpp-x86_64-unknown-linux-gnu/riscv32im-linux-x86_64/bin/riscv32-unknown-elf-gcc\" \"-O3\" \"-ffunction-sections\" \"-fdata-sections\" \"-fPIC\" \"-march=rv32im\" \"-mabi=ilp32\" \"-I\" \"zstd/lib/\" \"-I\" \"zstd/lib/common\" \"-I\" \"zstd/lib/legacy\" \"-fvisibility=hidden\" \"-ffunction-sections\" \"-fdata-sections\" \"-fmerge-all-constants\" \"-DZSTD_LIB_DEPRECATED=0\" \"-DXXH_PRIVATE_API=\" \"-DZSTDLIB_VISIBILITY=\" \"-DZDICTLIB_VISIBILITY=\" \"-DZSTDERRORLIB_VISIBILITY=\" \"-DZSTD_LEGACY_SUPPORT=1\" \"-march=rv32im\" \"-nostdlib\" \"-o\" \"/tmp/.tmpfxWbln/template_project/target/riscv-guest/methods/method_name/riscv32im-risc0-zkvm-elf/release/build/zstd-sys-f7e73907494fb426/out/3f451b2306bc13c8-zstd_v07.o\" \"-c\" \"zstd/lib/legacy/zstd_v07.c\"\n.c\"\nargo:warning=zstd/lib/legacy/zstd_v07.c:556:19: error: conflicting types for 'BITv07_readBits'; have 'size_t(BITv07_DStream_t *, U32)' {aka 'unsigned int(BITv07_DStream_t *, long unsigned int)'}\nlong unsigned int)'}\n"}]